# JRE version: Java(TM) SE Runtime Environment (21.0.10+8) (build 21.0.10+8-LTS-217)
# Java VM: Java HotSpot(TM) 64-Bit Server VM (21.0.10+8-LTS-217, mixed mode, sharing, tiered, compressed oops, compressed class ptrs, g1 gc, windows-amd64)
GC Precious Log:
 CardTable entry size: 512
 Card Set container configuration: InlinePtr #cards 5 size 8 Array Of Cards #cards 12 size 40 Howl #buckets 4 coarsen threshold 1843 Howl Bitmap #cards 512 size 80 coarsen threshold 460 Card regions per heap region 1 cards per card region 2048
 CPUs: 8 total, 8 available
 Memory: 8040M
 Large Page Support: Disabled
 NUMA Support: Disabled
 Compressed Oops: Enabled (32-bit)
 Heap Region Size: 1M
 Heap Min Capacity: 8M
 Heap Initial Capacity: 126M
 Heap Max Capacity: 2012M
 Pre-touch: Disabled
 Parallel Workers: 8
 Concurrent Workers: 2
 Concurrent Refinement Workers: 8
 Periodic GC: Disabled
Heap:
 garbage-first heap   total 238592K, used 163840K [0x0000000082400000, 0x0000000100000000)
  region size 1024K, 57 young (58368K), 10 survivors (10240K)
 Metaspace       used 111328K, committed 112512K, reserved 1179648K
  class space    used 11914K, committed 12480K, reserved 1048576K
GC Heap History (20 events):
Event: 18.307 GC heap before
{Heap before GC invocations=18 (full 0):
 garbage-first heap   total 181248K, used 159599K [0x0000000082400000, 0x0000000100000000)
  region size 1024K, 83 young (84992K), 2 survivors (2048K)
 Metaspace       used 68639K, committed 69696K, reserved 1114112K
  class space    used 8060K, committed 8576K, reserved 1048576K
}
Event: 18.314 GC heap after
{Heap after GC invocations=19 (full 0):
 garbage-first heap   total 181248K, used 80155K [0x0000000082400000, 0x0000000100000000)
  region size 1024K, 6 young (6144K), 6 survivors (6144K)
 Metaspace       used 68639K, committed 69696K, reserved 1114112K
  class space    used 8060K, committed 8576K, reserved 1048576K
}
Event: 20.450 GC heap before
{Heap before GC invocations=19 (full 0):
 garbage-first heap   total 181248K, used 161051K [0x0000000082400000, 0x0000000100000000)
  region size 1024K, 85 young (87040K), 6 survivors (6144K)
 Metaspace       used 78908K, committed 80064K, reserved 1179648K
  class space    used 9169K, committed 9728K, reserved 1048576K
}
Event: 20.468 GC heap after
{Heap after GC invocations=20 (full 0):
 garbage-first heap   total 181248K, used 72704K [0x0000000082400000, 0x0000000100000000)
  region size 1024K, 11 young (11264K), 11 survivors (11264K)
 Metaspace       used 78908K, committed 80064K, reserved 1179648K
  class space    used 9169K, committed 9728K, reserved 1048576K
}
Event: 22.149 GC heap before
{Heap before GC invocations=20 (full 0):
 garbage-first heap   total 181248K, used 133120K [0x0000000082400000, 0x0000000100000000)
  region size 1024K, 71 young (72704K), 11 survivors (11264K)
 Metaspace       used 83419K, committed 84544K, reserved 1179648K
  class space    used 9528K, committed 10048K, reserved 1048576K
}
Event: 22.169 GC heap after
{Heap after GC invocations=21 (full 0):
 garbage-first heap   total 181248K, used 78677K [0x0000000082400000, 0x0000000100000000)
  region size 1024K, 5 young (5120K), 5 survivors (5120K)
 Metaspace       used 83419K, committed 84544K, reserved 1179648K
  class space    used 9528K, committed 10048K, reserved 1048576K
}
Event: 24.248 GC heap before
{Heap before GC invocations=22 (full 0):
 garbage-first heap   total 181248K, used 156501K [0x0000000082400000, 0x0000000100000000)
  region size 1024K, 84 young (86016K), 5 survivors (5120K)
 Metaspace       used 83317K, committed 84480K, reserved 1179648K
  class space    used 9400K, committed 9984K, reserved 1048576K
}
Event: 24.264 GC heap after
{Heap after GC invocations=23 (full 0):
 garbage-first heap   total 181248K, used 80213K [0x0000000082400000, 0x0000000100000000)
  region size 1024K, 11 young (11264K), 11 survivors (11264K)
 Metaspace       used 83317K, committed 84480K, reserved 1179648K
  class space    used 9400K, committed 9984K, reserved 1048576K
}
Event: 26.080 GC heap before
{Heap before GC invocations=23 (full 0):
 garbage-first heap   total 181248K, used 161109K [0x0000000082400000, 0x0000000100000000)
  region size 1024K, 88 young (90112K), 11 survivors (11264K)
 Metaspace       used 86433K, committed 87488K, reserved 1179648K
  class space    used 9785K, committed 10304K, reserved 1048576K
}
Event: 26.096 GC heap after
{Heap after GC invocations=24 (full 0):
 garbage-first heap   total 181248K, used 82930K [0x0000000082400000, 0x0000000100000000)
  region size 1024K, 9 young (9216K), 9 survivors (9216K)
 Metaspace       used 86433K, committed 87488K, reserved 1179648K
  class space    used 9785K, committed 10304K, reserved 1048576K
}
Event: 28.034 GC heap before
{Heap before GC invocations=24 (full 0):
 garbage-first heap   total 181248K, used 161778K [0x0000000082400000, 0x0000000100000000)
  region size 1024K, 86 young (88064K), 9 survivors (9216K)
 Metaspace       used 96787K, committed 97920K, reserved 1179648K
  class space    used 10747K, committed 11264K, reserved 1048576K
}
Event: 28.052 GC heap after
{Heap after GC invocations=25 (full 0):
 garbage-first heap   total 181248K, used 88387K [0x0000000082400000, 0x0000000100000000)
  region size 1024K, 10 young (10240K), 10 survivors (10240K)
 Metaspace       used 96787K, committed 97920K, reserved 1179648K
  class space    used 10747K, committed 11264K, reserved 1048576K
}
Event: 29.759 GC heap before
{Heap before GC invocations=26 (full 0):
 garbage-first heap   total 181248K, used 158019K [0x0000000082400000, 0x0000000100000000)
  region size 1024K, 80 young (81920K), 10 survivors (10240K)
 Metaspace       used 106170K, committed 107328K, reserved 1179648K
  class space    used 11536K, committed 12096K, reserved 1048576K
}
Event: 29.773 GC heap after
{Heap after GC invocations=27 (full 0):
 garbage-first heap   total 181248K, used 86870K [0x0000000082400000, 0x0000000100000000)
  region size 1024K, 8 young (8192K), 8 survivors (8192K)
 Metaspace       used 106170K, committed 107328K, reserved 1179648K
  class space    used 11536K, committed 12096K, reserved 1048576K
}
Event: 31.173 GC heap before
{Heap before GC invocations=27 (full 0):
 garbage-first heap   total 181248K, used 162646K [0x0000000082400000, 0x0000000100000000)
  region size 1024K, 82 young (83968K), 8 survivors (8192K)
 Metaspace       used 109475K, committed 110656K, reserved 1179648K
  class space    used 11721K, committed 12288K, reserved 1048576K
}
Event: 31.190 GC heap after
{Heap after GC invocations=28 (full 0):
 garbage-first heap   total 181248K, used 89010K [0x0000000082400000, 0x0000000100000000)
  region size 1024K, 8 young (8192K), 8 survivors (8192K)
 Metaspace       used 109475K, committed 110656K, reserved 1179648K
  class space    used 11721K, committed 12288K, reserved 1048576K
}
Event: 31.494 GC heap before
{Heap before GC invocations=28 (full 0):
 garbage-first heap   total 181248K, used 104370K [0x0000000082400000, 0x0000000100000000)
  region size 1024K, 24 young (24576K), 8 survivors (8192K)
 Metaspace       used 109762K, committed 110912K, reserved 1179648K
  class space    used 11743K, committed 12288K, reserved 1048576K
}
Event: 31.503 GC heap after
{Heap after GC invocations=29 (full 0):
 garbage-first heap   total 181248K, used 90451K [0x0000000082400000, 0x0000000100000000)
  region size 1024K, 6 young (6144K), 6 survivors (6144K)
 Metaspace       used 109762K, committed 110912K, reserved 1179648K
  class space    used 11743K, committed 12288K, reserved 1048576K
}
Event: 32.556 GC heap before
{Heap before GC invocations=30 (full 0):
 garbage-first heap   total 181248K, used 169299K [0x0000000082400000, 0x0000000100000000)
  region size 1024K, 78 young (79872K), 6 survivors (6144K)
 Metaspace       used 109807K, committed 110976K, reserved 1179648K
  class space    used 11743K, committed 12288K, reserved 1048576K
}
Event: 32.580 GC heap after
{Heap after GC invocations=31 (full 0):
 garbage-first heap   total 238592K, used 117760K [0x0000000082400000, 0x0000000100000000)
  region size 1024K, 10 young (10240K), 10 survivors (10240K)
 Metaspace       used 109807K, committed 110976K, reserved 1179648K
  class space    used 11743K, committed 12288K, reserved 1048576K
}

