# JRE version: Java(TM) SE Runtime Environment (21.0.10+8) (build 21.0.10+8-LTS-217)
# Java VM: Java HotSpot(TM) 64-Bit Server VM (21.0.10+8-LTS-217, mixed mode, sharing, tiered, compressed oops, compressed class ptrs, g1 gc, windows-amd64)
GC Precious Log:
 CardTable entry size: 512
 Card Set container configuration: InlinePtr #cards 5 size 8 Array Of Cards #cards 12 size 40 Howl #buckets 4 coarsen threshold 1843 Howl Bitmap #cards 512 size 80 coarsen threshold 460 Card regions per heap region 1 cards per card region 2048
 CPUs: 8 total, 8 available
 Memory: 8040M
 Large Page Support: Disabled
 NUMA Support: Disabled
 Compressed Oops: Enabled (32-bit)
 Heap Region Size: 1M
 Heap Min Capacity: 8M
 Heap Initial Capacity: 126M
 Heap Max Capacity: 2012M
 Pre-touch: Disabled
 Parallel Workers: 8
 Concurrent Workers: 2
 Concurrent Refinement Workers: 8
 Periodic GC: Disabled
Heap:
 garbage-first heap   total 78848K, used 48472K [0x0000000082400000, 0x0000000100000000)
  region size 1024K, 15 young (15360K), 3 survivors (3072K)
 Metaspace       used 74422K, committed 75136K, reserved 1179648K
  class space    used 9864K, committed 10176K, reserved 1048576K
GC Heap History (20 events):
Event: 3.661 GC heap before
{Heap before GC invocations=5 (full 0):
 garbage-first heap   total 65536K, used 49717K [0x0000000082400000, 0x0000000100000000)
  region size 1024K, 38 young (38912K), 6 survivors (6144K)
 Metaspace       used 29058K, committed 29440K, reserved 1114112K
  class space    used 3670K, committed 3840K, reserved 1048576K
}
Event: 3.669 GC heap after
{Heap after GC invocations=6 (full 0):
 garbage-first heap   total 65536K, used 18125K [0x0000000082400000, 0x0000000100000000)
  region size 1024K, 3 young (3072K), 3 survivors (3072K)
 Metaspace       used 29058K, committed 29440K, reserved 1114112K
  class space    used 3670K, committed 3840K, reserved 1048576K
}
Event: 4.554 GC heap before
{Heap before GC invocations=6 (full 0):
 garbage-first heap   total 65536K, used 48845K [0x0000000082400000, 0x0000000100000000)
  region size 1024K, 34 young (34816K), 3 survivors (3072K)
 Metaspace       used 33029K, committed 33408K, reserved 1114112K
  class space    used 4099K, committed 4288K, reserved 1048576K
}
Event: 4.562 GC heap after
{Heap after GC invocations=7 (full 0):
 garbage-first heap   total 65536K, used 22769K [0x0000000082400000, 0x0000000100000000)
  region size 1024K, 5 young (5120K), 5 survivors (5120K)
 Metaspace       used 33029K, committed 33408K, reserved 1114112K
  class space    used 4099K, committed 4288K, reserved 1048576K
}
Event: 5.074 GC heap before
{Heap before GC invocations=7 (full 0):
 garbage-first heap   total 65536K, used 51441K [0x0000000082400000, 0x0000000100000000)
  region size 1024K, 33 young (33792K), 5 survivors (5120K)
 Metaspace       used 34969K, committed 35392K, reserved 1114112K
  class space    used 4319K, committed 4544K, reserved 1048576K
}
Event: 5.085 GC heap after
{Heap after GC invocations=8 (full 0):
 garbage-first heap   total 65536K, used 25469K [0x0000000082400000, 0x0000000100000000)
  region size 1024K, 3 young (3072K), 3 survivors (3072K)
 Metaspace       used 34969K, committed 35392K, reserved 1114112K
  class space    used 4319K, committed 4544K, reserved 1048576K
}
Event: 5.244 GC heap before
{Heap before GC invocations=8 (full 0):
 garbage-first heap   total 65536K, used 30589K [0x0000000082400000, 0x0000000100000000)
  region size 1024K, 9 young (9216K), 3 survivors (3072K)
 Metaspace       used 35937K, committed 36288K, reserved 1114112K
  class space    used 4492K, committed 4672K, reserved 1048576K
}
Event: 5.249 GC heap after
{Heap after GC invocations=9 (full 0):
 garbage-first heap   total 65536K, used 25979K [0x0000000082400000, 0x0000000100000000)
  region size 1024K, 1 young (1024K), 1 survivors (1024K)
 Metaspace       used 35937K, committed 36288K, reserved 1114112K
  class space    used 4492K, committed 4672K, reserved 1048576K
}
Event: 6.088 GC heap before
{Heap before GC invocations=10 (full 0):
 garbage-first heap   total 65536K, used 54651K [0x0000000082400000, 0x0000000100000000)
  region size 1024K, 29 young (29696K), 1 survivors (1024K)
 Metaspace       used 39583K, committed 40064K, reserved 1114112K
  class space    used 5042K, committed 5248K, reserved 1048576K
}
Event: 6.093 GC heap after
{Heap after GC invocations=11 (full 0):
 garbage-first heap   total 78848K, used 28091K [0x0000000082400000, 0x0000000100000000)
  region size 1024K, 3 young (3072K), 3 survivors (3072K)
 Metaspace       used 39583K, committed 40064K, reserved 1114112K
  class space    used 5042K, committed 5248K, reserved 1048576K
}
Event: 7.105 GC heap before
{Heap before GC invocations=11 (full 0):
 garbage-first heap   total 78848K, used 67003K [0x0000000082400000, 0x0000000100000000)
  region size 1024K, 41 young (41984K), 3 survivors (3072K)
 Metaspace       used 44803K, committed 45312K, reserved 1114112K
  class space    used 5729K, committed 5952K, reserved 1048576K
}
Event: 7.116 GC heap after
{Heap after GC invocations=12 (full 0):
 garbage-first heap   total 78848K, used 30425K [0x0000000082400000, 0x0000000100000000)
  region size 1024K, 6 young (6144K), 6 survivors (6144K)
 Metaspace       used 44803K, committed 45312K, reserved 1114112K
  class space    used 5729K, committed 5952K, reserved 1048576K
}
Event: 8.436 GC heap before
{Heap before GC invocations=12 (full 0):
 garbage-first heap   total 78848K, used 66265K [0x0000000082400000, 0x0000000100000000)
  region size 1024K, 41 young (41984K), 6 survivors (6144K)
 Metaspace       used 52219K, committed 52736K, reserved 1114112K
  class space    used 6734K, committed 6976K, reserved 1048576K
}
Event: 8.448 GC heap after
{Heap after GC invocations=13 (full 0):
 garbage-first heap   total 78848K, used 32289K [0x0000000082400000, 0x0000000100000000)
  region size 1024K, 5 young (5120K), 5 survivors (5120K)
 Metaspace       used 52219K, committed 52736K, reserved 1114112K
  class space    used 6734K, committed 6976K, reserved 1048576K
}
Event: 9.753 GC heap before
{Heap before GC invocations=13 (full 0):
 garbage-first heap   total 78848K, used 58913K [0x0000000082400000, 0x0000000100000000)
  region size 1024K, 32 young (32768K), 5 survivors (5120K)
 Metaspace       used 60244K, committed 60736K, reserved 1114112K
  class space    used 7783K, committed 8000K, reserved 1048576K
}
Event: 9.762 GC heap after
{Heap after GC invocations=14 (full 0):
 garbage-first heap   total 78848K, used 34532K [0x0000000082400000, 0x0000000100000000)
  region size 1024K, 4 young (4096K), 4 survivors (4096K)
 Metaspace       used 60244K, committed 60736K, reserved 1114112K
  class space    used 7783K, committed 8000K, reserved 1048576K
}
Event: 12.865 GC heap before
{Heap before GC invocations=15 (full 0):
 garbage-first heap   total 78848K, used 69348K [0x0000000082400000, 0x0000000100000000)
  region size 1024K, 38 young (38912K), 4 survivors (4096K)
 Metaspace       used 68292K, committed 68864K, reserved 1114112K
  class space    used 8902K, committed 9152K, reserved 1048576K
}
Event: 12.874 GC heap after
{Heap after GC invocations=16 (full 0):
 garbage-first heap   total 78848K, used 36846K [0x0000000082400000, 0x0000000100000000)
  region size 1024K, 4 young (4096K), 4 survivors (4096K)
 Metaspace       used 68292K, committed 68864K, reserved 1114112K
  class space    used 8902K, committed 9152K, reserved 1048576K
}
Event: 15.409 GC heap before
{Heap before GC invocations=16 (full 0):
 garbage-first heap   total 78848K, used 69614K [0x0000000082400000, 0x0000000100000000)
  region size 1024K, 36 young (36864K), 4 survivors (4096K)
 Metaspace       used 72206K, committed 72832K, reserved 1114112K
  class space    used 9539K, committed 9856K, reserved 1048576K
}
Event: 15.417 GC heap after
{Heap after GC invocations=17 (full 0):
 garbage-first heap   total 78848K, used 37208K [0x0000000082400000, 0x0000000100000000)
  region size 1024K, 3 young (3072K), 3 survivors (3072K)
 Metaspace       used 72206K, committed 72832K, reserved 1114112K
  class space    used 9539K, committed 9856K, reserved 1048576K
}

