# JRE version: Java(TM) SE Runtime Environment (21.0.10+8) (build 21.0.10+8-LTS-217)
# Java VM: Java HotSpot(TM) 64-Bit Server VM (21.0.10+8-LTS-217, mixed mode, sharing, tiered, compressed oops, compressed class ptrs, g1 gc, windows-amd64)
GC Precious Log:
 CardTable entry size: 512
 Card Set container configuration: InlinePtr #cards 5 size 8 Array Of Cards #cards 12 size 40 Howl #buckets 4 coarsen threshold 1843 Howl Bitmap #cards 512 size 80 coarsen threshold 460 Card regions per heap region 1 cards per card region 2048
 CPUs: 8 total, 8 available
 Memory: 8040M
 Large Page Support: Disabled
 NUMA Support: Disabled
 Compressed Oops: Enabled (32-bit)
 Heap Region Size: 1M
 Heap Min Capacity: 8M
 Heap Initial Capacity: 126M
 Heap Max Capacity: 2012M
 Pre-touch: Disabled
 Parallel Workers: 8
 Concurrent Workers: 2
 Concurrent Refinement Workers: 8
 Periodic GC: Disabled
Heap:
 garbage-first heap   total 73728K, used 50433K [0x0000000082400000, 0x0000000100000000)
  region size 1024K, 26 young (26624K), 4 survivors (4096K)
 Metaspace       used 42583K, committed 43072K, reserved 1114112K
  class space    used 5434K, committed 5632K, reserved 1048576K
GC Heap History (18 events):
Event: 0.701 GC heap before
{Heap before GC invocations=0 (full 0):
 garbage-first heap   total 129024K, used 23552K [0x0000000082400000, 0x0000000100000000)
  region size 1024K, 23 young (23552K), 0 survivors (0K)
 Metaspace       used 3977K, committed 4096K, reserved 1114112K
  class space    used 430K, committed 448K, reserved 1048576K
}
Event: 0.710 GC heap after
{Heap after GC invocations=1 (full 0):
 garbage-first heap   total 129024K, used 10869K [0x0000000082400000, 0x0000000100000000)
  region size 1024K, 3 young (3072K), 3 survivors (3072K)
 Metaspace       used 3977K, committed 4096K, reserved 1114112K
  class space    used 430K, committed 448K, reserved 1048576K
}
Event: 1.622 GC heap before
{Heap before GC invocations=1 (full 0):
 garbage-first heap   total 129024K, used 34421K [0x0000000082400000, 0x0000000100000000)
  region size 1024K, 26 young (26624K), 3 survivors (3072K)
 Metaspace       used 10092K, committed 10368K, reserved 1114112K
  class space    used 1188K, committed 1344K, reserved 1048576K
}
Event: 1.629 GC heap after
{Heap after GC invocations=2 (full 0):
 garbage-first heap   total 129024K, used 13013K [0x0000000082400000, 0x0000000100000000)
  region size 1024K, 2 young (2048K), 2 survivors (2048K)
 Metaspace       used 10092K, committed 10368K, reserved 1114112K
  class space    used 1188K, committed 1344K, reserved 1048576K
}
Event: 3.795 GC heap before
{Heap before GC invocations=2 (full 0):
 garbage-first heap   total 129024K, used 56021K [0x0000000082400000, 0x0000000100000000)
  region size 1024K, 45 young (46080K), 2 survivors (2048K)
 Metaspace       used 19898K, committed 20224K, reserved 1114112K
  class space    used 2665K, committed 2816K, reserved 1048576K
}
Event: 3.801 GC heap after
{Heap after GC invocations=3 (full 0):
 garbage-first heap   total 129024K, used 16295K [0x0000000082400000, 0x0000000100000000)
  region size 1024K, 6 young (6144K), 6 survivors (6144K)
 Metaspace       used 19898K, committed 20224K, reserved 1114112K
  class space    used 2665K, committed 2816K, reserved 1048576K
}
Event: 3.893 GC heap before
{Heap before GC invocations=3 (full 0):
 garbage-first heap   total 129024K, used 20391K [0x0000000082400000, 0x0000000100000000)
  region size 1024K, 12 young (12288K), 6 survivors (6144K)
 Metaspace       used 21184K, committed 21504K, reserved 1114112K
  class space    used 2776K, committed 2944K, reserved 1048576K
}
Event: 3.897 GC heap after
{Heap after GC invocations=4 (full 0):
 garbage-first heap   total 129024K, used 16308K [0x0000000082400000, 0x0000000100000000)
  region size 1024K, 6 young (6144K), 6 survivors (6144K)
 Metaspace       used 21184K, committed 21504K, reserved 1114112K
  class space    used 2776K, committed 2944K, reserved 1048576K
}
Event: 4.460 GC heap before
{Heap before GC invocations=5 (full 0):
 garbage-first heap   total 61440K, used 47028K [0x0000000082400000, 0x0000000100000000)
  region size 1024K, 36 young (36864K), 6 survivors (6144K)
 Metaspace       used 28452K, committed 28864K, reserved 1114112K
  class space    used 3584K, committed 3776K, reserved 1048576K
}
Event: 4.467 GC heap after
{Heap after GC invocations=6 (full 0):
 garbage-first heap   total 61440K, used 18005K [0x0000000082400000, 0x0000000100000000)
  region size 1024K, 2 young (2048K), 2 survivors (2048K)
 Metaspace       used 28452K, committed 28864K, reserved 1114112K
  class space    used 3584K, committed 3776K, reserved 1048576K
}
Event: 6.532 GC heap before
{Heap before GC invocations=6 (full 0):
 garbage-first heap   total 61440K, used 46677K [0x0000000082400000, 0x0000000100000000)
  region size 1024K, 31 young (31744K), 2 survivors (2048K)
 Metaspace       used 32029K, committed 32448K, reserved 1114112K
  class space    used 4018K, committed 4224K, reserved 1048576K
}
Event: 6.537 GC heap after
{Heap after GC invocations=7 (full 0):
 garbage-first heap   total 61440K, used 22034K [0x0000000082400000, 0x0000000100000000)
  region size 1024K, 4 young (4096K), 4 survivors (4096K)
 Metaspace       used 32029K, committed 32448K, reserved 1114112K
  class space    used 4018K, committed 4224K, reserved 1048576K
}
Event: 6.969 GC heap before
{Heap before GC invocations=7 (full 0):
 garbage-first heap   total 61440K, used 47634K [0x0000000082400000, 0x0000000100000000)
  region size 1024K, 30 young (30720K), 4 survivors (4096K)
 Metaspace       used 34580K, committed 35008K, reserved 1114112K
  class space    used 4272K, committed 4480K, reserved 1048576K
}
Event: 6.976 GC heap after
{Heap after GC invocations=8 (full 0):
 garbage-first heap   total 61440K, used 25306K [0x0000000082400000, 0x0000000100000000)
  region size 1024K, 3 young (3072K), 3 survivors (3072K)
 Metaspace       used 34580K, committed 35008K, reserved 1114112K
  class space    used 4272K, committed 4480K, reserved 1048576K
}
Event: 7.313 GC heap before
{Heap before GC invocations=8 (full 0):
 garbage-first heap   total 61440K, used 38618K [0x0000000082400000, 0x0000000100000000)
  region size 1024K, 17 young (17408K), 3 survivors (3072K)
 Metaspace       used 35738K, committed 36096K, reserved 1114112K
  class space    used 4444K, committed 4608K, reserved 1048576K
}
Event: 7.317 GC heap after
{Heap after GC invocations=9 (full 0):
 garbage-first heap   total 73728K, used 26329K [0x0000000082400000, 0x0000000100000000)
  region size 1024K, 1 young (1024K), 1 survivors (1024K)
 Metaspace       used 35738K, committed 36096K, reserved 1114112K
  class space    used 4444K, committed 4608K, reserved 1048576K
}
Event: 8.125 GC heap before
{Heap before GC invocations=10 (full 0):
 garbage-first heap   total 73728K, used 62169K [0x0000000082400000, 0x0000000100000000)
  region size 1024K, 36 young (36864K), 1 survivors (1024K)
 Metaspace       used 39927K, committed 40384K, reserved 1114112K
  class space    used 5106K, committed 5312K, reserved 1048576K
}
Event: 8.134 GC heap after
{Heap after GC invocations=11 (full 0):
 garbage-first heap   total 73728K, used 28929K [0x0000000082400000, 0x0000000100000000)
  region size 1024K, 4 young (4096K), 4 survivors (4096K)
 Metaspace       used 39927K, committed 40384K, reserved 1114112K
  class space    used 5106K, committed 5312K, reserved 1048576K
}

