# JRE version: Java(TM) SE Runtime Environment (21.0.10+8) (build 21.0.10+8-LTS-217)
# Java VM: Java HotSpot(TM) 64-Bit Server VM (21.0.10+8-LTS-217, mixed mode, sharing, tiered, compressed oops, compressed class ptrs, g1 gc, windows-amd64)
GC Precious Log:
 CardTable entry size: 512
 Card Set container configuration: InlinePtr #cards 5 size 8 Array Of Cards #cards 12 size 40 Howl #buckets 4 coarsen threshold 1843 Howl Bitmap #cards 512 size 80 coarsen threshold 460 Card regions per heap region 1 cards per card region 2048
 CPUs: 8 total, 8 available
 Memory: 8040M
 Large Page Support: Disabled
 NUMA Support: Disabled
 Compressed Oops: Enabled (32-bit)
 Heap Region Size: 1M
 Heap Min Capacity: 8M
 Heap Initial Capacity: 8M
 Heap Max Capacity: 256M
 Pre-touch: Disabled
 Parallel Workers: 8
 Concurrent Workers: 2
 Concurrent Refinement Workers: 8
 Periodic GC: Disabled
Heap:
 garbage-first heap   total 61440K, used 41890K [0x00000000f0000000, 0x0000000100000000)
  region size 1024K, 11 young (11264K), 2 survivors (2048K)
 Metaspace       used 10604K, committed 10880K, reserved 1114112K
  class space    used 1126K, committed 1280K, reserved 1048576K
GC Heap History (20 events):
Event: 1.130 GC heap before
{Heap before GC invocations=6 (full 0):
 garbage-first heap   total 15360K, used 8907K [0x00000000f0000000, 0x0000000100000000)
  region size 1024K, 2 young (2048K), 1 survivors (1024K)
 Metaspace       used 2525K, committed 2624K, reserved 1114112K
  class space    used 280K, committed 320K, reserved 1048576K
}
Event: 1.133 GC heap after
{Heap after GC invocations=7 (full 0):
 garbage-first heap   total 15360K, used 8325K [0x00000000f0000000, 0x0000000100000000)
  region size 1024K, 1 young (1024K), 1 survivors (1024K)
 Metaspace       used 2525K, committed 2624K, reserved 1114112K
  class space    used 280K, committed 320K, reserved 1048576K
}
Event: 1.176 GC heap before
{Heap before GC invocations=7 (full 0):
 garbage-first heap   total 15360K, used 8325K [0x00000000f0000000, 0x0000000100000000)
  region size 1024K, 2 young (2048K), 1 survivors (1024K)
 Metaspace       used 2745K, committed 2880K, reserved 1114112K
  class space    used 311K, committed 384K, reserved 1048576K
}
Event: 1.179 GC heap after
{Heap after GC invocations=8 (full 0):
 garbage-first heap   total 44032K, used 8329K [0x00000000f0000000, 0x0000000100000000)
  region size 1024K, 1 young (1024K), 1 survivors (1024K)
 Metaspace       used 2745K, committed 2880K, reserved 1114112K
  class space    used 311K, committed 384K, reserved 1048576K
}
Event: 1.614 GC heap before
{Heap before GC invocations=8 (full 0):
 garbage-first heap   total 44032K, used 24713K [0x00000000f0000000, 0x0000000100000000)
  region size 1024K, 14 young (14336K), 1 survivors (1024K)
 Metaspace       used 3199K, committed 3392K, reserved 1114112K
  class space    used 343K, committed 448K, reserved 1048576K
}
Event: 1.621 GC heap after
{Heap after GC invocations=9 (full 0):
 garbage-first heap   total 44032K, used 15828K [0x00000000f0000000, 0x0000000100000000)
  region size 1024K, 2 young (2048K), 2 survivors (2048K)
 Metaspace       used 3199K, committed 3392K, reserved 1114112K
  class space    used 343K, committed 448K, reserved 1048576K
}
Event: 2.441 GC heap before
{Heap before GC invocations=9 (full 0):
 garbage-first heap   total 44032K, used 26068K [0x00000000f0000000, 0x0000000100000000)
  region size 1024K, 13 young (13312K), 2 survivors (2048K)
 Metaspace       used 9179K, committed 9344K, reserved 1114112K
  class space    used 1006K, committed 1088K, reserved 1048576K
}
Event: 2.448 GC heap after
{Heap after GC invocations=10 (full 0):
 garbage-first heap   total 44032K, used 18432K [0x00000000f0000000, 0x0000000100000000)
  region size 1024K, 2 young (2048K), 2 survivors (2048K)
 Metaspace       used 9179K, committed 9344K, reserved 1114112K
  class space    used 1006K, committed 1088K, reserved 1048576K
}
Event: 2.522 GC heap before
{Heap before GC invocations=10 (full 0):
 garbage-first heap   total 44032K, used 29696K [0x00000000f0000000, 0x0000000100000000)
  region size 1024K, 13 young (13312K), 2 survivors (2048K)
 Metaspace       used 9245K, committed 9408K, reserved 1114112K
  class space    used 1006K, committed 1088K, reserved 1048576K
}
Event: 2.527 GC heap after
{Heap after GC invocations=11 (full 0):
 garbage-first heap   total 44032K, used 23010K [0x00000000f0000000, 0x0000000100000000)
  region size 1024K, 2 young (2048K), 2 survivors (2048K)
 Metaspace       used 9245K, committed 9408K, reserved 1114112K
  class space    used 1006K, committed 1088K, reserved 1048576K
}
Event: 2.592 GC heap before
{Heap before GC invocations=11 (full 0):
 garbage-first heap   total 44032K, used 32226K [0x00000000f0000000, 0x0000000100000000)
  region size 1024K, 11 young (11264K), 2 survivors (2048K)
 Metaspace       used 9265K, committed 9472K, reserved 1114112K
  class space    used 1006K, committed 1088K, reserved 1048576K
}
Event: 2.596 GC heap after
{Heap after GC invocations=12 (full 0):
 garbage-first heap   total 44032K, used 25877K [0x00000000f0000000, 0x0000000100000000)
  region size 1024K, 2 young (2048K), 2 survivors (2048K)
 Metaspace       used 9265K, committed 9472K, reserved 1114112K
  class space    used 1006K, committed 1088K, reserved 1048576K
}
Event: 2.674 GC heap before
{Heap before GC invocations=13 (full 0):
 garbage-first heap   total 45056K, used 32021K [0x00000000f0000000, 0x0000000100000000)
  region size 1024K, 10 young (10240K), 2 survivors (2048K)
 Metaspace       used 9280K, committed 9472K, reserved 1114112K
  class space    used 1006K, committed 1088K, reserved 1048576K
}
Event: 2.677 GC heap after
{Heap after GC invocations=14 (full 0):
 garbage-first heap   total 45056K, used 27648K [0x00000000f0000000, 0x0000000100000000)
  region size 1024K, 2 young (2048K), 2 survivors (2048K)
 Metaspace       used 9280K, committed 9472K, reserved 1114112K
  class space    used 1006K, committed 1088K, reserved 1048576K
}
Event: 2.743 GC heap before
{Heap before GC invocations=14 (full 0):
 garbage-first heap   total 45056K, used 35840K [0x00000000f0000000, 0x0000000100000000)
  region size 1024K, 10 young (10240K), 2 survivors (2048K)
 Metaspace       used 9299K, committed 9472K, reserved 1114112K
  class space    used 1006K, committed 1088K, reserved 1048576K
}
Event: 2.747 GC heap after
{Heap after GC invocations=15 (full 0):
 garbage-first heap   total 45056K, used 29260K [0x00000000f0000000, 0x0000000100000000)
  region size 1024K, 2 young (2048K), 2 survivors (2048K)
 Metaspace       used 9299K, committed 9472K, reserved 1114112K
  class space    used 1006K, committed 1088K, reserved 1048576K
}
Event: 2.803 GC heap before
{Heap before GC invocations=15 (full 0):
 garbage-first heap   total 45056K, used 35404K [0x00000000f0000000, 0x0000000100000000)
  region size 1024K, 9 young (9216K), 2 survivors (2048K)
 Metaspace       used 9313K, committed 9472K, reserved 1114112K
  class space    used 1006K, committed 1088K, reserved 1048576K
}
Event: 2.807 GC heap after
{Heap after GC invocations=16 (full 0):
 garbage-first heap   total 61440K, used 31612K [0x00000000f0000000, 0x0000000100000000)
  region size 1024K, 2 young (2048K), 2 survivors (2048K)
 Metaspace       used 9313K, committed 9472K, reserved 1114112K
  class space    used 1006K, committed 1088K, reserved 1048576K
}
Event: 3.234 GC heap before
{Heap before GC invocations=17 (full 0):
 garbage-first heap   total 61440K, used 41852K [0x00000000f0000000, 0x0000000100000000)
  region size 1024K, 16 young (16384K), 2 survivors (2048K)
 Metaspace       used 9930K, committed 10112K, reserved 1114112K
  class space    used 1076K, committed 1152K, reserved 1048576K
}
Event: 3.241 GC heap after
{Heap after GC invocations=18 (full 0):
 garbage-first heap   total 61440K, used 32674K [0x00000000f0000000, 0x0000000100000000)
  region size 1024K, 2 young (2048K), 2 survivors (2048K)
 Metaspace       used 9930K, committed 10112K, reserved 1114112K
  class space    used 1076K, committed 1152K, reserved 1048576K
}

