# JRE version: Java(TM) SE Runtime Environment (21.0.10+8) (build 21.0.10+8-LTS-217)
# Java VM: Java HotSpot(TM) 64-Bit Server VM (21.0.10+8-LTS-217, mixed mode, sharing, tiered, compressed oops, compressed class ptrs, g1 gc, windows-amd64)
GC Precious Log:
 CardTable entry size: 512
 Card Set container configuration: InlinePtr #cards 5 size 8 Array Of Cards #cards 12 size 40 Howl #buckets 4 coarsen threshold 1843 Howl Bitmap #cards 512 size 80 coarsen threshold 460 Card regions per heap region 1 cards per card region 2048
 CPUs: 8 total, 8 available
 Memory: 8040M
 Large Page Support: Disabled
 NUMA Support: Disabled
 Compressed Oops: Enabled (32-bit)
 Heap Region Size: 1M
 Heap Min Capacity: 8M
 Heap Initial Capacity: 126M
 Heap Max Capacity: 2012M
 Pre-touch: Disabled
 Parallel Workers: 8
 Concurrent Workers: 2
 Concurrent Refinement Workers: 8
 Periodic GC: Disabled
Heap:
 garbage-first heap   total 209920K, used 163677K [0x0000000082400000, 0x0000000100000000)
  region size 1024K, 62 young (63488K), 10 survivors (10240K)
 Metaspace       used 148877K, committed 150208K, reserved 1245184K
  class space    used 16932K, committed 17536K, reserved 1048576K
GC Heap History (20 events):
Event: 29.846 GC heap before
{Heap before GC invocations=29 (full 0):
 garbage-first heap   total 144384K, used 94929K [0x0000000082400000, 0x0000000100000000)
  region size 1024K, 19 young (19456K), 6 survivors (6144K)
 Metaspace       used 98581K, committed 99584K, reserved 1179648K
  class space    used 10581K, committed 11072K, reserved 1048576K
}
Event: 29.855 GC heap after
{Heap after GC invocations=30 (full 0):
 garbage-first heap   total 174080K, used 83642K [0x0000000082400000, 0x0000000100000000)
  region size 1024K, 5 young (5120K), 5 survivors (5120K)
 Metaspace       used 98581K, committed 99584K, reserved 1179648K
  class space    used 10581K, committed 11072K, reserved 1048576K
}
Event: 30.294 GC heap before
{Heap before GC invocations=30 (full 0):
 garbage-first heap   total 174080K, used 94906K [0x0000000082400000, 0x0000000100000000)
  region size 1024K, 16 young (16384K), 5 survivors (5120K)
 Metaspace       used 98831K, committed 99776K, reserved 1179648K
  class space    used 10609K, committed 11072K, reserved 1048576K
}
Event: 30.299 GC heap after
{Heap after GC invocations=31 (full 0):
 garbage-first heap   total 174080K, used 83339K [0x0000000082400000, 0x0000000100000000)
  region size 1024K, 5 young (5120K), 5 survivors (5120K)
 Metaspace       used 98831K, committed 99776K, reserved 1179648K
  class space    used 10609K, committed 11072K, reserved 1048576K
}
Event: 32.565 GC heap before
{Heap before GC invocations=32 (full 0):
 garbage-first heap   total 174080K, used 165259K [0x0000000082400000, 0x0000000100000000)
  region size 1024K, 78 young (79872K), 5 survivors (5120K)
 Metaspace       used 104951K, committed 105920K, reserved 1179648K
  class space    used 11314K, committed 11776K, reserved 1048576K
}
Event: 32.584 GC heap after
{Heap after GC invocations=33 (full 0):
 garbage-first heap   total 194560K, used 114346K [0x0000000082400000, 0x0000000100000000)
  region size 1024K, 10 young (10240K), 10 survivors (10240K)
 Metaspace       used 104951K, committed 105920K, reserved 1179648K
  class space    used 11314K, committed 11776K, reserved 1048576K
}
Event: 33.818 GC heap before
{Heap before GC invocations=33 (full 0):
 garbage-first heap   total 194560K, used 169642K [0x0000000082400000, 0x0000000100000000)
  region size 1024K, 65 young (66560K), 10 survivors (10240K)
 Metaspace       used 108100K, committed 109120K, reserved 1179648K
  class space    used 11659K, committed 12160K, reserved 1048576K
}
Event: 33.838 GC heap after
{Heap after GC invocations=34 (full 0):
 garbage-first heap   total 194560K, used 117565K [0x0000000082400000, 0x0000000100000000)
  region size 1024K, 4 young (4096K), 4 survivors (4096K)
 Metaspace       used 108100K, committed 109120K, reserved 1179648K
  class space    used 11659K, committed 12160K, reserved 1048576K
}
Event: 34.608 GC heap before
{Heap before GC invocations=34 (full 0):
 garbage-first heap   total 194560K, used 141117K [0x0000000082400000, 0x0000000100000000)
  region size 1024K, 28 young (28672K), 4 survivors (4096K)
 Metaspace       used 109276K, committed 110400K, reserved 1179648K
  class space    used 11793K, committed 12288K, reserved 1048576K
}
Event: 34.618 GC heap after
{Heap after GC invocations=35 (full 0):
 garbage-first heap   total 194560K, used 120027K [0x0000000082400000, 0x0000000100000000)
  region size 1024K, 7 young (7168K), 7 survivors (7168K)
 Metaspace       used 109276K, committed 110400K, reserved 1179648K
  class space    used 11793K, committed 12288K, reserved 1048576K
}
Event: 35.077 GC heap before
{Heap before GC invocations=36 (full 0):
 garbage-first heap   total 209920K, used 171227K [0x0000000082400000, 0x0000000100000000)
  region size 1024K, 59 young (60416K), 7 survivors (7168K)
 Metaspace       used 109375K, committed 110464K, reserved 1179648K
  class space    used 11793K, committed 12288K, reserved 1048576K
}
Event: 35.096 GC heap after
{Heap after GC invocations=37 (full 0):
 garbage-first heap   total 209920K, used 128793K [0x0000000082400000, 0x0000000100000000)
  region size 1024K, 8 young (8192K), 8 survivors (8192K)
 Metaspace       used 109375K, committed 110464K, reserved 1179648K
  class space    used 11793K, committed 12288K, reserved 1048576K
}
Event: 35.967 GC heap before
{Heap before GC invocations=37 (full 0):
 garbage-first heap   total 209920K, used 183065K [0x0000000082400000, 0x0000000100000000)
  region size 1024K, 61 young (62464K), 8 survivors (8192K)
 Metaspace       used 109875K, committed 110976K, reserved 1179648K
  class space    used 11830K, committed 12352K, reserved 1048576K
}
Event: 35.984 GC heap after
{Heap after GC invocations=38 (full 0):
 garbage-first heap   total 209920K, used 111951K [0x0000000082400000, 0x0000000100000000)
  region size 1024K, 5 young (5120K), 5 survivors (5120K)
 Metaspace       used 109875K, committed 110976K, reserved 1179648K
  class space    used 11830K, committed 12352K, reserved 1048576K
}
Event: 38.081 GC heap before
{Heap before GC invocations=38 (full 0):
 garbage-first heap   total 209920K, used 179535K [0x0000000082400000, 0x0000000100000000)
  region size 1024K, 70 young (71680K), 5 survivors (5120K)
 Metaspace       used 120812K, committed 122048K, reserved 1179648K
  class space    used 13311K, committed 13888K, reserved 1048576K
}
Event: 38.097 GC heap after
{Heap after GC invocations=39 (full 0):
 garbage-first heap   total 209920K, used 106496K [0x0000000082400000, 0x0000000100000000)
  region size 1024K, 9 young (9216K), 9 survivors (9216K)
 Metaspace       used 120812K, committed 122048K, reserved 1179648K
  class space    used 13311K, committed 13888K, reserved 1048576K
}
Event: 39.586 GC heap before
{Heap before GC invocations=39 (full 0):
 garbage-first heap   total 209920K, used 176128K [0x0000000082400000, 0x0000000100000000)
  region size 1024K, 77 young (78848K), 9 survivors (9216K)
 Metaspace       used 135707K, committed 137024K, reserved 1179648K
  class space    used 15187K, committed 15808K, reserved 1048576K
}
Event: 39.595 GC heap after
{Heap after GC invocations=40 (full 0):
 garbage-first heap   total 209920K, used 105309K [0x0000000082400000, 0x0000000100000000)
  region size 1024K, 4 young (4096K), 4 survivors (4096K)
 Metaspace       used 135707K, committed 137024K, reserved 1179648K
  class space    used 15187K, committed 15808K, reserved 1048576K
}
Event: 41.350 GC heap before
{Heap before GC invocations=40 (full 0):
 garbage-first heap   total 209920K, used 179037K [0x0000000082400000, 0x0000000100000000)
  region size 1024K, 76 young (77824K), 4 survivors (4096K)
 Metaspace       used 143590K, committed 144896K, reserved 1179648K
  class space    used 16210K, committed 16832K, reserved 1048576K
}
Event: 41.359 GC heap after
{Heap after GC invocations=41 (full 0):
 garbage-first heap   total 209920K, used 111453K [0x0000000082400000, 0x0000000100000000)
  region size 1024K, 10 young (10240K), 10 survivors (10240K)
 Metaspace       used 143590K, committed 144896K, reserved 1179648K
  class space    used 16210K, committed 16832K, reserved 1048576K
}

