# JRE version: Java(TM) SE Runtime Environment (21.0.10+8) (build 21.0.10+8-LTS-217)
# Java VM: Java HotSpot(TM) 64-Bit Server VM (21.0.10+8-LTS-217, mixed mode, sharing, tiered, compressed oops, compressed class ptrs, g1 gc, windows-amd64)
GC Precious Log:
 CardTable entry size: 512
 Card Set container configuration: InlinePtr #cards 5 size 8 Array Of Cards #cards 12 size 40 Howl #buckets 4 coarsen threshold 1843 Howl Bitmap #cards 512 size 80 coarsen threshold 460 Card regions per heap region 1 cards per card region 2048
 CPUs: 8 total, 8 available
 Memory: 8040M
 Large Page Support: Disabled
 NUMA Support: Disabled
 Compressed Oops: Enabled (32-bit)
 Heap Region Size: 1M
 Heap Min Capacity: 8M
 Heap Initial Capacity: 8M
 Heap Max Capacity: 2012M
 Pre-touch: Disabled
 Parallel Workers: 8
 Concurrent Workers: 2
 Concurrent Refinement Workers: 8
 Periodic GC: Disabled
Heap:
 garbage-first heap   total 69632K, used 42236K [0x0000000082400000, 0x0000000100000000)
  region size 1024K, 21 young (21504K), 4 survivors (4096K)
 Metaspace       used 9564K, committed 9728K, reserved 1114112K
  class space    used 1022K, committed 1088K, reserved 1048576K
GC Heap History (20 events):
Event: 0.241 GC heap before
{Heap before GC invocations=0 (full 0):
 garbage-first heap   total 8192K, used 6144K [0x0000000082400000, 0x0000000100000000)
  region size 1024K, 3 young (3072K), 0 survivors (0K)
 Metaspace       used 2519K, committed 2624K, reserved 1114112K
  class space    used 278K, committed 320K, reserved 1048576K
}
Event: 0.244 GC heap after
{Heap after GC invocations=1 (full 0):
 garbage-first heap   total 8192K, used 4480K [0x0000000082400000, 0x0000000100000000)
  region size 1024K, 1 young (1024K), 1 survivors (1024K)
 Metaspace       used 2519K, committed 2624K, reserved 1114112K
  class space    used 278K, committed 320K, reserved 1048576K
}
Event: 0.252 GC heap before
{Heap before GC invocations=1 (full 0):
 garbage-first heap   total 8192K, used 5504K [0x0000000082400000, 0x0000000100000000)
  region size 1024K, 2 young (2048K), 1 survivors (1024K)
 Metaspace       used 2520K, committed 2624K, reserved 1114112K
  class space    used 278K, committed 320K, reserved 1048576K
}
Event: 0.255 GC heap after
{Heap after GC invocations=2 (full 0):
 garbage-first heap   total 8192K, used 5591K [0x0000000082400000, 0x0000000100000000)
  region size 1024K, 1 young (1024K), 1 survivors (1024K)
 Metaspace       used 2520K, committed 2624K, reserved 1114112K
  class space    used 278K, committed 320K, reserved 1048576K
}
Event: 0.261 GC heap before
{Heap before GC invocations=3 (full 0):
 garbage-first heap   total 12288K, used 6615K [0x0000000082400000, 0x0000000100000000)
  region size 1024K, 2 young (2048K), 1 survivors (1024K)
 Metaspace       used 2520K, committed 2624K, reserved 1114112K
  class space    used 278K, committed 320K, reserved 1048576K
}
Event: 0.264 GC heap after
{Heap after GC invocations=4 (full 0):
 garbage-first heap   total 12288K, used 6612K [0x0000000082400000, 0x0000000100000000)
  region size 1024K, 1 young (1024K), 1 survivors (1024K)
 Metaspace       used 2520K, committed 2624K, reserved 1114112K
  class space    used 278K, committed 320K, reserved 1048576K
}
Event: 0.269 GC heap before
{Heap before GC invocations=4 (full 0):
 garbage-first heap   total 12288K, used 7636K [0x0000000082400000, 0x0000000100000000)
  region size 1024K, 2 young (2048K), 1 survivors (1024K)
 Metaspace       used 2520K, committed 2624K, reserved 1114112K
  class space    used 278K, committed 320K, reserved 1048576K
}
Event: 0.272 GC heap after
{Heap after GC invocations=5 (full 0):
 garbage-first heap   total 12288K, used 7731K [0x0000000082400000, 0x0000000100000000)
  region size 1024K, 1 young (1024K), 1 survivors (1024K)
 Metaspace       used 2520K, committed 2624K, reserved 1114112K
  class space    used 278K, committed 320K, reserved 1048576K
}
Event: 0.283 GC heap before
{Heap before GC invocations=6 (full 0):
 garbage-first heap   total 15360K, used 8755K [0x0000000082400000, 0x0000000100000000)
  region size 1024K, 2 young (2048K), 1 survivors (1024K)
 Metaspace       used 2533K, committed 2624K, reserved 1114112K
  class space    used 280K, committed 320K, reserved 1048576K
}
Event: 0.286 GC heap after
{Heap after GC invocations=7 (full 0):
 garbage-first heap   total 34816K, used 8347K [0x0000000082400000, 0x0000000100000000)
  region size 1024K, 1 young (1024K), 1 survivors (1024K)
 Metaspace       used 2533K, committed 2624K, reserved 1114112K
  class space    used 280K, committed 320K, reserved 1048576K
}
Event: 0.437 GC heap before
{Heap before GC invocations=7 (full 0):
 garbage-first heap   total 34816K, used 20635K [0x0000000082400000, 0x0000000100000000)
  region size 1024K, 9 young (9216K), 1 survivors (1024K)
 Metaspace       used 3137K, committed 3328K, reserved 1114112K
  class space    used 342K, committed 448K, reserved 1048576K
}
Event: 0.445 GC heap after
{Heap after GC invocations=8 (full 0):
 garbage-first heap   total 34816K, used 15755K [0x0000000082400000, 0x0000000100000000)
  region size 1024K, 2 young (2048K), 2 survivors (2048K)
 Metaspace       used 3137K, committed 3328K, reserved 1114112K
  class space    used 342K, committed 448K, reserved 1048576K
}
Event: 0.617 GC heap before
{Heap before GC invocations=8 (full 0):
 garbage-first heap   total 34816K, used 19851K [0x0000000082400000, 0x0000000100000000)
  region size 1024K, 7 young (7168K), 2 survivors (2048K)
 Metaspace       used 3203K, committed 3392K, reserved 1114112K
  class space    used 342K, committed 448K, reserved 1048576K
}
Event: 0.620 GC heap after
{Heap after GC invocations=9 (full 0):
 garbage-first heap   total 34816K, used 16104K [0x0000000082400000, 0x0000000100000000)
  region size 1024K, 1 young (1024K), 1 survivors (1024K)
 Metaspace       used 3203K, committed 3392K, reserved 1114112K
  class space    used 342K, committed 448K, reserved 1048576K
}
Event: 0.992 GC heap before
{Heap before GC invocations=9 (full 0):
 garbage-first heap   total 34816K, used 22248K [0x0000000082400000, 0x0000000100000000)
  region size 1024K, 7 young (7168K), 1 survivors (1024K)
 Metaspace       used 8527K, committed 8704K, reserved 1114112K
  class space    used 955K, committed 1024K, reserved 1048576K
}
Event: 0.995 GC heap after
{Heap after GC invocations=10 (full 0):
 garbage-first heap   total 34816K, used 17345K [0x0000000082400000, 0x0000000100000000)
  region size 1024K, 1 young (1024K), 1 survivors (1024K)
 Metaspace       used 8527K, committed 8704K, reserved 1114112K
  class space    used 955K, committed 1024K, reserved 1048576K
}
Event: 1.701 GC heap before
{Heap before GC invocations=11 (full 0):
 garbage-first heap   total 34816K, used 22465K [0x0000000082400000, 0x0000000100000000)
  region size 1024K, 8 young (8192K), 1 survivors (1024K)
 Metaspace       used 9020K, committed 9216K, reserved 1114112K
  class space    used 978K, committed 1088K, reserved 1048576K
}
Event: 1.706 GC heap after
{Heap after GC invocations=12 (full 0):
 garbage-first heap   total 69632K, used 18267K [0x0000000082400000, 0x0000000100000000)
  region size 1024K, 1 young (1024K), 1 survivors (1024K)
 Metaspace       used 9020K, committed 9216K, reserved 1114112K
  class space    used 978K, committed 1088K, reserved 1048576K
}
Event: 2.354 GC heap before
{Heap before GC invocations=12 (full 0):
 garbage-first heap   total 69632K, used 45915K [0x0000000082400000, 0x0000000100000000)
  region size 1024K, 27 young (27648K), 1 survivors (1024K)
 Metaspace       used 9481K, committed 9600K, reserved 1114112K
  class space    used 1017K, committed 1088K, reserved 1048576K
}
Event: 2.364 GC heap after
{Heap after GC invocations=13 (full 0):
 garbage-first heap   total 69632K, used 25852K [0x0000000082400000, 0x0000000100000000)
  region size 1024K, 4 young (4096K), 4 survivors (4096K)
 Metaspace       used 9481K, committed 9600K, reserved 1114112K
  class space    used 1017K, committed 1088K, reserved 1048576K
}

