# JRE version: Java(TM) SE Runtime Environment (21.0.10+8) (build 21.0.10+8-LTS-217)
# Java VM: Java HotSpot(TM) 64-Bit Server VM (21.0.10+8-LTS-217, mixed mode, sharing, tiered, compressed oops, compressed class ptrs, g1 gc, windows-amd64)
GC Precious Log:
 CardTable entry size: 512
 Card Set container configuration: InlinePtr #cards 5 size 8 Array Of Cards #cards 12 size 40 Howl #buckets 4 coarsen threshold 1843 Howl Bitmap #cards 512 size 80 coarsen threshold 460 Card regions per heap region 1 cards per card region 2048
 CPUs: 8 total, 8 available
 Memory: 8040M
 Large Page Support: Disabled
 NUMA Support: Disabled
 Compressed Oops: Enabled (32-bit)
 Heap Region Size: 1M
 Heap Min Capacity: 8M
 Heap Initial Capacity: 126M
 Heap Max Capacity: 2012M
 Pre-touch: Disabled
 Parallel Workers: 8
 Concurrent Workers: 2
 Concurrent Refinement Workers: 8
 Periodic GC: Disabled
Heap:
 garbage-first heap   total 73728K, used 30182K [0x0000000082400000, 0x0000000100000000)
  region size 1024K, 1 young (1024K), 1 survivors (1024K)
 Metaspace       used 42477K, committed 42944K, reserved 1114112K
  class space    used 5422K, committed 5632K, reserved 1048576K
GC Heap History (20 events):
Event: 4.145 GC heap after
{Heap after GC invocations=4 (full 0):
 garbage-first heap   total 129024K, used 16697K [0x0000000082400000, 0x0000000100000000)
  region size 1024K, 6 young (6144K), 6 survivors (6144K)
 Metaspace       used 21221K, committed 21504K, reserved 1114112K
  class space    used 2792K, committed 2944K, reserved 1048576K
}
Event: 4.747 GC heap before
{Heap before GC invocations=5 (full 0):
 garbage-first heap   total 61440K, used 47417K [0x0000000082400000, 0x0000000100000000)
  region size 1024K, 36 young (36864K), 6 survivors (6144K)
 Metaspace       used 28671K, committed 29056K, reserved 1114112K
  class space    used 3619K, committed 3776K, reserved 1048576K
}
Event: 4.754 GC heap after
{Heap after GC invocations=6 (full 0):
 garbage-first heap   total 61440K, used 18114K [0x0000000082400000, 0x0000000100000000)
  region size 1024K, 2 young (2048K), 2 survivors (2048K)
 Metaspace       used 28671K, committed 29056K, reserved 1114112K
  class space    used 3619K, committed 3776K, reserved 1048576K
}
Event: 6.490 GC heap before
{Heap before GC invocations=6 (full 0):
 garbage-first heap   total 61440K, used 45762K [0x0000000082400000, 0x0000000100000000)
  region size 1024K, 30 young (30720K), 2 survivors (2048K)
 Metaspace       used 32156K, committed 32512K, reserved 1114112K
  class space    used 4024K, committed 4224K, reserved 1048576K
}
Event: 6.495 GC heap after
{Heap after GC invocations=7 (full 0):
 garbage-first heap   total 61440K, used 22056K [0x0000000082400000, 0x0000000100000000)
  region size 1024K, 4 young (4096K), 4 survivors (4096K)
 Metaspace       used 32156K, committed 32512K, reserved 1114112K
  class space    used 4024K, committed 4224K, reserved 1048576K
}
Event: 6.913 GC heap before
{Heap before GC invocations=7 (full 0):
 garbage-first heap   total 61440K, used 47656K [0x0000000082400000, 0x0000000100000000)
  region size 1024K, 29 young (29696K), 4 survivors (4096K)
 Metaspace       used 34553K, committed 34944K, reserved 1114112K
  class space    used 4267K, committed 4480K, reserved 1048576K
}
Event: 6.919 GC heap after
{Heap after GC invocations=8 (full 0):
 garbage-first heap   total 61440K, used 25404K [0x0000000082400000, 0x0000000100000000)
  region size 1024K, 3 young (3072K), 3 survivors (3072K)
 Metaspace       used 34553K, committed 34944K, reserved 1114112K
  class space    used 4267K, committed 4480K, reserved 1048576K
}
Event: 7.194 GC heap before
{Heap before GC invocations=8 (full 0):
 garbage-first heap   total 61440K, used 39740K [0x0000000082400000, 0x0000000100000000)
  region size 1024K, 18 young (18432K), 3 survivors (3072K)
 Metaspace       used 35962K, committed 36288K, reserved 1114112K
  class space    used 4498K, committed 4672K, reserved 1048576K
}
Event: 7.200 GC heap after
{Heap after GC invocations=9 (full 0):
 garbage-first heap   total 61440K, used 26335K [0x0000000082400000, 0x0000000100000000)
  region size 1024K, 1 young (1024K), 1 survivors (1024K)
 Metaspace       used 35962K, committed 36288K, reserved 1114112K
  class space    used 4498K, committed 4672K, reserved 1048576K
}
Event: 7.806 GC heap before
{Heap before GC invocations=10 (full 0):
 garbage-first heap   total 61440K, used 50911K [0x0000000082400000, 0x0000000100000000)
  region size 1024K, 25 young (25600K), 1 survivors (1024K)
 Metaspace       used 39300K, committed 39680K, reserved 1114112K
  class space    used 4991K, committed 5184K, reserved 1048576K
}
Event: 7.812 GC heap after
{Heap after GC invocations=11 (full 0):
 garbage-first heap   total 61440K, used 28383K [0x0000000082400000, 0x0000000100000000)
  region size 1024K, 3 young (3072K), 3 survivors (3072K)
 Metaspace       used 39300K, committed 39680K, reserved 1114112K
  class space    used 4991K, committed 5184K, reserved 1048576K
}
Event: 8.397 GC heap before
{Heap before GC invocations=11 (full 0):
 garbage-first heap   total 61440K, used 51935K [0x0000000082400000, 0x0000000100000000)
  region size 1024K, 26 young (26624K), 3 survivors (3072K)
 Metaspace       used 41625K, committed 42112K, reserved 1114112K
  class space    used 5332K, committed 5568K, reserved 1048576K
}
Event: 9.415 GC heap after
{Heap after GC invocations=12 (full 0):
 garbage-first heap   total 73728K, used 29670K [0x0000000082400000, 0x0000000100000000)
  region size 1024K, 4 young (4096K), 4 survivors (4096K)
 Metaspace       used 41625K, committed 42112K, reserved 1114112K
  class space    used 5332K, committed 5568K, reserved 1048576K
}
Event: 9.452 GC heap before
{Heap before GC invocations=12 (full 0):
 garbage-first heap   total 73728K, used 30694K [0x0000000082400000, 0x0000000100000000)
  region size 1024K, 5 young (5120K), 4 survivors (4096K)
 Metaspace       used 41953K, committed 42368K, reserved 1114112K
  class space    used 5368K, committed 5568K, reserved 1048576K
}
Event: 9.457 GC heap after
{Heap after GC invocations=13 (full 0):
 garbage-first heap   total 73728K, used 30340K [0x0000000082400000, 0x0000000100000000)
  region size 1024K, 1 young (1024K), 1 survivors (1024K)
 Metaspace       used 41953K, committed 42368K, reserved 1114112K
  class space    used 5368K, committed 5568K, reserved 1048576K
}
Event: 9.506 GC heap before
{Heap before GC invocations=13 (full 0):
 garbage-first heap   total 73728K, used 32388K [0x0000000082400000, 0x0000000100000000)
  region size 1024K, 3 young (3072K), 1 survivors (1024K)
 Metaspace       used 42180K, committed 42624K, reserved 1114112K
  class space    used 5387K, committed 5568K, reserved 1048576K
}
Event: 9.507 GC heap after
{Heap after GC invocations=14 (full 0):
 garbage-first heap   total 73728K, used 29867K [0x0000000082400000, 0x0000000100000000)
  region size 1024K, 1 young (1024K), 1 survivors (1024K)
 Metaspace       used 42180K, committed 42624K, reserved 1114112K
  class space    used 5387K, committed 5568K, reserved 1048576K
}
Event: 9.542 GC heap before
{Heap before GC invocations=14 (full 0):
 garbage-first heap   total 73728K, used 31915K [0x0000000082400000, 0x0000000100000000)
  region size 1024K, 3 young (3072K), 1 survivors (1024K)
 Metaspace       used 42326K, committed 42816K, reserved 1114112K
  class space    used 5398K, committed 5632K, reserved 1048576K
}
Event: 9.544 GC heap after
{Heap after GC invocations=15 (full 0):
 garbage-first heap   total 73728K, used 29921K [0x0000000082400000, 0x0000000100000000)
  region size 1024K, 1 young (1024K), 1 survivors (1024K)
 Metaspace       used 42326K, committed 42816K, reserved 1114112K
  class space    used 5398K, committed 5632K, reserved 1048576K
}
Event: 9.578 GC heap before
{Heap before GC invocations=15 (full 0):
 garbage-first heap   total 73728K, used 31969K [0x0000000082400000, 0x0000000100000000)
  region size 1024K, 3 young (3072K), 1 survivors (1024K)
 Metaspace       used 42477K, committed 42944K, reserved 1114112K
  class space    used 5422K, committed 5632K, reserved 1048576K
}

