# JRE version: Java(TM) SE Runtime Environment (21.0.10+8) (build 21.0.10+8-LTS-217)
# Java VM: Java HotSpot(TM) 64-Bit Server VM (21.0.10+8-LTS-217, mixed mode, sharing, tiered, compressed oops, compressed class ptrs, g1 gc, windows-amd64)
GC Precious Log:
 CardTable entry size: 512
 Card Set container configuration: InlinePtr #cards 5 size 8 Array Of Cards #cards 12 size 40 Howl #buckets 4 coarsen threshold 1843 Howl Bitmap #cards 512 size 80 coarsen threshold 460 Card regions per heap region 1 cards per card region 2048
 CPUs: 8 total, 8 available
 Memory: 8040M
 Large Page Support: Disabled
 NUMA Support: Disabled
 Compressed Oops: Enabled (32-bit)
 Heap Region Size: 1M
 Heap Min Capacity: 8M
 Heap Initial Capacity: 8M
 Heap Max Capacity: 256M
 Pre-touch: Disabled
 Parallel Workers: 8
 Concurrent Workers: 2
 Concurrent Refinement Workers: 8
 Periodic GC: Disabled
Heap:
 garbage-first heap   total 69632K, used 46592K [0x00000000f0000000, 0x0000000100000000)
  region size 1024K, 13 young (13312K), 3 survivors (3072K)
 Metaspace       used 11154K, committed 11328K, reserved 1114112K
  class space    used 1180K, committed 1280K, reserved 1048576K
GC Heap History (20 events):
Event: 0.273 GC heap before
{Heap before GC invocations=3 (full 0):
 garbage-first heap   total 12288K, used 6745K [0x00000000f0000000, 0x0000000100000000)
  region size 1024K, 2 young (2048K), 1 survivors (1024K)
 Metaspace       used 2508K, committed 2624K, reserved 1114112K
  class space    used 279K, committed 320K, reserved 1048576K
}
Event: 0.276 GC heap after
{Heap after GC invocations=4 (full 0):
 garbage-first heap   total 12288K, used 6735K [0x00000000f0000000, 0x0000000100000000)
  region size 1024K, 1 young (1024K), 1 survivors (1024K)
 Metaspace       used 2508K, committed 2624K, reserved 1114112K
  class space    used 279K, committed 320K, reserved 1048576K
}
Event: 0.281 GC heap before
{Heap before GC invocations=4 (full 0):
 garbage-first heap   total 12288K, used 6735K [0x00000000f0000000, 0x0000000100000000)
  region size 1024K, 2 young (2048K), 1 survivors (1024K)
 Metaspace       used 2516K, committed 2624K, reserved 1114112K
  class space    used 281K, committed 320K, reserved 1048576K
}
Event: 0.285 GC heap after
{Heap after GC invocations=5 (full 0):
 garbage-first heap   total 12288K, used 7784K [0x00000000f0000000, 0x0000000100000000)
  region size 1024K, 1 young (1024K), 1 survivors (1024K)
 Metaspace       used 2516K, committed 2624K, reserved 1114112K
  class space    used 281K, committed 320K, reserved 1048576K
}
Event: 0.296 GC heap before
{Heap before GC invocations=6 (full 0):
 garbage-first heap   total 15360K, used 8808K [0x00000000f0000000, 0x0000000100000000)
  region size 1024K, 2 young (2048K), 1 survivors (1024K)
 Metaspace       used 2521K, committed 2688K, reserved 1114112K
  class space    used 282K, committed 384K, reserved 1048576K
}
Event: 0.298 GC heap after
{Heap after GC invocations=7 (full 0):
 garbage-first heap   total 34816K, used 8226K [0x00000000f0000000, 0x0000000100000000)
  region size 1024K, 1 young (1024K), 1 survivors (1024K)
 Metaspace       used 2521K, committed 2688K, reserved 1114112K
  class space    used 282K, committed 384K, reserved 1048576K
}
Event: 0.528 GC heap before
{Heap before GC invocations=7 (full 0):
 garbage-first heap   total 34816K, used 19490K [0x00000000f0000000, 0x0000000100000000)
  region size 1024K, 9 young (9216K), 1 survivors (1024K)
 Metaspace       used 3125K, committed 3328K, reserved 1114112K
  class space    used 343K, committed 448K, reserved 1048576K
}
Event: 0.536 GC heap after
{Heap after GC invocations=8 (full 0):
 garbage-first heap   total 34816K, used 15734K [0x00000000f0000000, 0x0000000100000000)
  region size 1024K, 2 young (2048K), 2 survivors (2048K)
 Metaspace       used 3125K, committed 3328K, reserved 1114112K
  class space    used 343K, committed 448K, reserved 1048576K
}
Event: 0.630 GC heap before
{Heap before GC invocations=8 (full 0):
 garbage-first heap   total 34816K, used 19830K [0x00000000f0000000, 0x0000000100000000)
  region size 1024K, 7 young (7168K), 2 survivors (2048K)
 Metaspace       used 3183K, committed 3392K, reserved 1114112K
  class space    used 343K, committed 448K, reserved 1048576K
}
Event: 0.634 GC heap after
{Heap after GC invocations=9 (full 0):
 garbage-first heap   total 34816K, used 16098K [0x00000000f0000000, 0x0000000100000000)
  region size 1024K, 1 young (1024K), 1 survivors (1024K)
 Metaspace       used 3183K, committed 3392K, reserved 1114112K
  class space    used 343K, committed 448K, reserved 1048576K
}
Event: 1.212 GC heap before
{Heap before GC invocations=9 (full 0):
 garbage-first heap   total 34816K, used 21218K [0x00000000f0000000, 0x0000000100000000)
  region size 1024K, 7 young (7168K), 1 survivors (1024K)
 Metaspace       used 4875K, committed 5120K, reserved 1114112K
  class space    used 581K, committed 704K, reserved 1048576K
}
Event: 1.214 GC heap after
{Heap after GC invocations=10 (full 0):
 garbage-first heap   total 34816K, used 16446K [0x00000000f0000000, 0x0000000100000000)
  region size 1024K, 1 young (1024K), 1 survivors (1024K)
 Metaspace       used 4875K, committed 5120K, reserved 1114112K
  class space    used 581K, committed 704K, reserved 1048576K
}
Event: 1.850 GC heap before
{Heap before GC invocations=11 (full 0):
 garbage-first heap   total 34816K, used 22590K [0x00000000f0000000, 0x0000000100000000)
  region size 1024K, 8 young (8192K), 1 survivors (1024K)
 Metaspace       used 9220K, committed 9408K, reserved 1114112K
  class space    used 1007K, committed 1088K, reserved 1048576K
}
Event: 1.854 GC heap after
{Heap after GC invocations=12 (full 0):
 garbage-first heap   total 69632K, used 18233K [0x00000000f0000000, 0x0000000100000000)
  region size 1024K, 1 young (1024K), 1 survivors (1024K)
 Metaspace       used 9220K, committed 9408K, reserved 1114112K
  class space    used 1007K, committed 1088K, reserved 1048576K
}
Event: 3.199 GC heap before
{Heap before GC invocations=12 (full 0):
 garbage-first heap   total 69632K, used 42809K [0x00000000f0000000, 0x0000000100000000)
  region size 1024K, 25 young (25600K), 1 survivors (1024K)
 Metaspace       used 9259K, committed 9408K, reserved 1114112K
  class space    used 1007K, committed 1088K, reserved 1048576K
}
Event: 3.208 GC heap after
{Heap after GC invocations=13 (full 0):
 garbage-first heap   total 69632K, used 24576K [0x00000000f0000000, 0x0000000100000000)
  region size 1024K, 4 young (4096K), 4 survivors (4096K)
 Metaspace       used 9259K, committed 9408K, reserved 1114112K
  class space    used 1007K, committed 1088K, reserved 1048576K
}
Event: 3.467 GC heap before
{Heap before GC invocations=13 (full 0):
 garbage-first heap   total 69632K, used 46080K [0x00000000f0000000, 0x0000000100000000)
  region size 1024K, 25 young (25600K), 4 survivors (4096K)
 Metaspace       used 9305K, committed 9472K, reserved 1114112K
  class space    used 1007K, committed 1088K, reserved 1048576K
}
Event: 3.476 GC heap after
{Heap after GC invocations=14 (full 0):
 garbage-first heap   total 69632K, used 32256K [0x00000000f0000000, 0x0000000100000000)
  region size 1024K, 4 young (4096K), 4 survivors (4096K)
 Metaspace       used 9305K, committed 9472K, reserved 1114112K
  class space    used 1007K, committed 1088K, reserved 1048576K
}
Event: 4.222 GC heap before
{Heap before GC invocations=14 (full 0):
 garbage-first heap   total 69632K, used 48640K [0x00000000f0000000, 0x0000000100000000)
  region size 1024K, 20 young (20480K), 4 survivors (4096K)
 Metaspace       used 10026K, committed 10240K, reserved 1114112K
  class space    used 1076K, committed 1152K, reserved 1048576K
}
Event: 4.230 GC heap after
{Heap after GC invocations=15 (full 0):
 garbage-first heap   total 69632K, used 37376K [0x00000000f0000000, 0x0000000100000000)
  region size 1024K, 3 young (3072K), 3 survivors (3072K)
 Metaspace       used 10026K, committed 10240K, reserved 1114112K
  class space    used 1076K, committed 1152K, reserved 1048576K
}

