# JRE version: Java(TM) SE Runtime Environment (21.0.10+8) (build 21.0.10+8-LTS-217)
# Java VM: Java HotSpot(TM) 64-Bit Server VM (21.0.10+8-LTS-217, mixed mode, sharing, tiered, compressed oops, compressed class ptrs, g1 gc, windows-amd64)
GC Precious Log:
 CardTable entry size: 512
 Card Set container configuration: InlinePtr #cards 5 size 8 Array Of Cards #cards 12 size 40 Howl #buckets 4 coarsen threshold 1843 Howl Bitmap #cards 512 size 80 coarsen threshold 460 Card regions per heap region 1 cards per card region 2048
 CPUs: 8 total, 8 available
 Memory: 8040M
 Large Page Support: Disabled
 NUMA Support: Disabled
 Compressed Oops: Enabled (32-bit)
 Heap Region Size: 1M
 Heap Min Capacity: 8M
 Heap Initial Capacity: 126M
 Heap Max Capacity: 2012M
 Pre-touch: Disabled
 Parallel Workers: 8
 Concurrent Workers: 2
 Concurrent Refinement Workers: 8
 Periodic GC: Disabled
Heap:
 garbage-first heap   total 78848K, used 60416K [0x0000000082400000, 0x0000000100000000)
  region size 1024K, 38 young (38912K), 6 survivors (6144K)
 Metaspace       used 46283K, committed 46784K, reserved 1114112K
  class space    used 5905K, committed 6144K, reserved 1048576K
GC Heap History (18 events):
Event: 0.673 GC heap before
{Heap before GC invocations=0 (full 0):
 garbage-first heap   total 129024K, used 23552K [0x0000000082400000, 0x0000000100000000)
  region size 1024K, 23 young (23552K), 0 survivors (0K)
 Metaspace       used 3931K, committed 4032K, reserved 1114112K
  class space    used 423K, committed 448K, reserved 1048576K
}
Event: 0.680 GC heap after
{Heap after GC invocations=1 (full 0):
 garbage-first heap   total 129024K, used 10794K [0x0000000082400000, 0x0000000100000000)
  region size 1024K, 3 young (3072K), 3 survivors (3072K)
 Metaspace       used 3931K, committed 4032K, reserved 1114112K
  class space    used 423K, committed 448K, reserved 1048576K
}
Event: 1.365 GC heap before
{Heap before GC invocations=1 (full 0):
 garbage-first heap   total 129024K, used 34346K [0x0000000082400000, 0x0000000100000000)
  region size 1024K, 26 young (26624K), 3 survivors (3072K)
 Metaspace       used 10046K, committed 10304K, reserved 1114112K
  class space    used 1188K, committed 1344K, reserved 1048576K
}
Event: 1.371 GC heap after
{Heap after GC invocations=2 (full 0):
 garbage-first heap   total 129024K, used 12968K [0x0000000082400000, 0x0000000100000000)
  region size 1024K, 2 young (2048K), 2 survivors (2048K)
 Metaspace       used 10046K, committed 10304K, reserved 1114112K
  class space    used 1188K, committed 1344K, reserved 1048576K
}
Event: 2.423 GC heap before
{Heap before GC invocations=2 (full 0):
 garbage-first heap   total 129024K, used 58024K [0x0000000082400000, 0x0000000100000000)
  region size 1024K, 47 young (48128K), 2 survivors (2048K)
 Metaspace       used 20010K, committed 20288K, reserved 1114112K
  class space    used 2678K, committed 2816K, reserved 1048576K
}
Event: 2.430 GC heap after
{Heap after GC invocations=3 (full 0):
 garbage-first heap   total 129024K, used 16499K [0x0000000082400000, 0x0000000100000000)
  region size 1024K, 6 young (6144K), 6 survivors (6144K)
 Metaspace       used 20010K, committed 20288K, reserved 1114112K
  class space    used 2678K, committed 2816K, reserved 1048576K
}
Event: 2.501 GC heap before
{Heap before GC invocations=3 (full 0):
 garbage-first heap   total 129024K, used 21619K [0x0000000082400000, 0x0000000100000000)
  region size 1024K, 12 young (12288K), 6 survivors (6144K)
 Metaspace       used 21156K, committed 21504K, reserved 1114112K
  class space    used 2790K, committed 2944K, reserved 1048576K
}
Event: 2.508 GC heap after
{Heap after GC invocations=4 (full 0):
 garbage-first heap   total 129024K, used 16982K [0x0000000082400000, 0x0000000100000000)
  region size 1024K, 6 young (6144K), 6 survivors (6144K)
 Metaspace       used 21156K, committed 21504K, reserved 1114112K
  class space    used 2790K, committed 2944K, reserved 1048576K
}
Event: 3.055 GC heap before
{Heap before GC invocations=5 (full 0):
 garbage-first heap   total 65536K, used 49750K [0x0000000082400000, 0x0000000100000000)
  region size 1024K, 38 young (38912K), 6 survivors (6144K)
 Metaspace       used 28970K, committed 29376K, reserved 1114112K
  class space    used 3660K, committed 3840K, reserved 1048576K
}
Event: 3.062 GC heap after
{Heap after GC invocations=6 (full 0):
 garbage-first heap   total 65536K, used 18582K [0x0000000082400000, 0x0000000100000000)
  region size 1024K, 3 young (3072K), 3 survivors (3072K)
 Metaspace       used 28970K, committed 29376K, reserved 1114112K
  class space    used 3660K, committed 3840K, reserved 1048576K
}
Event: 3.744 GC heap before
{Heap before GC invocations=6 (full 0):
 garbage-first heap   total 65536K, used 48278K [0x0000000082400000, 0x0000000100000000)
  region size 1024K, 33 young (33792K), 3 survivors (3072K)
 Metaspace       used 32912K, committed 33344K, reserved 1114112K
  class space    used 4085K, committed 4288K, reserved 1048576K
}
Event: 3.751 GC heap after
{Heap after GC invocations=7 (full 0):
 garbage-first heap   total 65536K, used 22489K [0x0000000082400000, 0x0000000100000000)
  region size 1024K, 5 young (5120K), 5 survivors (5120K)
 Metaspace       used 32912K, committed 33344K, reserved 1114112K
  class space    used 4085K, committed 4288K, reserved 1048576K
}
Event: 4.268 GC heap before
{Heap before GC invocations=7 (full 0):
 garbage-first heap   total 65536K, used 52185K [0x0000000082400000, 0x0000000100000000)
  region size 1024K, 34 young (34816K), 5 survivors (5120K)
 Metaspace       used 34923K, committed 35264K, reserved 1114112K
  class space    used 4314K, committed 4480K, reserved 1048576K
}
Event: 4.280 GC heap after
{Heap after GC invocations=8 (full 0):
 garbage-first heap   total 78848K, used 25428K [0x0000000082400000, 0x0000000100000000)
  region size 1024K, 3 young (3072K), 3 survivors (3072K)
 Metaspace       used 34923K, committed 35264K, reserved 1114112K
  class space    used 4314K, committed 4480K, reserved 1048576K
}
Event: 4.442 GC heap before
{Heap before GC invocations=8 (full 0):
 garbage-first heap   total 78848K, used 31572K [0x0000000082400000, 0x0000000100000000)
  region size 1024K, 10 young (10240K), 3 survivors (3072K)
 Metaspace       used 36049K, committed 36416K, reserved 1114112K
  class space    used 4518K, committed 4736K, reserved 1048576K
}
Event: 4.447 GC heap after
{Heap after GC invocations=9 (full 0):
 garbage-first heap   total 78848K, used 25600K [0x0000000082400000, 0x0000000100000000)
  region size 1024K, 3 young (3072K), 3 survivors (3072K)
 Metaspace       used 36049K, committed 36416K, reserved 1114112K
  class space    used 4518K, committed 4736K, reserved 1048576K
}
Event: 5.393 GC heap before
{Heap before GC invocations=10 (full 0):
 garbage-first heap   total 78848K, used 65536K [0x0000000082400000, 0x0000000100000000)
  region size 1024K, 42 young (43008K), 3 survivors (3072K)
 Metaspace       used 40435K, committed 40896K, reserved 1114112K
  class space    used 5176K, committed 5376K, reserved 1048576K
}
Event: 5.404 GC heap after
{Heap after GC invocations=11 (full 0):
 garbage-first heap   total 78848K, used 28672K [0x0000000082400000, 0x0000000100000000)
  region size 1024K, 6 young (6144K), 6 survivors (6144K)
 Metaspace       used 40435K, committed 40896K, reserved 1114112K
  class space    used 5176K, committed 5376K, reserved 1048576K
}

