# JRE version: Java(TM) SE Runtime Environment (21.0.10+8) (build 21.0.10+8-LTS-217)
# Java VM: Java HotSpot(TM) 64-Bit Server VM (21.0.10+8-LTS-217, mixed mode, sharing, tiered, compressed oops, compressed class ptrs, g1 gc, windows-amd64)
GC Precious Log:
 CardTable entry size: 512
 Card Set container configuration: InlinePtr #cards 5 size 8 Array Of Cards #cards 12 size 40 Howl #buckets 4 coarsen threshold 1843 Howl Bitmap #cards 512 size 80 coarsen threshold 460 Card regions per heap region 1 cards per card region 2048
 CPUs: 8 total, 8 available
 Memory: 8040M
 Large Page Support: Disabled
 NUMA Support: Disabled
 Compressed Oops: Enabled (32-bit)
 Heap Region Size: 1M
 Heap Min Capacity: 8M
 Heap Initial Capacity: 8M
 Heap Max Capacity: 256M
 Pre-touch: Disabled
 Parallel Workers: 8
 Concurrent Workers: 2
 Concurrent Refinement Workers: 8
 Periodic GC: Disabled
Heap:
 garbage-first heap   total 86016K, used 53930K [0x00000000f0000000, 0x0000000100000000)
  region size 1024K, 22 young (22528K), 4 survivors (4096K)
 Metaspace       used 11296K, committed 11520K, reserved 1114112K
  class space    used 1144K, committed 1280K, reserved 1048576K
GC Heap History (20 events):
Event: 1.154 GC heap before
{Heap before GC invocations=7 (full 0):
 garbage-first heap   total 39936K, used 21563K [0x00000000f0000000, 0x0000000100000000)
  region size 1024K, 11 young (11264K), 1 survivors (1024K)
 Metaspace       used 3190K, committed 3392K, reserved 1114112K
  class space    used 343K, committed 448K, reserved 1048576K
}
Event: 1.167 GC heap after
{Heap after GC invocations=8 (full 0):
 garbage-first heap   total 39936K, used 15748K [0x00000000f0000000, 0x0000000100000000)
  region size 1024K, 2 young (2048K), 2 survivors (2048K)
 Metaspace       used 3190K, committed 3392K, reserved 1114112K
  class space    used 343K, committed 448K, reserved 1048576K
}
Event: 2.103 GC heap before
{Heap before GC invocations=8 (full 0):
 garbage-first heap   total 39936K, used 22916K [0x00000000f0000000, 0x0000000100000000)
  region size 1024K, 10 young (10240K), 2 survivors (2048K)
 Metaspace       used 7954K, committed 8192K, reserved 1114112K
  class space    used 906K, committed 1024K, reserved 1048576K
}
Event: 2.111 GC heap after
{Heap after GC invocations=9 (full 0):
 garbage-first heap   total 39936K, used 17244K [0x00000000f0000000, 0x0000000100000000)
  region size 1024K, 2 young (2048K), 2 survivors (2048K)
 Metaspace       used 7954K, committed 8192K, reserved 1114112K
  class space    used 906K, committed 1024K, reserved 1048576K
}
Event: 2.792 GC heap before
{Heap before GC invocations=9 (full 0):
 garbage-first heap   total 39936K, used 24412K [0x00000000f0000000, 0x0000000100000000)
  region size 1024K, 10 young (10240K), 2 survivors (2048K)
 Metaspace       used 9036K, committed 9216K, reserved 1114112K
  class space    used 977K, committed 1088K, reserved 1048576K
}
Event: 2.801 GC heap after
{Heap after GC invocations=10 (full 0):
 garbage-first heap   total 39936K, used 19195K [0x00000000f0000000, 0x0000000100000000)
  region size 1024K, 2 young (2048K), 2 survivors (2048K)
 Metaspace       used 9036K, committed 9216K, reserved 1114112K
  class space    used 977K, committed 1088K, reserved 1048576K
}
Event: 3.365 GC heap before
{Heap before GC invocations=10 (full 0):
 garbage-first heap   total 39936K, used 25339K [0x00000000f0000000, 0x0000000100000000)
  region size 1024K, 9 young (9216K), 2 survivors (2048K)
 Metaspace       used 9468K, committed 9600K, reserved 1114112K
  class space    used 1016K, committed 1088K, reserved 1048576K
}
Event: 3.373 GC heap after
{Heap after GC invocations=11 (full 0):
 garbage-first heap   total 39936K, used 21472K [0x00000000f0000000, 0x0000000100000000)
  region size 1024K, 2 young (2048K), 2 survivors (2048K)
 Metaspace       used 9468K, committed 9600K, reserved 1114112K
  class space    used 1016K, committed 1088K, reserved 1048576K
}
Event: 3.550 GC heap before
{Heap before GC invocations=12 (full 0):
 garbage-first heap   total 39936K, used 28640K [0x00000000f0000000, 0x0000000100000000)
  region size 1024K, 10 young (10240K), 2 survivors (2048K)
 Metaspace       used 9479K, committed 9600K, reserved 1114112K
  class space    used 1016K, committed 1088K, reserved 1048576K
}
Event: 3.561 GC heap after
{Heap after GC invocations=13 (full 0):
 garbage-first heap   total 39936K, used 24097K [0x00000000f0000000, 0x0000000100000000)
  region size 1024K, 2 young (2048K), 2 survivors (2048K)
 Metaspace       used 9479K, committed 9600K, reserved 1114112K
  class space    used 1016K, committed 1088K, reserved 1048576K
}
Event: 3.791 GC heap before
{Heap before GC invocations=13 (full 0):
 garbage-first heap   total 39936K, used 30241K [0x00000000f0000000, 0x0000000100000000)
  region size 1024K, 9 young (9216K), 2 survivors (2048K)
 Metaspace       used 9491K, committed 9664K, reserved 1114112K
  class space    used 1016K, committed 1088K, reserved 1048576K
}
Event: 3.801 GC heap after
{Heap after GC invocations=14 (full 0):
 garbage-first heap   total 39936K, used 24745K [0x00000000f0000000, 0x0000000100000000)
  region size 1024K, 2 young (2048K), 2 survivors (2048K)
 Metaspace       used 9491K, committed 9664K, reserved 1114112K
  class space    used 1016K, committed 1088K, reserved 1048576K
}
Event: 3.980 GC heap before
{Heap before GC invocations=14 (full 0):
 garbage-first heap   total 39936K, used 29865K [0x00000000f0000000, 0x0000000100000000)
  region size 1024K, 8 young (8192K), 2 survivors (2048K)
 Metaspace       used 9501K, committed 9664K, reserved 1114112K
  class space    used 1016K, committed 1088K, reserved 1048576K
}
Event: 3.986 GC heap after
{Heap after GC invocations=15 (full 0):
 garbage-first heap   total 39936K, used 27057K [0x00000000f0000000, 0x0000000100000000)
  region size 1024K, 1 young (1024K), 1 survivors (1024K)
 Metaspace       used 9501K, committed 9664K, reserved 1114112K
  class space    used 1016K, committed 1088K, reserved 1048576K
}
Event: 4.129 GC heap before
{Heap before GC invocations=16 (full 0):
 garbage-first heap   total 43008K, used 29105K [0x00000000f0000000, 0x0000000100000000)
  region size 1024K, 7 young (7168K), 1 survivors (1024K)
 Metaspace       used 9512K, committed 9664K, reserved 1114112K
  class space    used 1016K, committed 1088K, reserved 1048576K
}
Event: 4.133 GC heap after
{Heap after GC invocations=17 (full 0):
 garbage-first heap   total 43008K, used 26215K [0x00000000f0000000, 0x0000000100000000)
  region size 1024K, 1 young (1024K), 1 survivors (1024K)
 Metaspace       used 9512K, committed 9664K, reserved 1114112K
  class space    used 1016K, committed 1088K, reserved 1048576K
}
Event: 4.271 GC heap before
{Heap before GC invocations=17 (full 0):
 garbage-first heap   total 43008K, used 32359K [0x00000000f0000000, 0x0000000100000000)
  region size 1024K, 8 young (8192K), 1 survivors (1024K)
 Metaspace       used 9524K, committed 9664K, reserved 1114112K
  class space    used 1016K, committed 1088K, reserved 1048576K
}
Event: 4.277 GC heap after
{Heap after GC invocations=18 (full 0):
 garbage-first heap   total 86016K, used 28190K [0x00000000f0000000, 0x0000000100000000)
  region size 1024K, 1 young (1024K), 1 survivors (1024K)
 Metaspace       used 9524K, committed 9664K, reserved 1114112K
  class space    used 1016K, committed 1088K, reserved 1048576K
}
Event: 5.147 GC heap before
{Heap before GC invocations=18 (full 0):
 garbage-first heap   total 86016K, used 53790K [0x00000000f0000000, 0x0000000100000000)
  region size 1024K, 26 young (26624K), 1 survivors (1024K)
 Metaspace       used 10570K, committed 10752K, reserved 1114112K
  class space    used 1097K, committed 1152K, reserved 1048576K
}
Event: 5.165 GC heap after
{Heap after GC invocations=19 (full 0):
 garbage-first heap   total 86016K, used 34474K [0x00000000f0000000, 0x0000000100000000)
  region size 1024K, 4 young (4096K), 4 survivors (4096K)
 Metaspace       used 10570K, committed 10752K, reserved 1114112K
  class space    used 1097K, committed 1152K, reserved 1048576K
}

