# JRE version: Java(TM) SE Runtime Environment (21.0.10+8) (build 21.0.10+8-LTS-217)
# Java VM: Java HotSpot(TM) 64-Bit Server VM (21.0.10+8-LTS-217, mixed mode, sharing, tiered, compressed oops, compressed class ptrs, g1 gc, windows-amd64)
GC Precious Log:
 CardTable entry size: 512
 Card Set container configuration: InlinePtr #cards 5 size 8 Array Of Cards #cards 12 size 40 Howl #buckets 4 coarsen threshold 1843 Howl Bitmap #cards 512 size 80 coarsen threshold 460 Card regions per heap region 1 cards per card region 2048
 CPUs: 8 total, 8 available
 Memory: 8040M
 Large Page Support: Disabled
 NUMA Support: Disabled
 Compressed Oops: Enabled (32-bit)
 Heap Region Size: 1M
 Heap Min Capacity: 8M
 Heap Initial Capacity: 126M
 Heap Max Capacity: 2012M
 Pre-touch: Disabled
 Parallel Workers: 8
 Concurrent Workers: 2
 Concurrent Refinement Workers: 8
 Periodic GC: Disabled
Heap:
 garbage-first heap   total 209920K, used 131386K [0x0000000082400000, 0x0000000100000000)
  region size 1024K, 14 young (14336K), 5 survivors (5120K)
 Metaspace       used 112838K, committed 114112K, reserved 1179648K
  class space    used 12030K, committed 12672K, reserved 1048576K
GC Heap History (20 events):
Event: 23.510 GC heap before
{Heap before GC invocations=21 (full 0):
 garbage-first heap   total 190464K, used 124886K [0x0000000082400000, 0x0000000100000000)
  region size 1024K, 65 young (66560K), 12 survivors (12288K)
 Metaspace       used 81402K, committed 82496K, reserved 1179648K
  class space    used 9309K, committed 9856K, reserved 1048576K
}
Event: 23.530 GC heap after
{Heap after GC invocations=22 (full 0):
 garbage-first heap   total 190464K, used 78336K [0x0000000082400000, 0x0000000100000000)
  region size 1024K, 6 young (6144K), 6 survivors (6144K)
 Metaspace       used 81402K, committed 82496K, reserved 1179648K
  class space    used 9309K, committed 9856K, reserved 1048576K
}
Event: 25.925 GC heap before
{Heap before GC invocations=23 (full 0):
 garbage-first heap   total 190464K, used 160256K [0x0000000082400000, 0x0000000100000000)
  region size 1024K, 91 young (93184K), 6 survivors (6144K)
 Metaspace       used 83306K, committed 84352K, reserved 1179648K
  class space    used 9399K, committed 9920K, reserved 1048576K
}
Event: 25.938 GC heap after
{Heap after GC invocations=24 (full 0):
 garbage-first heap   total 190464K, used 76800K [0x0000000082400000, 0x0000000100000000)
  region size 1024K, 10 young (10240K), 10 survivors (10240K)
 Metaspace       used 83306K, committed 84352K, reserved 1179648K
  class space    used 9399K, committed 9920K, reserved 1048576K
}
Event: 28.168 GC heap before
{Heap before GC invocations=24 (full 0):
 garbage-first heap   total 190464K, used 168960K [0x0000000082400000, 0x0000000100000000)
  region size 1024K, 98 young (100352K), 10 survivors (10240K)
 Metaspace       used 87094K, committed 88192K, reserved 1179648K
  class space    used 9813K, committed 10368K, reserved 1048576K
}
Event: 28.189 GC heap after
{Heap after GC invocations=25 (full 0):
 garbage-first heap   total 190464K, used 80131K [0x0000000082400000, 0x0000000100000000)
  region size 1024K, 10 young (10240K), 10 survivors (10240K)
 Metaspace       used 87094K, committed 88192K, reserved 1179648K
  class space    used 9813K, committed 10368K, reserved 1048576K
}
Event: 30.053 GC heap before
{Heap before GC invocations=25 (full 0):
 garbage-first heap   total 190464K, used 169219K [0x0000000082400000, 0x0000000100000000)
  region size 1024K, 97 young (99328K), 10 survivors (10240K)
 Metaspace       used 101719K, committed 102848K, reserved 1179648K
  class space    used 11218K, committed 11776K, reserved 1048576K
}
Event: 30.069 GC heap after
{Heap after GC invocations=26 (full 0):
 garbage-first heap   total 190464K, used 85817K [0x0000000082400000, 0x0000000100000000)
  region size 1024K, 10 young (10240K), 10 survivors (10240K)
 Metaspace       used 101719K, committed 102848K, reserved 1179648K
  class space    used 11218K, committed 11776K, reserved 1048576K
}
Event: 31.900 GC heap before
{Heap before GC invocations=27 (full 0):
 garbage-first heap   total 190464K, used 167737K [0x0000000082400000, 0x0000000100000000)
  region size 1024K, 92 young (94208K), 10 survivors (10240K)
 Metaspace       used 108716K, committed 109824K, reserved 1179648K
  class space    used 11689K, committed 12224K, reserved 1048576K
}
Event: 31.914 GC heap after
{Heap after GC invocations=28 (full 0):
 garbage-first heap   total 190464K, used 86396K [0x0000000082400000, 0x0000000100000000)
  region size 1024K, 10 young (10240K), 10 survivors (10240K)
 Metaspace       used 108716K, committed 109824K, reserved 1179648K
  class space    used 11689K, committed 12224K, reserved 1048576K
}
Event: 33.289 GC heap before
{Heap before GC invocations=28 (full 0):
 garbage-first heap   total 190464K, used 174460K [0x0000000082400000, 0x0000000100000000)
  region size 1024K, 91 young (93184K), 10 survivors (10240K)
 Metaspace       used 109715K, committed 110848K, reserved 1179648K
  class space    used 11728K, committed 12288K, reserved 1048576K
}
Event: 33.300 GC heap after
{Heap after GC invocations=29 (full 0):
 garbage-first heap   total 190464K, used 92398K [0x0000000082400000, 0x0000000100000000)
  region size 1024K, 11 young (11264K), 11 survivors (11264K)
 Metaspace       used 109715K, committed 110848K, reserved 1179648K
  class space    used 11728K, committed 12288K, reserved 1048576K
}
Event: 34.421 GC heap before
{Heap before GC invocations=29 (full 0):
 garbage-first heap   total 190464K, used 167150K [0x0000000082400000, 0x0000000100000000)
  region size 1024K, 85 young (87040K), 11 survivors (11264K)
 Metaspace       used 110722K, committed 111936K, reserved 1179648K
  class space    used 11841K, committed 12416K, reserved 1048576K
}
Event: 34.444 GC heap after
{Heap after GC invocations=30 (full 0):
 garbage-first heap   total 195584K, used 108379K [0x0000000082400000, 0x0000000100000000)
  region size 1024K, 11 young (11264K), 11 survivors (11264K)
 Metaspace       used 110722K, committed 111936K, reserved 1179648K
  class space    used 11841K, committed 12416K, reserved 1048576K
}
Event: 35.306 GC heap before
{Heap before GC invocations=31 (full 0):
 garbage-first heap   total 195584K, used 170843K [0x0000000082400000, 0x0000000100000000)
  region size 1024K, 71 young (72704K), 11 survivors (11264K)
 Metaspace       used 111423K, committed 112576K, reserved 1179648K
  class space    used 11915K, committed 12480K, reserved 1048576K
}
Event: 35.316 GC heap after
{Heap after GC invocations=32 (full 0):
 garbage-first heap   total 195584K, used 112640K [0x0000000082400000, 0x0000000100000000)
  region size 1024K, 7 young (7168K), 7 survivors (7168K)
 Metaspace       used 111423K, committed 112576K, reserved 1179648K
  class space    used 11915K, committed 12480K, reserved 1048576K
}
Event: 35.661 GC heap before
{Heap before GC invocations=32 (full 0):
 garbage-first heap   total 195584K, used 172032K [0x0000000082400000, 0x0000000100000000)
  region size 1024K, 64 young (65536K), 7 survivors (7168K)
 Metaspace       used 111520K, committed 112704K, reserved 1179648K
  class space    used 11915K, committed 12480K, reserved 1048576K
}
Event: 35.676 GC heap after
{Heap after GC invocations=33 (full 0):
 garbage-first heap   total 195584K, used 119808K [0x0000000082400000, 0x0000000100000000)
  region size 1024K, 8 young (8192K), 8 survivors (8192K)
 Metaspace       used 111520K, committed 112704K, reserved 1179648K
  class space    used 11915K, committed 12480K, reserved 1048576K
}
Event: 36.450 GC heap before
{Heap before GC invocations=33 (full 0):
 garbage-first heap   total 195584K, used 171008K [0x0000000082400000, 0x0000000100000000)
  region size 1024K, 58 young (59392K), 8 survivors (8192K)
 Metaspace       used 113183K, committed 114432K, reserved 1179648K
  class space    used 12065K, committed 12672K, reserved 1048576K
}
Event: 36.460 GC heap after
{Heap after GC invocations=34 (full 0):
 garbage-first heap   total 195584K, used 123194K [0x0000000082400000, 0x0000000100000000)
  region size 1024K, 5 young (5120K), 5 survivors (5120K)
 Metaspace       used 113183K, committed 114432K, reserved 1179648K
  class space    used 12065K, committed 12672K, reserved 1048576K
}

