# JRE version: Java(TM) SE Runtime Environment (21.0.10+8) (build 21.0.10+8-LTS-217)
# Java VM: Java HotSpot(TM) 64-Bit Server VM (21.0.10+8-LTS-217, mixed mode, sharing, tiered, compressed oops, compressed class ptrs, g1 gc, windows-amd64)
GC Precious Log:
 CardTable entry size: 512
 Card Set container configuration: InlinePtr #cards 5 size 8 Array Of Cards #cards 12 size 40 Howl #buckets 4 coarsen threshold 1843 Howl Bitmap #cards 512 size 80 coarsen threshold 460 Card regions per heap region 1 cards per card region 2048
 CPUs: 8 total, 8 available
 Memory: 8040M
 Large Page Support: Disabled
 NUMA Support: Disabled
 Compressed Oops: Enabled (32-bit)
 Heap Region Size: 1M
 Heap Min Capacity: 8M
 Heap Initial Capacity: 126M
 Heap Max Capacity: 2012M
 Pre-touch: Disabled
 Parallel Workers: 8
 Concurrent Workers: 2
 Concurrent Refinement Workers: 8
 Periodic GC: Disabled
Heap:
 garbage-first heap   total 61440K, used 17627K [0x0000000082400000, 0x0000000100000000)
  region size 1024K, 8 young (8192K), 6 survivors (6144K)
 Metaspace       used 21501K, committed 21888K, reserved 1114112K
  class space    used 2821K, committed 3008K, reserved 1048576K
GC Heap History (6 events):
Event: 2.730 GC heap before
{Heap before GC invocations=0 (full 0):
 garbage-first heap   total 129024K, used 23552K [0x0000000082400000, 0x0000000100000000)
  region size 1024K, 23 young (23552K), 0 survivors (0K)
 Metaspace       used 3980K, committed 4096K, reserved 1114112K
  class space    used 430K, committed 448K, reserved 1048576K
}
Event: 2.735 GC heap after
{Heap after GC invocations=1 (full 0):
 garbage-first heap   total 129024K, used 10575K [0x0000000082400000, 0x0000000100000000)
  region size 1024K, 3 young (3072K), 3 survivors (3072K)
 Metaspace       used 3980K, committed 4096K, reserved 1114112K
  class space    used 430K, committed 448K, reserved 1048576K
}
Event: 7.192 GC heap before
{Heap before GC invocations=1 (full 0):
 garbage-first heap   total 129024K, used 34127K [0x0000000082400000, 0x0000000100000000)
  region size 1024K, 26 young (26624K), 3 survivors (3072K)
 Metaspace       used 10076K, committed 10368K, reserved 1114112K
  class space    used 1188K, committed 1344K, reserved 1048576K
}
Event: 7.197 GC heap after
{Heap after GC invocations=2 (full 0):
 garbage-first heap   total 129024K, used 12683K [0x0000000082400000, 0x0000000100000000)
  region size 1024K, 2 young (2048K), 2 survivors (2048K)
 Metaspace       used 10076K, committed 10368K, reserved 1114112K
  class space    used 1188K, committed 1344K, reserved 1048576K
}
Event: 8.340 GC heap before
{Heap before GC invocations=2 (full 0):
 garbage-first heap   total 129024K, used 57739K [0x0000000082400000, 0x0000000100000000)
  region size 1024K, 47 young (48128K), 2 survivors (2048K)
 Metaspace       used 20108K, committed 20416K, reserved 1114112K
  class space    used 2686K, committed 2816K, reserved 1048576K
}
Event: 8.346 GC heap after
{Heap after GC invocations=3 (full 0):
 garbage-first heap   total 129024K, used 15942K [0x0000000082400000, 0x0000000100000000)
  region size 1024K, 6 young (6144K), 6 survivors (6144K)
 Metaspace       used 20108K, committed 20416K, reserved 1114112K
  class space    used 2686K, committed 2816K, reserved 1048576K
}

