# JRE version: Java(TM) SE Runtime Environment (21.0.10+8) (build 21.0.10+8-LTS-217)
# Java VM: Java HotSpot(TM) 64-Bit Server VM (21.0.10+8-LTS-217, mixed mode, sharing, tiered, compressed oops, compressed class ptrs, g1 gc, windows-amd64)
GC Precious Log:
 CardTable entry size: 512
 Card Set container configuration: InlinePtr #cards 5 size 8 Array Of Cards #cards 12 size 40 Howl #buckets 4 coarsen threshold 1843 Howl Bitmap #cards 512 size 80 coarsen threshold 460 Card regions per heap region 1 cards per card region 2048
 CPUs: 8 total, 8 available
 Memory: 8040M
 Large Page Support: Disabled
 NUMA Support: Disabled
 Compressed Oops: Enabled (32-bit)
 Heap Region Size: 1M
 Heap Min Capacity: 8M
 Heap Initial Capacity: 126M
 Heap Max Capacity: 2012M
 Pre-touch: Disabled
 Parallel Workers: 8
 Concurrent Workers: 2
 Concurrent Refinement Workers: 8
 Periodic GC: Disabled
Heap:
 garbage-first heap   total 237568K, used 141398K [0x0000000082400000, 0x0000000100000000)
  region size 1024K, 26 young (26624K), 5 survivors (5120K)
 Metaspace       used 114346K, committed 115584K, reserved 1179648K
  class space    used 12213K, committed 12800K, reserved 1048576K
GC Heap History (20 events):
Event: 21.797 GC heap before
{Heap before GC invocations=24 (full 0):
 garbage-first heap   total 186368K, used 156994K [0x0000000082400000, 0x0000000100000000)
  region size 1024K, 90 young (92160K), 9 survivors (9216K)
 Metaspace       used 83273K, committed 84352K, reserved 1179648K
  class space    used 9402K, committed 9920K, reserved 1048576K
}
Event: 21.814 GC heap after
{Heap after GC invocations=25 (full 0):
 garbage-first heap   total 186368K, used 77542K [0x0000000082400000, 0x0000000100000000)
  region size 1024K, 5 young (5120K), 5 survivors (5120K)
 Metaspace       used 83273K, committed 84352K, reserved 1179648K
  class space    used 9402K, committed 9920K, reserved 1048576K
}
Event: 23.895 GC heap before
{Heap before GC invocations=25 (full 0):
 garbage-first heap   total 186368K, used 165606K [0x0000000082400000, 0x0000000100000000)
  region size 1024K, 89 young (91136K), 5 survivors (5120K)
 Metaspace       used 86660K, committed 87744K, reserved 1179648K
  class space    used 9808K, committed 10368K, reserved 1048576K
}
Event: 23.911 GC heap after
{Heap after GC invocations=26 (full 0):
 garbage-first heap   total 186368K, used 82312K [0x0000000082400000, 0x0000000100000000)
  region size 1024K, 9 young (9216K), 9 survivors (9216K)
 Metaspace       used 86660K, committed 87744K, reserved 1179648K
  class space    used 9808K, committed 10368K, reserved 1048576K
}
Event: 25.781 GC heap before
{Heap before GC invocations=26 (full 0):
 garbage-first heap   total 186368K, used 156040K [0x0000000082400000, 0x0000000100000000)
  region size 1024K, 82 young (83968K), 9 survivors (9216K)
 Metaspace       used 97271K, committed 98432K, reserved 1179648K
  class space    used 10768K, committed 11328K, reserved 1048576K
}
Event: 25.796 GC heap after
{Heap after GC invocations=27 (full 0):
 garbage-first heap   total 186368K, used 87649K [0x0000000082400000, 0x0000000100000000)
  region size 1024K, 10 young (10240K), 10 survivors (10240K)
 Metaspace       used 97271K, committed 98432K, reserved 1179648K
  class space    used 10768K, committed 11328K, reserved 1048576K
}
Event: 27.582 GC heap before
{Heap before GC invocations=28 (full 0):
 garbage-first heap   total 186368K, used 162401K [0x0000000082400000, 0x0000000100000000)
  region size 1024K, 85 young (87040K), 10 survivors (10240K)
 Metaspace       used 107387K, committed 108480K, reserved 1179648K
  class space    used 11633K, committed 12160K, reserved 1048576K
}
Event: 27.599 GC heap after
{Heap after GC invocations=29 (full 0):
 garbage-first heap   total 186368K, used 86807K [0x0000000082400000, 0x0000000100000000)
  region size 1024K, 8 young (8192K), 8 survivors (8192K)
 Metaspace       used 107387K, committed 108480K, reserved 1179648K
  class space    used 11633K, committed 12160K, reserved 1048576K
}
Event: 29.034 GC heap before
{Heap before GC invocations=29 (full 0):
 garbage-first heap   total 186368K, used 168727K [0x0000000082400000, 0x0000000100000000)
  region size 1024K, 87 young (89088K), 8 survivors (8192K)
 Metaspace       used 109592K, committed 110720K, reserved 1179648K
  class space    used 11733K, committed 12288K, reserved 1048576K
}
Event: 29.043 GC heap after
{Heap after GC invocations=30 (full 0):
 garbage-first heap   total 186368K, used 80840K [0x0000000082400000, 0x0000000100000000)
  region size 1024K, 2 young (2048K), 2 survivors (2048K)
 Metaspace       used 109592K, committed 110720K, reserved 1179648K
  class space    used 11733K, committed 12288K, reserved 1048576K
}
Event: 29.232 GC heap before
{Heap before GC invocations=30 (full 0):
 garbage-first heap   total 186368K, used 89032K [0x0000000082400000, 0x0000000100000000)
  region size 1024K, 12 young (12288K), 2 survivors (2048K)
 Metaspace       used 109607K, committed 110720K, reserved 1179648K
  class space    used 11733K, committed 12288K, reserved 1048576K
}
Event: 29.236 GC heap after
{Heap after GC invocations=31 (full 0):
 garbage-first heap   total 186368K, used 80749K [0x0000000082400000, 0x0000000100000000)
  region size 1024K, 2 young (2048K), 2 survivors (2048K)
 Metaspace       used 109607K, committed 110720K, reserved 1179648K
  class space    used 11733K, committed 12288K, reserved 1048576K
}
Event: 30.964 GC heap before
{Heap before GC invocations=32 (full 0):
 garbage-first heap   total 186368K, used 177005K [0x0000000082400000, 0x0000000100000000)
  region size 1024K, 93 young (95232K), 2 survivors (2048K)
 Metaspace       used 110423K, committed 111552K, reserved 1179648K
  class space    used 11828K, committed 12352K, reserved 1048576K
}
Event: 30.994 GC heap after
{Heap after GC invocations=33 (full 0):
 garbage-first heap   total 204800K, used 109568K [0x0000000082400000, 0x0000000100000000)
  region size 1024K, 12 young (12288K), 12 survivors (12288K)
 Metaspace       used 110423K, committed 111552K, reserved 1179648K
  class space    used 11828K, committed 12352K, reserved 1048576K
}
Event: 32.064 GC heap before
{Heap before GC invocations=33 (full 0):
 garbage-first heap   total 204800K, used 183296K [0x0000000082400000, 0x0000000100000000)
  region size 1024K, 83 young (84992K), 12 survivors (12288K)
 Metaspace       used 111334K, committed 112512K, reserved 1179648K
  class space    used 11920K, committed 12480K, reserved 1048576K
}
Event: 32.090 GC heap after
{Heap after GC invocations=34 (full 0):
 garbage-first heap   total 204800K, used 112064K [0x0000000082400000, 0x0000000100000000)
  region size 1024K, 9 young (9216K), 9 survivors (9216K)
 Metaspace       used 111334K, committed 112512K, reserved 1179648K
  class space    used 11920K, committed 12480K, reserved 1048576K
}
Event: 32.292 GC heap before
{Heap before GC invocations=34 (full 0):
 garbage-first heap   total 204800K, used 142784K [0x0000000082400000, 0x0000000100000000)
  region size 1024K, 40 young (40960K), 9 survivors (9216K)
 Metaspace       used 111423K, committed 112640K, reserved 1179648K
  class space    used 11920K, committed 12480K, reserved 1048576K
}
Event: 32.303 GC heap after
{Heap after GC invocations=35 (full 0):
 garbage-first heap   total 204800K, used 119717K [0x0000000082400000, 0x0000000100000000)
  region size 1024K, 9 young (9216K), 9 survivors (9216K)
 Metaspace       used 111423K, committed 112640K, reserved 1179648K
  class space    used 11920K, committed 12480K, reserved 1048576K
}
Event: 32.968 GC heap before
{Heap before GC invocations=36 (full 0):
 garbage-first heap   total 237568K, used 176037K [0x0000000082400000, 0x0000000100000000)
  region size 1024K, 65 young (66560K), 9 survivors (9216K)
 Metaspace       used 111897K, committed 113088K, reserved 1179648K
  class space    used 11957K, committed 12544K, reserved 1048576K
}
Event: 32.978 GC heap after
{Heap after GC invocations=37 (full 0):
 garbage-first heap   total 237568K, used 120918K [0x0000000082400000, 0x0000000100000000)
  region size 1024K, 5 young (5120K), 5 survivors (5120K)
 Metaspace       used 111897K, committed 113088K, reserved 1179648K
  class space    used 11957K, committed 12544K, reserved 1048576K
}

