# JRE version: Java(TM) SE Runtime Environment (21.0.10+8) (build 21.0.10+8-LTS-217)
# Java VM: Java HotSpot(TM) 64-Bit Server VM (21.0.10+8-LTS-217, mixed mode, sharing, tiered, compressed oops, compressed class ptrs, g1 gc, windows-amd64)
GC Precious Log:
 CardTable entry size: 512
 Card Set container configuration: InlinePtr #cards 5 size 8 Array Of Cards #cards 12 size 40 Howl #buckets 4 coarsen threshold 1843 Howl Bitmap #cards 512 size 80 coarsen threshold 460 Card regions per heap region 1 cards per card region 2048
 CPUs: 8 total, 8 available
 Memory: 8040M
 Large Page Support: Disabled
 NUMA Support: Disabled
 Compressed Oops: Enabled (32-bit)
 Heap Region Size: 1M
 Heap Min Capacity: 8M
 Heap Initial Capacity: 8M
 Heap Max Capacity: 256M
 Pre-touch: Disabled
 Parallel Workers: 8
 Concurrent Workers: 2
 Concurrent Refinement Workers: 8
 Periodic GC: Disabled
Heap:
 garbage-first heap   total 68608K, used 45187K [0x00000000f0000000, 0x0000000100000000)
  region size 1024K, 9 young (9216K), 2 survivors (2048K)
 Metaspace       used 14416K, committed 14784K, reserved 1114112K
  class space    used 1484K, committed 1664K, reserved 1048576K
GC Heap History (20 events):
Event: 3.091 GC heap before
{Heap before GC invocations=15 (full 0):
 garbage-first heap   total 32768K, used 23581K [0x00000000f0000000, 0x0000000100000000)
  region size 1024K, 7 young (7168K), 1 survivors (1024K)
 Metaspace       used 9463K, committed 9600K, reserved 1114112K
  class space    used 1016K, committed 1088K, reserved 1048576K
}
Event: 3.100 GC heap after
{Heap after GC invocations=16 (full 0):
 garbage-first heap   total 32768K, used 17630K [0x00000000f0000000, 0x0000000100000000)
  region size 1024K, 1 young (1024K), 1 survivors (1024K)
 Metaspace       used 9463K, committed 9600K, reserved 1114112K
  class space    used 1016K, committed 1088K, reserved 1048576K
}
Event: 3.206 GC heap before
{Heap before GC invocations=16 (full 0):
 garbage-first heap   total 32768K, used 23774K [0x00000000f0000000, 0x0000000100000000)
  region size 1024K, 7 young (7168K), 1 survivors (1024K)
 Metaspace       used 9469K, committed 9600K, reserved 1114112K
  class space    used 1016K, committed 1088K, reserved 1048576K
}
Event: 3.211 GC heap after
{Heap after GC invocations=17 (full 0):
 garbage-first heap   total 65536K, used 18722K [0x00000000f0000000, 0x0000000100000000)
  region size 1024K, 1 young (1024K), 1 survivors (1024K)
 Metaspace       used 9469K, committed 9600K, reserved 1114112K
  class space    used 1016K, committed 1088K, reserved 1048576K
}
Event: 3.727 GC heap before
{Heap before GC invocations=18 (full 0):
 garbage-first heap   total 65536K, used 41250K [0x00000000f0000000, 0x0000000100000000)
  region size 1024K, 24 young (24576K), 1 survivors (1024K)
 Metaspace       used 9515K, committed 9728K, reserved 1114112K
  class space    used 1016K, committed 1088K, reserved 1048576K
}
Event: 3.738 GC heap after
{Heap after GC invocations=19 (full 0):
 garbage-first heap   total 65536K, used 26624K [0x00000000f0000000, 0x0000000100000000)
  region size 1024K, 3 young (3072K), 3 survivors (3072K)
 Metaspace       used 9515K, committed 9728K, reserved 1114112K
  class space    used 1016K, committed 1088K, reserved 1048576K
}
Event: 4.670 GC heap before
{Heap before GC invocations=19 (full 0):
 garbage-first heap   total 65536K, used 43008K [0x00000000f0000000, 0x0000000100000000)
  region size 1024K, 19 young (19456K), 3 survivors (3072K)
 Metaspace       used 10403K, committed 10560K, reserved 1114112K
  class space    used 1090K, committed 1152K, reserved 1048576K
}
Event: 4.686 GC heap after
{Heap after GC invocations=20 (full 0):
 garbage-first heap   total 65536K, used 30573K [0x00000000f0000000, 0x0000000100000000)
  region size 1024K, 3 young (3072K), 3 survivors (3072K)
 Metaspace       used 10403K, committed 10560K, reserved 1114112K
  class space    used 1090K, committed 1152K, reserved 1048576K
}
Event: 5.144 GC heap before
{Heap before GC invocations=20 (full 0):
 garbage-first heap   total 65536K, used 47981K [0x00000000f0000000, 0x0000000100000000)
  region size 1024K, 19 young (19456K), 3 survivors (3072K)
 Metaspace       used 10610K, committed 10816K, reserved 1114112K
  class space    used 1096K, committed 1152K, reserved 1048576K
}
Event: 5.164 GC heap after
{Heap after GC invocations=21 (full 0):
 garbage-first heap   total 65536K, used 34572K [0x00000000f0000000, 0x0000000100000000)
  region size 1024K, 3 young (3072K), 3 survivors (3072K)
 Metaspace       used 10610K, committed 10816K, reserved 1114112K
  class space    used 1096K, committed 1152K, reserved 1048576K
}
Event: 5.213 GC heap before
{Heap before GC invocations=21 (full 0):
 garbage-first heap   total 65536K, used 37644K [0x00000000f0000000, 0x0000000100000000)
  region size 1024K, 7 young (7168K), 3 survivors (3072K)
 Metaspace       used 10621K, committed 10816K, reserved 1114112K
  class space    used 1096K, committed 1152K, reserved 1048576K
}
Event: 5.226 GC heap after
{Heap after GC invocations=22 (full 0):
 garbage-first heap   total 65536K, used 35631K [0x00000000f0000000, 0x0000000100000000)
  region size 1024K, 1 young (1024K), 1 survivors (1024K)
 Metaspace       used 10621K, committed 10816K, reserved 1114112K
  class space    used 1096K, committed 1152K, reserved 1048576K
}
Event: 6.465 GC heap before
{Heap before GC invocations=23 (full 0):
 garbage-first heap   total 66560K, used 55087K [0x00000000f0000000, 0x0000000100000000)
  region size 1024K, 18 young (18432K), 1 survivors (1024K)
 Metaspace       used 11951K, committed 12224K, reserved 1114112K
  class space    used 1205K, committed 1344K, reserved 1048576K
}
Event: 6.472 GC heap after
{Heap after GC invocations=24 (full 0):
 garbage-first heap   total 66560K, used 38098K [0x00000000f0000000, 0x0000000100000000)
  region size 1024K, 3 young (3072K), 3 survivors (3072K)
 Metaspace       used 11951K, committed 12224K, reserved 1114112K
  class space    used 1205K, committed 1344K, reserved 1048576K
}
Event: 6.954 GC heap before
{Heap before GC invocations=24 (full 0):
 garbage-first heap   total 66560K, used 54482K [0x00000000f0000000, 0x0000000100000000)
  region size 1024K, 20 young (20480K), 3 survivors (3072K)
 Metaspace       used 13166K, committed 13376K, reserved 1114112K
  class space    used 1351K, committed 1472K, reserved 1048576K
}
Event: 6.964 GC heap after
{Heap after GC invocations=25 (full 0):
 garbage-first heap   total 66560K, used 37579K [0x00000000f0000000, 0x0000000100000000)
  region size 1024K, 2 young (2048K), 2 survivors (2048K)
 Metaspace       used 13166K, committed 13376K, reserved 1114112K
  class space    used 1351K, committed 1472K, reserved 1048576K
}
Event: 7.283 GC heap before
{Heap before GC invocations=25 (full 0):
 garbage-first heap   total 66560K, used 57035K [0x00000000f0000000, 0x0000000100000000)
  region size 1024K, 21 young (21504K), 2 survivors (2048K)
 Metaspace       used 13825K, committed 14080K, reserved 1114112K
  class space    used 1404K, committed 1536K, reserved 1048576K
}
Event: 7.290 GC heap after
{Heap after GC invocations=26 (full 0):
 garbage-first heap   total 66560K, used 38214K [0x00000000f0000000, 0x0000000100000000)
  region size 1024K, 1 young (1024K), 1 survivors (1024K)
 Metaspace       used 13825K, committed 14080K, reserved 1114112K
  class space    used 1404K, committed 1536K, reserved 1048576K
}
Event: 7.901 GC heap before
{Heap before GC invocations=27 (full 0):
 garbage-first heap   total 68608K, used 56646K [0x00000000f0000000, 0x0000000100000000)
  region size 1024K, 20 young (20480K), 1 survivors (1024K)
 Metaspace       used 14365K, committed 14720K, reserved 1114112K
  class space    used 1477K, committed 1664K, reserved 1048576K
}
Event: 7.909 GC heap after
{Heap after GC invocations=28 (full 0):
 garbage-first heap   total 68608K, used 39043K [0x00000000f0000000, 0x0000000100000000)
  region size 1024K, 2 young (2048K), 2 survivors (2048K)
 Metaspace       used 14365K, committed 14720K, reserved 1114112K
  class space    used 1477K, committed 1664K, reserved 1048576K
}

