# JRE version: Java(TM) SE Runtime Environment (21.0.10+8) (build 21.0.10+8-LTS-217)
# Java VM: Java HotSpot(TM) 64-Bit Server VM (21.0.10+8-LTS-217, mixed mode, sharing, tiered, compressed oops, compressed class ptrs, g1 gc, windows-amd64)
GC Precious Log:
 CardTable entry size: 512
 Card Set container configuration: InlinePtr #cards 5 size 8 Array Of Cards #cards 12 size 40 Howl #buckets 4 coarsen threshold 1843 Howl Bitmap #cards 512 size 80 coarsen threshold 460 Card regions per heap region 1 cards per card region 2048
 CPUs: 8 total, 8 available
 Memory: 8040M
 Large Page Support: Disabled
 NUMA Support: Disabled
 Compressed Oops: Enabled (32-bit)
 Heap Region Size: 1M
 Heap Min Capacity: 8M
 Heap Initial Capacity: 126M
 Heap Max Capacity: 2012M
 Pre-touch: Disabled
 Parallel Workers: 8
 Concurrent Workers: 2
 Concurrent Refinement Workers: 8
 Periodic GC: Disabled
Heap:
 garbage-first heap   total 73728K, used 37487K [0x0000000082400000, 0x0000000100000000)
  region size 1024K, 3 young (3072K), 3 survivors (3072K)
 Metaspace       used 75010K, committed 75648K, reserved 1179648K
  class space    used 9895K, committed 10176K, reserved 1048576K
GC Heap History (20 events):
Event: 4.478 GC heap after
{Heap after GC invocations=7 (full 0):
 garbage-first heap   total 61440K, used 21866K [0x0000000082400000, 0x0000000100000000)
  region size 1024K, 4 young (4096K), 4 survivors (4096K)
 Metaspace       used 32378K, committed 32768K, reserved 1114112K
  class space    used 4040K, committed 4224K, reserved 1048576K
}
Event: 4.964 GC heap before
{Heap before GC invocations=7 (full 0):
 garbage-first heap   total 61440K, used 46442K [0x0000000082400000, 0x0000000100000000)
  region size 1024K, 29 young (29696K), 4 survivors (4096K)
 Metaspace       used 34679K, committed 35072K, reserved 1114112K
  class space    used 4275K, committed 4480K, reserved 1048576K
}
Event: 4.971 GC heap after
{Heap after GC invocations=8 (full 0):
 garbage-first heap   total 61440K, used 24501K [0x0000000082400000, 0x0000000100000000)
  region size 1024K, 3 young (3072K), 3 survivors (3072K)
 Metaspace       used 34679K, committed 35072K, reserved 1114112K
  class space    used 4275K, committed 4480K, reserved 1048576K
}
Event: 5.247 GC heap before
{Heap before GC invocations=8 (full 0):
 garbage-first heap   total 61440K, used 36789K [0x0000000082400000, 0x0000000100000000)
  region size 1024K, 16 young (16384K), 3 survivors (3072K)
 Metaspace       used 35936K, committed 36288K, reserved 1114112K
  class space    used 4484K, committed 4672K, reserved 1048576K
}
Event: 5.255 GC heap after
{Heap after GC invocations=9 (full 0):
 garbage-first heap   total 61440K, used 25600K [0x0000000082400000, 0x0000000100000000)
  region size 1024K, 1 young (1024K), 1 survivors (1024K)
 Metaspace       used 35936K, committed 36288K, reserved 1114112K
  class space    used 4484K, committed 4672K, reserved 1048576K
}
Event: 5.906 GC heap before
{Heap before GC invocations=10 (full 0):
 garbage-first heap   total 61440K, used 51200K [0x0000000082400000, 0x0000000100000000)
  region size 1024K, 26 young (26624K), 1 survivors (1024K)
 Metaspace       used 39403K, committed 39808K, reserved 1114112K
  class space    used 5002K, committed 5184K, reserved 1048576K
}
Event: 5.912 GC heap after
{Heap after GC invocations=11 (full 0):
 garbage-first heap   total 73728K, used 27409K [0x0000000082400000, 0x0000000100000000)
  region size 1024K, 3 young (3072K), 3 survivors (3072K)
 Metaspace       used 39403K, committed 39808K, reserved 1114112K
  class space    used 5002K, committed 5184K, reserved 1048576K
}
Event: 6.832 GC heap before
{Heap before GC invocations=11 (full 0):
 garbage-first heap   total 73728K, used 63249K [0x0000000082400000, 0x0000000100000000)
  region size 1024K, 38 young (38912K), 3 survivors (3072K)
 Metaspace       used 43534K, committed 43968K, reserved 1114112K
  class space    used 5567K, committed 5760K, reserved 1048576K
}
Event: 6.847 GC heap after
{Heap after GC invocations=12 (full 0):
 garbage-first heap   total 73728K, used 29880K [0x0000000082400000, 0x0000000100000000)
  region size 1024K, 5 young (5120K), 5 survivors (5120K)
 Metaspace       used 43534K, committed 43968K, reserved 1114112K
  class space    used 5567K, committed 5760K, reserved 1048576K
}
Event: 7.835 GC heap before
{Heap before GC invocations=12 (full 0):
 garbage-first heap   total 73728K, used 62648K [0x0000000082400000, 0x0000000100000000)
  region size 1024K, 37 young (37888K), 5 survivors (5120K)
 Metaspace       used 49699K, committed 50240K, reserved 1114112K
  class space    used 6364K, committed 6592K, reserved 1048576K
}
Event: 7.848 GC heap after
{Heap after GC invocations=13 (full 0):
 garbage-first heap   total 73728K, used 31954K [0x0000000082400000, 0x0000000100000000)
  region size 1024K, 3 young (3072K), 3 survivors (3072K)
 Metaspace       used 49699K, committed 50240K, reserved 1114112K
  class space    used 6364K, committed 6592K, reserved 1048576K
}
Event: 8.684 GC heap before
{Heap before GC invocations=13 (full 0):
 garbage-first heap   total 73728K, used 63698K [0x0000000082400000, 0x0000000100000000)
  region size 1024K, 35 young (35840K), 3 survivors (3072K)
 Metaspace       used 59362K, committed 59904K, reserved 1114112K
  class space    used 7655K, committed 7872K, reserved 1048576K
}
Event: 8.691 GC heap after
{Heap after GC invocations=14 (full 0):
 garbage-first heap   total 73728K, used 33543K [0x0000000082400000, 0x0000000100000000)
  region size 1024K, 4 young (4096K), 4 survivors (4096K)
 Metaspace       used 59362K, committed 59904K, reserved 1114112K
  class space    used 7655K, committed 7872K, reserved 1048576K
}
Event: 8.751 GC heap before
{Heap before GC invocations=14 (full 0):
 garbage-first heap   total 73728K, used 36615K [0x0000000082400000, 0x0000000100000000)
  region size 1024K, 8 young (8192K), 4 survivors (4096K)
 Metaspace       used 60304K, committed 60800K, reserved 1114112K
  class space    used 7782K, committed 8000K, reserved 1048576K
}
Event: 8.757 GC heap after
{Heap after GC invocations=15 (full 0):
 garbage-first heap   total 73728K, used 33961K [0x0000000082400000, 0x0000000100000000)
  region size 1024K, 3 young (3072K), 3 survivors (3072K)
 Metaspace       used 60304K, committed 60800K, reserved 1114112K
  class space    used 7782K, committed 8000K, reserved 1048576K
}
Event: 9.404 GC heap before
{Heap before GC invocations=16 (full 0):
 garbage-first heap   total 73728K, used 63657K [0x0000000082400000, 0x0000000100000000)
  region size 1024K, 33 young (33792K), 3 survivors (3072K)
 Metaspace       used 66723K, committed 67264K, reserved 1114112K
  class space    used 8729K, committed 8960K, reserved 1048576K
}
Event: 9.411 GC heap after
{Heap after GC invocations=17 (full 0):
 garbage-first heap   total 73728K, used 35703K [0x0000000082400000, 0x0000000100000000)
  region size 1024K, 4 young (4096K), 4 survivors (4096K)
 Metaspace       used 66723K, committed 67264K, reserved 1114112K
  class space    used 8729K, committed 8960K, reserved 1048576K
}
Event: 9.898 GC heap before
{Heap before GC invocations=17 (full 0):
 garbage-first heap   total 73728K, used 64375K [0x0000000082400000, 0x0000000100000000)
  region size 1024K, 32 young (32768K), 4 survivors (4096K)
 Metaspace       used 71170K, committed 71744K, reserved 1114112K
  class space    used 9387K, committed 9664K, reserved 1048576K
}
Event: 9.906 GC heap after
{Heap after GC invocations=18 (full 0):
 garbage-first heap   total 73728K, used 35899K [0x0000000082400000, 0x0000000100000000)
  region size 1024K, 3 young (3072K), 3 survivors (3072K)
 Metaspace       used 71170K, committed 71744K, reserved 1114112K
  class space    used 9387K, committed 9664K, reserved 1048576K
}
Event: 10.540 GC heap before
{Heap before GC invocations=18 (full 0):
 garbage-first heap   total 73728K, used 64571K [0x0000000082400000, 0x0000000100000000)
  region size 1024K, 31 young (31744K), 3 survivors (3072K)
 Metaspace       used 75010K, committed 75648K, reserved 1179648K
  class space    used 9895K, committed 10176K, reserved 1048576K
}

