# JRE version: Java(TM) SE Runtime Environment (21.0.10+8) (build 21.0.10+8-LTS-217)
# Java VM: Java HotSpot(TM) 64-Bit Server VM (21.0.10+8-LTS-217, mixed mode, sharing, tiered, compressed oops, compressed class ptrs, g1 gc, windows-amd64)
GC Precious Log:
 CardTable entry size: 512
 Card Set container configuration: InlinePtr #cards 5 size 8 Array Of Cards #cards 12 size 40 Howl #buckets 4 coarsen threshold 1843 Howl Bitmap #cards 512 size 80 coarsen threshold 460 Card regions per heap region 1 cards per card region 2048
 CPUs: 8 total, 8 available
 Memory: 8040M
 Large Page Support: Disabled
 NUMA Support: Disabled
 Compressed Oops: Enabled (32-bit)
 Heap Region Size: 1M
 Heap Min Capacity: 8M
 Heap Initial Capacity: 126M
 Heap Max Capacity: 2012M
 Pre-touch: Disabled
 Parallel Workers: 8
 Concurrent Workers: 2
 Concurrent Refinement Workers: 8
 Periodic GC: Disabled
Heap:
 garbage-first heap   total 78848K, used 40483K [0x0000000082400000, 0x0000000100000000)
  region size 1024K, 5 young (5120K), 5 survivors (5120K)
 Metaspace       used 79031K, committed 79680K, reserved 1179648K
  class space    used 10527K, committed 10816K, reserved 1048576K
GC Heap History (20 events):
Event: 5.085 GC heap after
{Heap after GC invocations=8 (full 0):
 garbage-first heap   total 65536K, used 25689K [0x0000000082400000, 0x0000000100000000)
  region size 1024K, 3 young (3072K), 3 survivors (3072K)
 Metaspace       used 34673K, committed 35072K, reserved 1114112K
  class space    used 4281K, committed 4480K, reserved 1048576K
}
Event: 5.303 GC heap before
{Heap before GC invocations=8 (full 0):
 garbage-first heap   total 65536K, used 31833K [0x0000000082400000, 0x0000000100000000)
  region size 1024K, 10 young (10240K), 3 survivors (3072K)
 Metaspace       used 35797K, committed 36160K, reserved 1114112K
  class space    used 4460K, committed 4672K, reserved 1048576K
}
Event: 5.310 GC heap after
{Heap after GC invocations=9 (full 0):
 garbage-first heap   total 65536K, used 26677K [0x0000000082400000, 0x0000000100000000)
  region size 1024K, 1 young (1024K), 1 survivors (1024K)
 Metaspace       used 35797K, committed 36160K, reserved 1114112K
  class space    used 4460K, committed 4672K, reserved 1048576K
}
Event: 6.172 GC heap before
{Heap before GC invocations=10 (full 0):
 garbage-first heap   total 65536K, used 53301K [0x0000000082400000, 0x0000000100000000)
  region size 1024K, 27 young (27648K), 1 survivors (1024K)
 Metaspace       used 39391K, committed 39808K, reserved 1114112K
  class space    used 5007K, committed 5184K, reserved 1048576K
}
Event: 6.179 GC heap after
{Heap after GC invocations=11 (full 0):
 garbage-first heap   total 65536K, used 28535K [0x0000000082400000, 0x0000000100000000)
  region size 1024K, 3 young (3072K), 3 survivors (3072K)
 Metaspace       used 39391K, committed 39808K, reserved 1114112K
  class space    used 5007K, committed 5184K, reserved 1048576K
}
Event: 7.052 GC heap before
{Heap before GC invocations=11 (full 0):
 garbage-first heap   total 65536K, used 53111K [0x0000000082400000, 0x0000000100000000)
  region size 1024K, 28 young (28672K), 3 survivors (3072K)
 Metaspace       used 42222K, committed 42688K, reserved 1114112K
  class space    used 5391K, committed 5568K, reserved 1048576K
}
Event: 7.062 GC heap after
{Heap after GC invocations=12 (full 0):
 garbage-first heap   total 65536K, used 29397K [0x0000000082400000, 0x0000000100000000)
  region size 1024K, 4 young (4096K), 4 survivors (4096K)
 Metaspace       used 42222K, committed 42688K, reserved 1114112K
  class space    used 5391K, committed 5568K, reserved 1048576K
}
Event: 8.046 GC heap before
{Heap before GC invocations=12 (full 0):
 garbage-first heap   total 65536K, used 56021K [0x0000000082400000, 0x0000000100000000)
  region size 1024K, 30 young (30720K), 4 survivors (4096K)
 Metaspace       used 46892K, committed 47424K, reserved 1114112K
  class space    used 6011K, committed 6272K, reserved 1048576K
}
Event: 8.058 GC heap after
{Heap after GC invocations=13 (full 0):
 garbage-first heap   total 78848K, used 31450K [0x0000000082400000, 0x0000000100000000)
  region size 1024K, 4 young (4096K), 4 survivors (4096K)
 Metaspace       used 46892K, committed 47424K, reserved 1114112K
  class space    used 6011K, committed 6272K, reserved 1048576K
}
Event: 9.274 GC heap before
{Heap before GC invocations=13 (full 0):
 garbage-first heap   total 78848K, used 67290K [0x0000000082400000, 0x0000000100000000)
  region size 1024K, 40 young (40960K), 4 survivors (4096K)
 Metaspace       used 55704K, committed 56256K, reserved 1114112K
  class space    used 7189K, committed 7424K, reserved 1048576K
}
Event: 9.284 GC heap after
{Heap after GC invocations=14 (full 0):
 garbage-first heap   total 78848K, used 33122K [0x0000000082400000, 0x0000000100000000)
  region size 1024K, 4 young (4096K), 4 survivors (4096K)
 Metaspace       used 55704K, committed 56256K, reserved 1114112K
  class space    used 7189K, committed 7424K, reserved 1048576K
}
Event: 9.548 GC heap before
{Heap before GC invocations=14 (full 0):
 garbage-first heap   total 78848K, used 45410K [0x0000000082400000, 0x0000000100000000)
  region size 1024K, 18 young (18432K), 4 survivors (4096K)
 Metaspace       used 59937K, committed 60480K, reserved 1114112K
  class space    used 7743K, committed 7936K, reserved 1048576K
}
Event: 9.557 GC heap after
{Heap after GC invocations=15 (full 0):
 garbage-first heap   total 78848K, used 34604K [0x0000000082400000, 0x0000000100000000)
  region size 1024K, 4 young (4096K), 4 survivors (4096K)
 Metaspace       used 59937K, committed 60480K, reserved 1114112K
  class space    used 7743K, committed 7936K, reserved 1048576K
}
Event: 10.121 GC heap before
{Heap before GC invocations=16 (full 0):
 garbage-first heap   total 78848K, used 62252K [0x0000000082400000, 0x0000000100000000)
  region size 1024K, 32 young (32768K), 4 survivors (4096K)
 Metaspace       used 64940K, committed 65536K, reserved 1114112K
  class space    used 8384K, committed 8640K, reserved 1048576K
}
Event: 10.130 GC heap after
{Heap after GC invocations=17 (full 0):
 garbage-first heap   total 78848K, used 36260K [0x0000000082400000, 0x0000000100000000)
  region size 1024K, 3 young (3072K), 3 survivors (3072K)
 Metaspace       used 64940K, committed 65536K, reserved 1114112K
  class space    used 8384K, committed 8640K, reserved 1048576K
}
Event: 10.688 GC heap before
{Heap before GC invocations=17 (full 0):
 garbage-first heap   total 78848K, used 63908K [0x0000000082400000, 0x0000000100000000)
  region size 1024K, 31 young (31744K), 3 survivors (3072K)
 Metaspace       used 71005K, committed 71616K, reserved 1114112K
  class space    used 9385K, committed 9664K, reserved 1048576K
}
Event: 10.702 GC heap after
{Heap after GC invocations=18 (full 0):
 garbage-first heap   total 78848K, used 36658K [0x0000000082400000, 0x0000000100000000)
  region size 1024K, 3 young (3072K), 3 survivors (3072K)
 Metaspace       used 71005K, committed 71616K, reserved 1114112K
  class space    used 9385K, committed 9664K, reserved 1048576K
}
Event: 11.193 GC heap before
{Heap before GC invocations=18 (full 0):
 garbage-first heap   total 78848K, used 67378K [0x0000000082400000, 0x0000000100000000)
  region size 1024K, 33 young (33792K), 3 survivors (3072K)
 Metaspace       used 74897K, committed 75520K, reserved 1179648K
  class space    used 9893K, committed 10176K, reserved 1048576K
}
Event: 11.202 GC heap after
{Heap after GC invocations=19 (full 0):
 garbage-first heap   total 78848K, used 38356K [0x0000000082400000, 0x0000000100000000)
  region size 1024K, 5 young (5120K), 5 survivors (5120K)
 Metaspace       used 74897K, committed 75520K, reserved 1179648K
  class space    used 9893K, committed 10176K, reserved 1048576K
}
Event: 11.966 GC heap before
{Heap before GC invocations=19 (full 0):
 garbage-first heap   total 78848K, used 68052K [0x0000000082400000, 0x0000000100000000)
  region size 1024K, 34 young (34816K), 5 survivors (5120K)
 Metaspace       used 79031K, committed 79680K, reserved 1179648K
  class space    used 10527K, committed 10816K, reserved 1048576K
}

