# JRE version: Java(TM) SE Runtime Environment (21.0.10+8) (build 21.0.10+8-LTS-217)
# Java VM: Java HotSpot(TM) 64-Bit Server VM (21.0.10+8-LTS-217, mixed mode, sharing, tiered, compressed oops, compressed class ptrs, g1 gc, windows-amd64)
GC Precious Log:
 CardTable entry size: 512
 Card Set container configuration: InlinePtr #cards 5 size 8 Array Of Cards #cards 12 size 40 Howl #buckets 4 coarsen threshold 1843 Howl Bitmap #cards 512 size 80 coarsen threshold 460 Card regions per heap region 1 cards per card region 2048
 CPUs: 8 total, 8 available
 Memory: 8040M
 Large Page Support: Disabled
 NUMA Support: Disabled
 Compressed Oops: Enabled (32-bit)
 Heap Region Size: 1M
 Heap Min Capacity: 8M
 Heap Initial Capacity: 126M
 Heap Max Capacity: 1G
 Pre-touch: Disabled
 Parallel Workers: 8
 Concurrent Workers: 2
 Concurrent Refinement Workers: 8
 Periodic GC: Disabled
Heap:
 garbage-first heap   total 198656K, used 123300K [0x00000000c0000000, 0x0000000100000000)
  region size 1024K, 7 young (7168K), 4 survivors (4096K)
 Metaspace       used 131052K, committed 132608K, reserved 557056K
  class space    used 14554K, committed 15296K, reserved 425984K
GC Heap History (20 events):
Event: 29.819 GC heap before
{Heap before GC invocations=35 (full 0):
 garbage-first heap   total 150528K, used 136980K [0x00000000c0000000, 0x0000000100000000)
  region size 1024K, 55 young (56320K), 5 survivors (5120K)
 Metaspace       used 109516K, committed 110656K, reserved 557056K
  class space    used 11726K, committed 12288K, reserved 425984K
}
Event: 29.833 GC heap after
{Heap after GC invocations=36 (full 0):
 garbage-first heap   total 150528K, used 87272K [0x00000000c0000000, 0x0000000100000000)
  region size 1024K, 6 young (6144K), 6 survivors (6144K)
 Metaspace       used 109516K, committed 110656K, reserved 557056K
  class space    used 11726K, committed 12288K, reserved 425984K
}
Event: 30.132 GC heap before
{Heap before GC invocations=36 (full 0):
 garbage-first heap   total 150528K, used 95464K [0x00000000c0000000, 0x0000000100000000)
  region size 1024K, 15 young (15360K), 6 survivors (6144K)
 Metaspace       used 109795K, committed 110912K, reserved 557056K
  class space    used 11748K, committed 12288K, reserved 425984K
}
Event: 30.141 GC heap after
{Heap after GC invocations=37 (full 0):
 garbage-first heap   total 150528K, used 87664K [0x00000000c0000000, 0x0000000100000000)
  region size 1024K, 4 young (4096K), 4 survivors (4096K)
 Metaspace       used 109795K, committed 110912K, reserved 557056K
  class space    used 11748K, committed 12288K, reserved 425984K
}
Event: 30.923 GC heap before
{Heap before GC invocations=38 (full 0):
 garbage-first heap   total 158720K, used 141936K [0x00000000c0000000, 0x0000000100000000)
  region size 1024K, 52 young (53248K), 4 survivors (4096K)
 Metaspace       used 109819K, committed 111040K, reserved 557056K
  class space    used 11748K, committed 12288K, reserved 425984K
}
Event: 30.937 GC heap after
{Heap after GC invocations=39 (full 0):
 garbage-first heap   total 160768K, used 106496K [0x00000000c0000000, 0x0000000100000000)
  region size 1024K, 7 young (7168K), 7 survivors (7168K)
 Metaspace       used 109819K, committed 111040K, reserved 557056K
  class space    used 11748K, committed 12288K, reserved 425984K
}
Event: 31.406 GC heap before
{Heap before GC invocations=39 (full 0):
 garbage-first heap   total 160768K, used 141312K [0x00000000c0000000, 0x0000000100000000)
  region size 1024K, 41 young (41984K), 7 survivors (7168K)
 Metaspace       used 109853K, committed 111040K, reserved 557056K
  class space    used 11749K, committed 12288K, reserved 425984K
}
Event: 31.425 GC heap after
{Heap after GC invocations=40 (full 0):
 garbage-first heap   total 160768K, used 113152K [0x00000000c0000000, 0x0000000100000000)
  region size 1024K, 6 young (6144K), 6 survivors (6144K)
 Metaspace       used 109853K, committed 111040K, reserved 557056K
  class space    used 11749K, committed 12288K, reserved 425984K
}
Event: 32.254 GC heap before
{Heap before GC invocations=40 (full 0):
 garbage-first heap   total 160768K, used 141824K [0x00000000c0000000, 0x0000000100000000)
  region size 1024K, 35 young (35840K), 6 survivors (6144K)
 Metaspace       used 111198K, committed 112448K, reserved 557056K
  class space    used 11900K, committed 12480K, reserved 425984K
}
Event: 32.261 GC heap after
{Heap after GC invocations=41 (full 0):
 garbage-first heap   total 160768K, used 115078K [0x00000000c0000000, 0x0000000100000000)
  region size 1024K, 2 young (2048K), 2 survivors (2048K)
 Metaspace       used 111198K, committed 112448K, reserved 557056K
  class space    used 11900K, committed 12480K, reserved 425984K
}
Event: 32.747 GC heap before
{Heap before GC invocations=42 (full 0):
 garbage-first heap   total 198656K, used 143750K [0x00000000c0000000, 0x0000000100000000)
  region size 1024K, 32 young (32768K), 2 survivors (2048K)
 Metaspace       used 111467K, committed 112640K, reserved 557056K
  class space    used 11931K, committed 12480K, reserved 425984K
}
Event: 32.752 GC heap after
{Heap after GC invocations=43 (full 0):
 garbage-first heap   total 198656K, used 113853K [0x00000000c0000000, 0x0000000100000000)
  region size 1024K, 3 young (3072K), 3 survivors (3072K)
 Metaspace       used 111467K, committed 112640K, reserved 557056K
  class space    used 11931K, committed 12480K, reserved 425984K
}
Event: 33.378 GC heap before
{Heap before GC invocations=43 (full 0):
 garbage-first heap   total 198656K, used 177341K [0x00000000c0000000, 0x0000000100000000)
  region size 1024K, 63 young (64512K), 3 survivors (3072K)
 Metaspace       used 111606K, committed 112768K, reserved 557056K
  class space    used 11936K, committed 12480K, reserved 425984K
}
Event: 33.397 GC heap after
{Heap after GC invocations=44 (full 0):
 garbage-first heap   total 198656K, used 109450K [0x00000000c0000000, 0x0000000100000000)
  region size 1024K, 8 young (8192K), 8 survivors (8192K)
 Metaspace       used 111606K, committed 112768K, reserved 557056K
  class space    used 11936K, committed 12480K, reserved 425984K
}
Event: 34.052 GC heap before
{Heap before GC invocations=44 (full 0):
 garbage-first heap   total 198656K, used 169866K [0x00000000c0000000, 0x0000000100000000)
  region size 1024K, 67 young (68608K), 8 survivors (8192K)
 Metaspace       used 112385K, committed 113600K, reserved 557056K
  class space    used 11992K, committed 12608K, reserved 425984K
}
Event: 34.070 GC heap after
{Heap after GC invocations=45 (full 0):
 garbage-first heap   total 198656K, used 106545K [0x00000000c0000000, 0x0000000100000000)
  region size 1024K, 5 young (5120K), 5 survivors (5120K)
 Metaspace       used 112385K, committed 113600K, reserved 557056K
  class space    used 11992K, committed 12608K, reserved 425984K
}
Event: 36.062 GC heap before
{Heap before GC invocations=45 (full 0):
 garbage-first heap   total 198656K, used 173105K [0x00000000c0000000, 0x0000000100000000)
  region size 1024K, 69 young (70656K), 5 survivors (5120K)
 Metaspace       used 122631K, committed 123968K, reserved 557056K
  class space    used 13379K, committed 14016K, reserved 425984K
}
Event: 36.071 GC heap after
{Heap after GC invocations=46 (full 0):
 garbage-first heap   total 198656K, used 117760K [0x00000000c0000000, 0x0000000100000000)
  region size 1024K, 9 young (9216K), 9 survivors (9216K)
 Metaspace       used 122631K, committed 123968K, reserved 557056K
  class space    used 13379K, committed 14016K, reserved 425984K
}
Event: 37.496 GC heap before
{Heap before GC invocations=46 (full 0):
 garbage-first heap   total 198656K, used 173056K [0x00000000c0000000, 0x0000000100000000)
  region size 1024K, 63 young (64512K), 9 survivors (9216K)
 Metaspace       used 132249K, committed 133632K, reserved 557056K
  class space    used 14689K, committed 15360K, reserved 425984K
}
Event: 37.511 GC heap after
{Heap after GC invocations=47 (full 0):
 garbage-first heap   total 198656K, used 122276K [0x00000000c0000000, 0x0000000100000000)
  region size 1024K, 4 young (4096K), 4 survivors (4096K)
 Metaspace       used 132249K, committed 133632K, reserved 557056K
  class space    used 14689K, committed 15360K, reserved 425984K
}

