# JRE version: Java(TM) SE Runtime Environment (21.0.10+8) (build 21.0.10+8-LTS-217)
# Java VM: Java HotSpot(TM) 64-Bit Server VM (21.0.10+8-LTS-217, mixed mode, sharing, tiered, compressed oops, compressed class ptrs, g1 gc, windows-amd64)
GC Precious Log:
 CardTable entry size: 512
 Card Set container configuration: InlinePtr #cards 5 size 8 Array Of Cards #cards 12 size 40 Howl #buckets 4 coarsen threshold 1843 Howl Bitmap #cards 512 size 80 coarsen threshold 460 Card regions per heap region 1 cards per card region 2048
 CPUs: 8 total, 8 available
 Memory: 8040M
 Large Page Support: Disabled
 NUMA Support: Disabled
 Compressed Oops: Enabled (32-bit)
 Heap Region Size: 1M
 Heap Min Capacity: 8M
 Heap Initial Capacity: 126M
 Heap Max Capacity: 2012M
 Pre-touch: Disabled
 Parallel Workers: 8
 Concurrent Workers: 2
 Concurrent Refinement Workers: 8
 Periodic GC: Disabled
Heap:
 garbage-first heap   total 219136K, used 175891K [0x0000000082400000, 0x0000000100000000)
  region size 1024K, 60 young (61440K), 7 survivors (7168K)
 Metaspace       used 120831K, committed 122176K, reserved 1179648K
  class space    used 13140K, committed 13760K, reserved 1048576K
GC Heap History (20 events):
Event: 23.153 GC heap before
{Heap before GC invocations=21 (full 0):
 garbage-first heap   total 184320K, used 158607K [0x0000000082400000, 0x0000000100000000)
  region size 1024K, 94 young (96256K), 13 survivors (13312K)
 Metaspace       used 83109K, committed 84288K, reserved 1179648K
  class space    used 9370K, committed 9920K, reserved 1048576K
}
Event: 23.177 GC heap after
{Heap after GC invocations=22 (full 0):
 garbage-first heap   total 184320K, used 82722K [0x0000000082400000, 0x0000000100000000)
  region size 1024K, 6 young (6144K), 6 survivors (6144K)
 Metaspace       used 83109K, committed 84288K, reserved 1179648K
  class space    used 9370K, committed 9920K, reserved 1048576K
}
Event: 25.412 GC heap before
{Heap before GC invocations=23 (full 0):
 garbage-first heap   total 184320K, used 158498K [0x0000000082400000, 0x0000000100000000)
  region size 1024K, 84 young (86016K), 6 survivors (6144K)
 Metaspace       used 85348K, committed 86528K, reserved 1179648K
  class space    used 9675K, committed 10240K, reserved 1048576K
}
Event: 25.424 GC heap after
{Heap after GC invocations=24 (full 0):
 garbage-first heap   total 184320K, used 81698K [0x0000000082400000, 0x0000000100000000)
  region size 1024K, 9 young (9216K), 9 survivors (9216K)
 Metaspace       used 85348K, committed 86528K, reserved 1179648K
  class space    used 9675K, committed 10240K, reserved 1048576K
}
Event: 27.433 GC heap before
{Heap before GC invocations=24 (full 0):
 garbage-first heap   total 184320K, used 163618K [0x0000000082400000, 0x0000000100000000)
  region size 1024K, 89 young (91136K), 9 survivors (9216K)
 Metaspace       used 95163K, committed 96384K, reserved 1179648K
  class space    used 10613K, committed 11200K, reserved 1048576K
}
Event: 27.452 GC heap after
{Heap after GC invocations=25 (full 0):
 garbage-first heap   total 184320K, used 85318K [0x0000000082400000, 0x0000000100000000)
  region size 1024K, 10 young (10240K), 10 survivors (10240K)
 Metaspace       used 95163K, committed 96384K, reserved 1179648K
  class space    used 10613K, committed 11200K, reserved 1048576K
}
Event: 29.401 GC heap before
{Heap before GC invocations=25 (full 0):
 garbage-first heap   total 184320K, used 164166K [0x0000000082400000, 0x0000000100000000)
  region size 1024K, 87 young (89088K), 10 survivors (10240K)
 Metaspace       used 105879K, committed 107008K, reserved 1179648K
  class space    used 11491K, committed 12032K, reserved 1048576K
}
Event: 29.420 GC heap after
{Heap after GC invocations=26 (full 0):
 garbage-first heap   total 184320K, used 88064K [0x0000000082400000, 0x0000000100000000)
  region size 1024K, 8 young (8192K), 8 survivors (8192K)
 Metaspace       used 105879K, committed 107008K, reserved 1179648K
  class space    used 11491K, committed 12032K, reserved 1048576K
}
Event: 30.959 GC heap before
{Heap before GC invocations=27 (full 0):
 garbage-first heap   total 184320K, used 164864K [0x0000000082400000, 0x0000000100000000)
  region size 1024K, 85 young (87040K), 8 survivors (8192K)
 Metaspace       used 109539K, committed 110720K, reserved 1179648K
  class space    used 11716K, committed 12288K, reserved 1048576K
}
Event: 30.974 GC heap after
{Heap after GC invocations=28 (full 0):
 garbage-first heap   total 184320K, used 90533K [0x0000000082400000, 0x0000000100000000)
  region size 1024K, 8 young (8192K), 8 survivors (8192K)
 Metaspace       used 109539K, committed 110720K, reserved 1179648K
  class space    used 11716K, committed 12288K, reserved 1048576K
}
Event: 32.371 GC heap before
{Heap before GC invocations=28 (full 0):
 garbage-first heap   total 184320K, used 171429K [0x0000000082400000, 0x0000000100000000)
  region size 1024K, 82 young (83968K), 8 survivors (8192K)
 Metaspace       used 109880K, committed 111104K, reserved 1179648K
  class space    used 11739K, committed 12288K, reserved 1048576K
}
Event: 32.397 GC heap after
{Heap after GC invocations=29 (full 0):
 garbage-first heap   total 200704K, used 111008K [0x0000000082400000, 0x0000000100000000)
  region size 1024K, 11 young (11264K), 11 survivors (11264K)
 Metaspace       used 109880K, committed 111104K, reserved 1179648K
  class space    used 11739K, committed 12288K, reserved 1048576K
}
Event: 33.887 GC heap before
{Heap before GC invocations=29 (full 0):
 garbage-first heap   total 200704K, used 171424K [0x0000000082400000, 0x0000000100000000)
  region size 1024K, 71 young (72704K), 11 survivors (11264K)
 Metaspace       used 111427K, committed 112640K, reserved 1179648K
  class space    used 11909K, committed 12480K, reserved 1048576K
}
Event: 33.904 GC heap after
{Heap after GC invocations=30 (full 0):
 garbage-first heap   total 200704K, used 119804K [0x0000000082400000, 0x0000000100000000)
  region size 1024K, 8 young (8192K), 8 survivors (8192K)
 Metaspace       used 111427K, committed 112640K, reserved 1179648K
  class space    used 11909K, committed 12480K, reserved 1048576K
}
Event: 34.782 GC heap before
{Heap before GC invocations=31 (full 0):
 garbage-first heap   total 217088K, used 176124K [0x0000000082400000, 0x0000000100000000)
  region size 1024K, 62 young (63488K), 8 survivors (8192K)
 Metaspace       used 111602K, committed 112768K, reserved 1179648K
  class space    used 11926K, committed 12480K, reserved 1048576K
}
Event: 34.793 GC heap after
{Heap after GC invocations=32 (full 0):
 garbage-first heap   total 217088K, used 126976K [0x0000000082400000, 0x0000000100000000)
  region size 1024K, 8 young (8192K), 8 survivors (8192K)
 Metaspace       used 111602K, committed 112768K, reserved 1179648K
  class space    used 11926K, committed 12480K, reserved 1048576K
}
Event: 35.146 GC heap before
{Heap before GC invocations=32 (full 0):
 garbage-first heap   total 217088K, used 190464K [0x0000000082400000, 0x0000000100000000)
  region size 1024K, 69 young (70656K), 8 survivors (8192K)
 Metaspace       used 111774K, committed 112960K, reserved 1179648K
  class space    used 11926K, committed 12480K, reserved 1048576K
}
Event: 35.157 GC heap after
{Heap after GC invocations=33 (full 0):
 garbage-first heap   total 217088K, used 128913K [0x0000000082400000, 0x0000000100000000)
  region size 1024K, 5 young (5120K), 5 survivors (5120K)
 Metaspace       used 111774K, committed 112960K, reserved 1179648K
  class space    used 11926K, committed 12480K, reserved 1048576K
}
Event: 36.034 GC heap before
{Heap before GC invocations=33 (full 0):
 garbage-first heap   total 217088K, used 165777K [0x0000000082400000, 0x0000000100000000)
  region size 1024K, 42 young (43008K), 5 survivors (5120K)
 Metaspace       used 113576K, committed 114880K, reserved 1179648K
  class space    used 12092K, committed 12736K, reserved 1048576K
}
Event: 36.041 GC heap after
{Heap after GC invocations=34 (full 0):
 garbage-first heap   total 217088K, used 130835K [0x0000000082400000, 0x0000000100000000)
  region size 1024K, 7 young (7168K), 7 survivors (7168K)
 Metaspace       used 113576K, committed 114880K, reserved 1179648K
  class space    used 12092K, committed 12736K, reserved 1048576K
}

