# JRE version: Java(TM) SE Runtime Environment (21.0.10+8) (build 21.0.10+8-LTS-217)
# Java VM: Java HotSpot(TM) 64-Bit Server VM (21.0.10+8-LTS-217, mixed mode, sharing, tiered, compressed oops, compressed class ptrs, g1 gc, windows-amd64)
GC Precious Log:
 CardTable entry size: 512
 Card Set container configuration: InlinePtr #cards 5 size 8 Array Of Cards #cards 12 size 40 Howl #buckets 4 coarsen threshold 1843 Howl Bitmap #cards 512 size 80 coarsen threshold 460 Card regions per heap region 1 cards per card region 2048
 CPUs: 8 total, 8 available
 Memory: 8040M
 Large Page Support: Disabled
 NUMA Support: Disabled
 Compressed Oops: Enabled (32-bit)
 Heap Region Size: 1M
 Heap Min Capacity: 8M
 Heap Initial Capacity: 8M
 Heap Max Capacity: 256M
 Pre-touch: Disabled
 Parallel Workers: 8
 Concurrent Workers: 2
 Concurrent Refinement Workers: 8
 Periodic GC: Disabled
Heap:
 garbage-first heap   total 35840K, used 18483K [0x00000000f0000000, 0x0000000100000000)
  region size 1024K, 1 young (1024K), 1 survivors (1024K)
 Metaspace       used 9223K, committed 9408K, reserved 1114112K
  class space    used 1006K, committed 1088K, reserved 1048576K
GC Heap History (17 events):
Event: 0.185 GC heap before
{Heap before GC invocations=0 (full 0):
 garbage-first heap   total 8192K, used 6144K [0x00000000f0000000, 0x0000000100000000)
  region size 1024K, 3 young (3072K), 0 survivors (0K)
 Metaspace       used 2506K, committed 2624K, reserved 1114112K
  class space    used 278K, committed 320K, reserved 1048576K
}
Event: 0.188 GC heap after
{Heap after GC invocations=1 (full 0):
 garbage-first heap   total 8192K, used 4576K [0x00000000f0000000, 0x0000000100000000)
  region size 1024K, 1 young (1024K), 1 survivors (1024K)
 Metaspace       used 2506K, committed 2624K, reserved 1114112K
  class space    used 278K, committed 320K, reserved 1048576K
}
Event: 0.195 GC heap before
{Heap before GC invocations=1 (full 0):
 garbage-first heap   total 8192K, used 5600K [0x00000000f0000000, 0x0000000100000000)
  region size 1024K, 2 young (2048K), 1 survivors (1024K)
 Metaspace       used 2506K, committed 2624K, reserved 1114112K
  class space    used 278K, committed 320K, reserved 1048576K
}
Event: 0.198 GC heap after
{Heap after GC invocations=2 (full 0):
 garbage-first heap   total 8192K, used 5693K [0x00000000f0000000, 0x0000000100000000)
  region size 1024K, 1 young (1024K), 1 survivors (1024K)
 Metaspace       used 2506K, committed 2624K, reserved 1114112K
  class space    used 278K, committed 320K, reserved 1048576K
}
Event: 0.205 GC heap before
{Heap before GC invocations=3 (full 0):
 garbage-first heap   total 12288K, used 6717K [0x00000000f0000000, 0x0000000100000000)
  region size 1024K, 2 young (2048K), 1 survivors (1024K)
 Metaspace       used 2506K, committed 2624K, reserved 1114112K
  class space    used 278K, committed 320K, reserved 1048576K
}
Event: 0.208 GC heap after
{Heap after GC invocations=4 (full 0):
 garbage-first heap   total 12288K, used 6734K [0x00000000f0000000, 0x0000000100000000)
  region size 1024K, 1 young (1024K), 1 survivors (1024K)
 Metaspace       used 2506K, committed 2624K, reserved 1114112K
  class space    used 278K, committed 320K, reserved 1048576K
}
Event: 0.214 GC heap before
{Heap before GC invocations=4 (full 0):
 garbage-first heap   total 12288K, used 6734K [0x00000000f0000000, 0x0000000100000000)
  region size 1024K, 2 young (2048K), 1 survivors (1024K)
 Metaspace       used 2514K, committed 2624K, reserved 1114112K
  class space    used 280K, committed 320K, reserved 1048576K
}
Event: 0.217 GC heap after
{Heap after GC invocations=5 (full 0):
 garbage-first heap   total 12288K, used 7817K [0x00000000f0000000, 0x0000000100000000)
  region size 1024K, 1 young (1024K), 1 survivors (1024K)
 Metaspace       used 2514K, committed 2624K, reserved 1114112K
  class space    used 280K, committed 320K, reserved 1048576K
}
Event: 0.227 GC heap before
{Heap before GC invocations=6 (full 0):
 garbage-first heap   total 15360K, used 8841K [0x00000000f0000000, 0x0000000100000000)
  region size 1024K, 2 young (2048K), 1 survivors (1024K)
 Metaspace       used 2524K, committed 2624K, reserved 1114112K
  class space    used 280K, committed 320K, reserved 1048576K
}
Event: 0.229 GC heap after
{Heap after GC invocations=7 (full 0):
 garbage-first heap   total 35840K, used 8219K [0x00000000f0000000, 0x0000000100000000)
  region size 1024K, 1 young (1024K), 1 survivors (1024K)
 Metaspace       used 2524K, committed 2624K, reserved 1114112K
  class space    used 280K, committed 320K, reserved 1048576K
}
Event: 0.349 GC heap before
{Heap before GC invocations=7 (full 0):
 garbage-first heap   total 35840K, used 19483K [0x00000000f0000000, 0x0000000100000000)
  region size 1024K, 9 young (9216K), 1 survivors (1024K)
 Metaspace       used 3127K, committed 3328K, reserved 1114112K
  class space    used 342K, committed 448K, reserved 1048576K
}
Event: 0.355 GC heap after
{Heap after GC invocations=8 (full 0):
 garbage-first heap   total 35840K, used 15734K [0x00000000f0000000, 0x0000000100000000)
  region size 1024K, 2 young (2048K), 2 survivors (2048K)
 Metaspace       used 3127K, committed 3328K, reserved 1114112K
  class space    used 342K, committed 448K, reserved 1048576K
}
Event: 0.462 GC heap before
{Heap before GC invocations=8 (full 0):
 garbage-first heap   total 35840K, used 20854K [0x00000000f0000000, 0x0000000100000000)
  region size 1024K, 8 young (8192K), 2 survivors (2048K)
 Metaspace       used 3196K, committed 3392K, reserved 1114112K
  class space    used 342K, committed 448K, reserved 1048576K
}
Event: 0.465 GC heap after
{Heap after GC invocations=9 (full 0):
 garbage-first heap   total 35840K, used 16312K [0x00000000f0000000, 0x0000000100000000)
  region size 1024K, 1 young (1024K), 1 survivors (1024K)
 Metaspace       used 3196K, committed 3392K, reserved 1114112K
  class space    used 342K, committed 448K, reserved 1048576K
}
Event: 0.918 GC heap before
{Heap before GC invocations=9 (full 0):
 garbage-first heap   total 35840K, used 21432K [0x00000000f0000000, 0x0000000100000000)
  region size 1024K, 7 young (7168K), 1 survivors (1024K)
 Metaspace       used 7257K, committed 7488K, reserved 1114112K
  class space    used 822K, committed 960K, reserved 1048576K
}
Event: 0.920 GC heap after
{Heap after GC invocations=10 (full 0):
 garbage-first heap   total 35840K, used 17152K [0x00000000f0000000, 0x0000000100000000)
  region size 1024K, 1 young (1024K), 1 survivors (1024K)
 Metaspace       used 7257K, committed 7488K, reserved 1114112K
  class space    used 822K, committed 960K, reserved 1048576K
}
Event: 1.382 GC heap before
{Heap before GC invocations=11 (full 0):
 garbage-first heap   total 35840K, used 23296K [0x00000000f0000000, 0x0000000100000000)
  region size 1024K, 8 young (8192K), 1 survivors (1024K)
 Metaspace       used 9223K, committed 9408K, reserved 1114112K
  class space    used 1006K, committed 1088K, reserved 1048576K
}

