# JRE version: Java(TM) SE Runtime Environment (21.0.10+8) (build 21.0.10+8-LTS-217)
# Java VM: Java HotSpot(TM) 64-Bit Server VM (21.0.10+8-LTS-217, mixed mode, sharing, tiered, compressed oops, compressed class ptrs, g1 gc, windows-amd64)
GC Precious Log:
 CardTable entry size: 512
 Card Set container configuration: InlinePtr #cards 5 size 8 Array Of Cards #cards 12 size 40 Howl #buckets 4 coarsen threshold 1843 Howl Bitmap #cards 512 size 80 coarsen threshold 460 Card regions per heap region 1 cards per card region 2048
 CPUs: 8 total, 8 available
 Memory: 8040M
 Large Page Support: Disabled
 NUMA Support: Disabled
 Compressed Oops: Enabled (32-bit)
 Heap Region Size: 1M
 Heap Min Capacity: 8M
 Heap Initial Capacity: 126M
 Heap Max Capacity: 2012M
 Pre-touch: Disabled
 Parallel Workers: 8
 Concurrent Workers: 2
 Concurrent Refinement Workers: 8
 Periodic GC: Disabled
Heap:
 garbage-first heap   total 183296K, used 80743K [0x0000000082400000, 0x0000000100000000)
  region size 1024K, 8 young (8192K), 7 survivors (7168K)
 Metaspace       used 84623K, committed 85760K, reserved 1179648K
  class space    used 9569K, committed 10112K, reserved 1048576K
GC Heap History (20 events):
Event: 11.542 GC heap before
{Heap before GC invocations=9 (full 0):
 garbage-first heap   total 150528K, used 123904K [0x0000000082400000, 0x0000000100000000)
  region size 1024K, 71 young (72704K), 2 survivors (2048K)
 Metaspace       used 30629K, committed 31104K, reserved 1114112K
  class space    used 3353K, committed 3584K, reserved 1048576K
}
Event: 11.548 GC heap after
{Heap after GC invocations=10 (full 0):
 garbage-first heap   total 150528K, used 54272K [0x0000000082400000, 0x0000000100000000)
  region size 1024K, 3 young (3072K), 3 survivors (3072K)
 Metaspace       used 30629K, committed 31104K, reserved 1114112K
  class space    used 3353K, committed 3584K, reserved 1048576K
}
Event: 12.717 GC heap before
{Heap before GC invocations=10 (full 0):
 garbage-first heap   total 150528K, used 126976K [0x0000000082400000, 0x0000000100000000)
  region size 1024K, 74 young (75776K), 3 survivors (3072K)
 Metaspace       used 32535K, committed 33088K, reserved 1114112K
  class space    used 3577K, committed 3840K, reserved 1048576K
}
Event: 12.728 GC heap after
{Heap after GC invocations=11 (full 0):
 garbage-first heap   total 150528K, used 56320K [0x0000000082400000, 0x0000000100000000)
  region size 1024K, 5 young (5120K), 5 survivors (5120K)
 Metaspace       used 32535K, committed 33088K, reserved 1114112K
  class space    used 3577K, committed 3840K, reserved 1048576K
}
Event: 14.368 GC heap before
{Heap before GC invocations=11 (full 0):
 garbage-first heap   total 150528K, used 130048K [0x0000000082400000, 0x0000000100000000)
  region size 1024K, 77 young (78848K), 5 survivors (5120K)
 Metaspace       used 33588K, committed 34112K, reserved 1114112K
  class space    used 3645K, committed 3904K, reserved 1048576K
}
Event: 14.386 GC heap after
{Heap after GC invocations=12 (full 0):
 garbage-first heap   total 150528K, used 59160K [0x0000000082400000, 0x0000000100000000)
  region size 1024K, 8 young (8192K), 8 survivors (8192K)
 Metaspace       used 33588K, committed 34112K, reserved 1114112K
  class space    used 3645K, committed 3904K, reserved 1048576K
}
Event: 15.113 GC heap before
{Heap before GC invocations=12 (full 0):
 garbage-first heap   total 150528K, used 99096K [0x0000000082400000, 0x0000000100000000)
  region size 1024K, 36 young (36864K), 8 survivors (8192K)
 Metaspace       used 35915K, committed 36480K, reserved 1114112K
  class space    used 3803K, committed 4096K, reserved 1048576K
}
Event: 15.133 GC heap after
{Heap after GC invocations=13 (full 0):
 garbage-first heap   total 150528K, used 66267K [0x0000000082400000, 0x0000000100000000)
  region size 1024K, 5 young (5120K), 5 survivors (5120K)
 Metaspace       used 35915K, committed 36480K, reserved 1114112K
  class space    used 3803K, committed 4096K, reserved 1048576K
}
Event: 16.875 GC heap before
{Heap before GC invocations=14 (full 0):
 garbage-first heap   total 150528K, used 135899K [0x0000000082400000, 0x0000000100000000)
  region size 1024K, 72 young (73728K), 5 survivors (5120K)
 Metaspace       used 49887K, committed 50624K, reserved 1114112K
  class space    used 5807K, committed 6144K, reserved 1048576K
}
Event: 16.885 GC heap after
{Heap after GC invocations=15 (full 0):
 garbage-first heap   total 150528K, used 72450K [0x0000000082400000, 0x0000000100000000)
  region size 1024K, 9 young (9216K), 9 survivors (9216K)
 Metaspace       used 49887K, committed 50624K, reserved 1114112K
  class space    used 5807K, committed 6144K, reserved 1048576K
}
Event: 17.909 GC heap before
{Heap before GC invocations=15 (full 0):
 garbage-first heap   total 150528K, used 131842K [0x0000000082400000, 0x0000000100000000)
  region size 1024K, 67 young (68608K), 9 survivors (9216K)
 Metaspace       used 56418K, committed 57152K, reserved 1114112K
  class space    used 6695K, committed 7040K, reserved 1048576K
}
Event: 17.928 GC heap after
{Heap after GC invocations=16 (full 0):
 garbage-first heap   total 152576K, used 70481K [0x0000000082400000, 0x0000000100000000)
  region size 1024K, 9 young (9216K), 9 survivors (9216K)
 Metaspace       used 56418K, committed 57152K, reserved 1114112K
  class space    used 6695K, committed 7040K, reserved 1048576K
}
Event: 18.336 GC heap before
{Heap before GC invocations=16 (full 0):
 garbage-first heap   total 152576K, used 99153K [0x0000000082400000, 0x0000000100000000)
  region size 1024K, 38 young (38912K), 9 survivors (9216K)
 Metaspace       used 61127K, committed 61888K, reserved 1114112K
  class space    used 7114K, committed 7488K, reserved 1048576K
}
Event: 18.344 GC heap after
{Heap after GC invocations=17 (full 0):
 garbage-first heap   total 152576K, used 74736K [0x0000000082400000, 0x0000000100000000)
  region size 1024K, 4 young (4096K), 4 survivors (4096K)
 Metaspace       used 61127K, committed 61888K, reserved 1114112K
  class space    used 7114K, committed 7488K, reserved 1048576K
}
Event: 19.226 GC heap before
{Heap before GC invocations=18 (full 0):
 garbage-first heap   total 152576K, used 132080K [0x0000000082400000, 0x0000000100000000)
  region size 1024K, 62 young (63488K), 4 survivors (4096K)
 Metaspace       used 67996K, committed 69120K, reserved 1114112K
  class space    used 8013K, committed 8576K, reserved 1048576K
}
Event: 19.235 GC heap after
{Heap after GC invocations=19 (full 0):
 garbage-first heap   total 152576K, used 76800K [0x0000000082400000, 0x0000000100000000)
  region size 1024K, 8 young (8192K), 8 survivors (8192K)
 Metaspace       used 67996K, committed 69120K, reserved 1114112K
  class space    used 8013K, committed 8576K, reserved 1048576K
}
Event: 20.216 GC heap before
{Heap before GC invocations=19 (full 0):
 garbage-first heap   total 152576K, used 135168K [0x0000000082400000, 0x0000000100000000)
  region size 1024K, 65 young (66560K), 8 survivors (8192K)
 Metaspace       used 73544K, committed 74624K, reserved 1179648K
  class space    used 8631K, committed 9152K, reserved 1048576K
}
Event: 20.230 GC heap after
{Heap after GC invocations=20 (full 0):
 garbage-first heap   total 152576K, used 66835K [0x0000000082400000, 0x0000000100000000)
  region size 1024K, 5 young (5120K), 5 survivors (5120K)
 Metaspace       used 73544K, committed 74624K, reserved 1179648K
  class space    used 8631K, committed 9152K, reserved 1048576K
}
Event: 21.868 GC heap before
{Heap before GC invocations=20 (full 0):
 garbage-first heap   total 152576K, used 134419K [0x0000000082400000, 0x0000000100000000)
  region size 1024K, 71 young (72704K), 5 survivors (5120K)
 Metaspace       used 80571K, committed 81792K, reserved 1179648K
  class space    used 9342K, committed 9920K, reserved 1048576K
}
Event: 21.884 GC heap after
{Heap after GC invocations=21 (full 0):
 garbage-first heap   total 183296K, used 74150K [0x0000000082400000, 0x0000000100000000)
  region size 1024K, 8 young (8192K), 8 survivors (8192K)
 Metaspace       used 80571K, committed 81792K, reserved 1179648K
  class space    used 9342K, committed 9920K, reserved 1048576K
}

