# JRE version: Java(TM) SE Runtime Environment (21.0.10+8) (build 21.0.10+8-LTS-217)
# Java VM: Java HotSpot(TM) 64-Bit Server VM (21.0.10+8-LTS-217, mixed mode, sharing, tiered, compressed oops, compressed class ptrs, g1 gc, windows-amd64)
GC Precious Log:
 CardTable entry size: 512
 Card Set container configuration: InlinePtr #cards 5 size 8 Array Of Cards #cards 12 size 40 Howl #buckets 4 coarsen threshold 1843 Howl Bitmap #cards 512 size 80 coarsen threshold 460 Card regions per heap region 1 cards per card region 2048
 CPUs: 8 total, 8 available
 Memory: 8040M
 Large Page Support: Disabled
 NUMA Support: Disabled
 Compressed Oops: Enabled (32-bit)
 Heap Region Size: 1M
 Heap Min Capacity: 8M
 Heap Initial Capacity: 126M
 Heap Max Capacity: 2012M
 Pre-touch: Disabled
 Parallel Workers: 8
 Concurrent Workers: 2
 Concurrent Refinement Workers: 8
 Periodic GC: Disabled
Heap:
 garbage-first heap   total 145408K, used 67548K [0x0000000082400000, 0x0000000100000000)
  region size 1024K, 7 young (7168K), 7 survivors (7168K)
 Metaspace       used 99915K, committed 100736K, reserved 1179648K
  class space    used 13330K, committed 13696K, reserved 1048576K
GC Heap History (20 events):
Event: 13.515 GC heap after
{Heap after GC invocations=25 (full 0):
 garbage-first heap   total 95232K, used 47367K [0x0000000082400000, 0x0000000100000000)
  region size 1024K, 5 young (5120K), 5 survivors (5120K)
 Metaspace       used 88373K, committed 89024K, reserved 1179648K
  class space    used 11895K, committed 12160K, reserved 1048576K
}
Event: 14.230 GC heap before
{Heap before GC invocations=25 (full 0):
 garbage-first heap   total 95232K, used 83207K [0x0000000082400000, 0x0000000100000000)
  region size 1024K, 40 young (40960K), 5 survivors (5120K)
 Metaspace       used 91539K, committed 92288K, reserved 1179648K
  class space    used 12330K, committed 12672K, reserved 1048576K
}
Event: 14.246 GC heap after
{Heap after GC invocations=26 (full 0):
 garbage-first heap   total 95232K, used 48813K [0x0000000082400000, 0x0000000100000000)
  region size 1024K, 4 young (4096K), 4 survivors (4096K)
 Metaspace       used 91539K, committed 92288K, reserved 1179648K
  class space    used 12330K, committed 12672K, reserved 1048576K
}
Event: 14.795 GC heap before
{Heap before GC invocations=26 (full 0):
 garbage-first heap   total 95232K, used 84653K [0x0000000082400000, 0x0000000100000000)
  region size 1024K, 39 young (39936K), 4 survivors (4096K)
 Metaspace       used 92748K, committed 93504K, reserved 1179648K
  class space    used 12475K, committed 12800K, reserved 1048576K
}
Event: 14.816 GC heap after
{Heap after GC invocations=27 (full 0):
 garbage-first heap   total 114688K, used 52066K [0x0000000082400000, 0x0000000100000000)
  region size 1024K, 5 young (5120K), 5 survivors (5120K)
 Metaspace       used 92748K, committed 93504K, reserved 1179648K
  class space    used 12475K, committed 12800K, reserved 1048576K
}
Event: 15.981 GC heap before
{Heap before GC invocations=28 (full 0):
 garbage-first heap   total 114688K, used 102242K [0x0000000082400000, 0x0000000100000000)
  region size 1024K, 54 young (55296K), 5 survivors (5120K)
 Metaspace       used 95974K, committed 96768K, reserved 1179648K
  class space    used 12913K, committed 13312K, reserved 1048576K
}
Event: 15.999 GC heap after
{Heap after GC invocations=29 (full 0):
 garbage-first heap   total 114688K, used 55204K [0x0000000082400000, 0x0000000100000000)
  region size 1024K, 6 young (6144K), 6 survivors (6144K)
 Metaspace       used 95974K, committed 96768K, reserved 1179648K
  class space    used 12913K, committed 13312K, reserved 1048576K
}
Event: 21.106 GC heap before
{Heap before GC invocations=29 (full 0):
 garbage-first heap   total 114688K, used 101284K [0x0000000082400000, 0x0000000100000000)
  region size 1024K, 51 young (52224K), 6 survivors (6144K)
 Metaspace       used 98789K, committed 99648K, reserved 1179648K
  class space    used 13306K, committed 13696K, reserved 1048576K
}
Event: 21.119 GC heap after
{Heap after GC invocations=30 (full 0):
 garbage-first heap   total 114688K, used 55804K [0x0000000082400000, 0x0000000100000000)
  region size 1024K, 5 young (5120K), 5 survivors (5120K)
 Metaspace       used 98789K, committed 99648K, reserved 1179648K
  class space    used 13306K, committed 13696K, reserved 1048576K
}
Event: 23.997 GC heap before
{Heap before GC invocations=30 (full 0):
 garbage-first heap   total 114688K, used 101884K [0x0000000082400000, 0x0000000100000000)
  region size 1024K, 50 young (51200K), 5 survivors (5120K)
 Metaspace       used 98972K, committed 99840K, reserved 1179648K
  class space    used 13307K, committed 13696K, reserved 1048576K
}
Event: 24.008 GC heap after
{Heap after GC invocations=31 (full 0):
 garbage-first heap   total 114688K, used 60734K [0x0000000082400000, 0x0000000100000000)
  region size 1024K, 7 young (7168K), 7 survivors (7168K)
 Metaspace       used 98972K, committed 99840K, reserved 1179648K
  class space    used 13307K, committed 13696K, reserved 1048576K
}
Event: 24.537 GC heap before
{Heap before GC invocations=32 (full 0):
 garbage-first heap   total 114688K, used 99646K [0x0000000082400000, 0x0000000100000000)
  region size 1024K, 45 young (46080K), 7 survivors (7168K)
 Metaspace       used 99255K, committed 100032K, reserved 1179648K
  class space    used 13308K, committed 13696K, reserved 1048576K
}
Event: 24.549 GC heap after
{Heap after GC invocations=33 (full 0):
 garbage-first heap   total 114688K, used 63488K [0x0000000082400000, 0x0000000100000000)
  region size 1024K, 3 young (3072K), 3 survivors (3072K)
 Metaspace       used 99255K, committed 100032K, reserved 1179648K
  class space    used 13308K, committed 13696K, reserved 1048576K
}
Event: 24.772 GC heap before
{Heap before GC invocations=33 (full 0):
 garbage-first heap   total 114688K, used 104448K [0x0000000082400000, 0x0000000100000000)
  region size 1024K, 43 young (44032K), 3 survivors (3072K)
 Metaspace       used 99591K, committed 100416K, reserved 1179648K
  class space    used 13326K, committed 13696K, reserved 1048576K
}
Event: 24.781 GC heap after
{Heap after GC invocations=34 (full 0):
 garbage-first heap   total 114688K, used 63986K [0x0000000082400000, 0x0000000100000000)
  region size 1024K, 4 young (4096K), 4 survivors (4096K)
 Metaspace       used 99591K, committed 100416K, reserved 1179648K
  class space    used 13326K, committed 13696K, reserved 1048576K
}
Event: 24.903 GC heap before
{Heap before GC invocations=34 (full 0):
 garbage-first heap   total 114688K, used 102898K [0x0000000082400000, 0x0000000100000000)
  region size 1024K, 42 young (43008K), 4 survivors (4096K)
 Metaspace       used 99709K, committed 100480K, reserved 1179648K
  class space    used 13328K, committed 13696K, reserved 1048576K
}
Event: 24.910 GC heap after
{Heap after GC invocations=35 (full 0):
 garbage-first heap   total 114688K, used 64957K [0x0000000082400000, 0x0000000100000000)
  region size 1024K, 3 young (3072K), 3 survivors (3072K)
 Metaspace       used 99709K, committed 100480K, reserved 1179648K
  class space    used 13328K, committed 13696K, reserved 1048576K
}
Event: 25.044 GC heap before
{Heap before GC invocations=36 (full 0):
 garbage-first heap   total 145408K, used 102845K [0x0000000082400000, 0x0000000100000000)
  region size 1024K, 40 young (40960K), 3 survivors (3072K)
 Metaspace       used 99773K, committed 100544K, reserved 1179648K
  class space    used 13329K, committed 13696K, reserved 1048576K
}
Event: 25.049 GC heap after
{Heap after GC invocations=37 (full 0):
 garbage-first heap   total 145408K, used 66029K [0x0000000082400000, 0x0000000100000000)
  region size 1024K, 4 young (4096K), 4 survivors (4096K)
 Metaspace       used 99773K, committed 100544K, reserved 1179648K
  class space    used 13329K, committed 13696K, reserved 1048576K
}
Event: 27.447 GC heap before
{Heap before GC invocations=37 (full 0):
 garbage-first heap   total 145408K, used 132589K [0x0000000082400000, 0x0000000100000000)
  region size 1024K, 69 young (70656K), 4 survivors (4096K)
 Metaspace       used 99915K, committed 100736K, reserved 1179648K
  class space    used 13330K, committed 13696K, reserved 1048576K
}

