# JRE version: Java(TM) SE Runtime Environment (21.0.10+8) (build 21.0.10+8-LTS-217)
# Java VM: Java HotSpot(TM) 64-Bit Server VM (21.0.10+8-LTS-217, mixed mode, sharing, tiered, compressed oops, compressed class ptrs, g1 gc, windows-amd64)
GC Precious Log:
 CardTable entry size: 512
 Card Set container configuration: InlinePtr #cards 5 size 8 Array Of Cards #cards 12 size 40 Howl #buckets 4 coarsen threshold 1843 Howl Bitmap #cards 512 size 80 coarsen threshold 460 Card regions per heap region 1 cards per card region 2048
 CPUs: 8 total, 8 available
 Memory: 8040M
 Large Page Support: Disabled
 NUMA Support: Disabled
 Compressed Oops: Enabled (32-bit)
 Heap Region Size: 1M
 Heap Min Capacity: 8M
 Heap Initial Capacity: 126M
 Heap Max Capacity: 2012M
 Pre-touch: Disabled
 Parallel Workers: 8
 Concurrent Workers: 2
 Concurrent Refinement Workers: 8
 Periodic GC: Disabled
Heap:
 garbage-first heap   total 209920K, used 118233K [0x0000000082400000, 0x0000000100000000)
  region size 1024K, 20 young (20480K), 4 survivors (4096K)
 Metaspace       used 135112K, committed 136448K, reserved 1179648K
  class space    used 14925K, committed 15616K, reserved 1048576K
GC Heap History (20 events):
Event: 29.989 GC heap before
{Heap before GC invocations=27 (full 0):
 garbage-first heap   total 187392K, used 170562K [0x0000000082400000, 0x0000000100000000)
  region size 1024K, 86 young (88064K), 9 survivors (9216K)
 Metaspace       used 109901K, committed 111104K, reserved 1179648K
  class space    used 11743K, committed 12288K, reserved 1048576K
}
Event: 29.998 GC heap after
{Heap after GC invocations=28 (full 0):
 garbage-first heap   total 187392K, used 85238K [0x0000000082400000, 0x0000000100000000)
  region size 1024K, 3 young (3072K), 3 survivors (3072K)
 Metaspace       used 109901K, committed 111104K, reserved 1179648K
  class space    used 11743K, committed 12288K, reserved 1048576K
}
Event: 30.301 GC heap before
{Heap before GC invocations=28 (full 0):
 garbage-first heap   total 187392K, used 96502K [0x0000000082400000, 0x0000000100000000)
  region size 1024K, 15 young (15360K), 3 survivors (3072K)
 Metaspace       used 109924K, committed 111104K, reserved 1179648K
  class space    used 11744K, committed 12288K, reserved 1048576K
}
Event: 30.309 GC heap after
{Heap after GC invocations=29 (full 0):
 garbage-first heap   total 187392K, used 91294K [0x0000000082400000, 0x0000000100000000)
  region size 1024K, 9 young (9216K), 9 survivors (9216K)
 Metaspace       used 109924K, committed 111104K, reserved 1179648K
  class space    used 11744K, committed 12288K, reserved 1048576K
}
Event: 30.849 GC heap before
{Heap before GC invocations=30 (full 0):
 garbage-first heap   total 187392K, used 136350K [0x0000000082400000, 0x0000000100000000)
  region size 1024K, 53 young (54272K), 9 survivors (9216K)
 Metaspace       used 109944K, committed 111104K, reserved 1179648K
  class space    used 11744K, committed 12288K, reserved 1048576K
}
Event: 30.866 GC heap after
{Heap after GC invocations=31 (full 0):
 garbage-first heap   total 187392K, used 105472K [0x0000000082400000, 0x0000000100000000)
  region size 1024K, 7 young (7168K), 7 survivors (7168K)
 Metaspace       used 109944K, committed 111104K, reserved 1179648K
  class space    used 11744K, committed 12288K, reserved 1048576K
}
Event: 31.840 GC heap before
{Heap before GC invocations=31 (full 0):
 garbage-first heap   total 187392K, used 144384K [0x0000000082400000, 0x0000000100000000)
  region size 1024K, 46 young (47104K), 7 survivors (7168K)
 Metaspace       used 110999K, committed 112128K, reserved 1179648K
  class space    used 11867K, committed 12416K, reserved 1048576K
}
Event: 31.849 GC heap after
{Heap after GC invocations=32 (full 0):
 garbage-first heap   total 187392K, used 108268K [0x0000000082400000, 0x0000000100000000)
  region size 1024K, 5 young (5120K), 5 survivors (5120K)
 Metaspace       used 110999K, committed 112128K, reserved 1179648K
  class space    used 11867K, committed 12416K, reserved 1048576K
}
Event: 32.509 GC heap before
{Heap before GC invocations=32 (full 0):
 garbage-first heap   total 187392K, used 150252K [0x0000000082400000, 0x0000000100000000)
  region size 1024K, 46 young (47104K), 5 survivors (5120K)
 Metaspace       used 111594K, committed 112704K, reserved 1179648K
  class space    used 11928K, committed 12480K, reserved 1048576K
}
Event: 32.516 GC heap after
{Heap after GC invocations=33 (full 0):
 garbage-first heap   total 187392K, used 110186K [0x0000000082400000, 0x0000000100000000)
  region size 1024K, 3 young (3072K), 3 survivors (3072K)
 Metaspace       used 111594K, committed 112704K, reserved 1179648K
  class space    used 11928K, committed 12480K, reserved 1048576K
}
Event: 32.660 GC heap before
{Heap before GC invocations=33 (full 0):
 garbage-first heap   total 187392K, used 115306K [0x0000000082400000, 0x0000000100000000)
  region size 1024K, 9 young (9216K), 3 survivors (3072K)
 Metaspace       used 111656K, committed 112768K, reserved 1179648K
  class space    used 11931K, committed 12480K, reserved 1048576K
}
Event: 32.665 GC heap after
{Heap after GC invocations=34 (full 0):
 garbage-first heap   total 187392K, used 111618K [0x0000000082400000, 0x0000000100000000)
  region size 1024K, 4 young (4096K), 4 survivors (4096K)
 Metaspace       used 111656K, committed 112768K, reserved 1179648K
  class space    used 11931K, committed 12480K, reserved 1048576K
}
Event: 32.978 GC heap before
{Heap before GC invocations=35 (full 0):
 garbage-first heap   total 209920K, used 157698K [0x0000000082400000, 0x0000000100000000)
  region size 1024K, 49 young (50176K), 4 survivors (4096K)
 Metaspace       used 111713K, committed 112832K, reserved 1179648K
  class space    used 11931K, committed 12480K, reserved 1048576K
}
Event: 32.992 GC heap after
{Heap after GC invocations=36 (full 0):
 garbage-first heap   total 209920K, used 121856K [0x0000000082400000, 0x0000000100000000)
  region size 1024K, 7 young (7168K), 7 survivors (7168K)
 Metaspace       used 111713K, committed 112832K, reserved 1179648K
  class space    used 11931K, committed 12480K, reserved 1048576K
}
Event: 33.413 GC heap before
{Heap before GC invocations=36 (full 0):
 garbage-first heap   total 209920K, used 174080K [0x0000000082400000, 0x0000000100000000)
  region size 1024K, 57 young (58368K), 7 survivors (7168K)
 Metaspace       used 111836K, committed 113024K, reserved 1179648K
  class space    used 11933K, committed 12544K, reserved 1048576K
}
Event: 33.426 GC heap after
{Heap after GC invocations=37 (full 0):
 garbage-first heap   total 209920K, used 106018K [0x0000000082400000, 0x0000000100000000)
  region size 1024K, 5 young (5120K), 5 survivors (5120K)
 Metaspace       used 111836K, committed 113024K, reserved 1179648K
  class space    used 11933K, committed 12544K, reserved 1048576K
}
Event: 34.763 GC heap before
{Heap before GC invocations=37 (full 0):
 garbage-first heap   total 209920K, used 167458K [0x0000000082400000, 0x0000000100000000)
  region size 1024K, 65 young (66560K), 5 survivors (5120K)
 Metaspace       used 119426K, committed 120768K, reserved 1179648K
  class space    used 12903K, committed 13568K, reserved 1048576K
}
Event: 34.781 GC heap after
{Heap after GC invocations=38 (full 0):
 garbage-first heap   total 209920K, used 99840K [0x0000000082400000, 0x0000000100000000)
  region size 1024K, 9 young (9216K), 9 survivors (9216K)
 Metaspace       used 119426K, committed 120768K, reserved 1179648K
  class space    used 12903K, committed 13568K, reserved 1048576K
}
Event: 36.408 GC heap before
{Heap before GC invocations=38 (full 0):
 garbage-first heap   total 209920K, used 165376K [0x0000000082400000, 0x0000000100000000)
  region size 1024K, 73 young (74752K), 9 survivors (9216K)
 Metaspace       used 131161K, committed 132544K, reserved 1179648K
  class space    used 14531K, committed 15232K, reserved 1048576K
}
Event: 36.433 GC heap after
{Heap after GC invocations=39 (full 0):
 garbage-first heap   total 209920K, used 102873K [0x0000000082400000, 0x0000000100000000)
  region size 1024K, 4 young (4096K), 4 survivors (4096K)
 Metaspace       used 131161K, committed 132544K, reserved 1179648K
  class space    used 14531K, committed 15232K, reserved 1048576K
}

