# JRE version: Java(TM) SE Runtime Environment (21.0.10+8) (build 21.0.10+8-LTS-217)
# Java VM: Java HotSpot(TM) 64-Bit Server VM (21.0.10+8-LTS-217, mixed mode, sharing, tiered, compressed oops, compressed class ptrs, g1 gc, windows-amd64)
GC Precious Log:
 CardTable entry size: 512
 Card Set container configuration: InlinePtr #cards 5 size 8 Array Of Cards #cards 12 size 40 Howl #buckets 4 coarsen threshold 1843 Howl Bitmap #cards 512 size 80 coarsen threshold 460 Card regions per heap region 1 cards per card region 2048
 CPUs: 8 total, 8 available
 Memory: 8040M
 Large Page Support: Disabled
 NUMA Support: Disabled
 Compressed Oops: Enabled (32-bit)
 Heap Region Size: 1M
 Heap Min Capacity: 8M
 Heap Initial Capacity: 126M
 Heap Max Capacity: 1G
 Pre-touch: Disabled
 Parallel Workers: 8
 Concurrent Workers: 2
 Concurrent Refinement Workers: 8
 Periodic GC: Disabled
Heap:
 garbage-first heap   total 159744K, used 102632K [0x00000000c0000000, 0x0000000100000000)
  region size 1024K, 14 young (14336K), 8 survivors (8192K)
 Metaspace       used 109910K, committed 111040K, reserved 344064K
  class space    used 11749K, committed 12288K, reserved 212992K
GC Heap History (20 events):
Event: 18.725 GC heap before
{Heap before GC invocations=20 (full 0):
 garbage-first heap   total 159744K, used 141325K [0x00000000c0000000, 0x0000000100000000)
  region size 1024K, 70 young (71680K), 7 survivors (7168K)
 Metaspace       used 74540K, committed 75584K, reserved 344064K
  class space    used 8716K, committed 9216K, reserved 212992K
}
Event: 18.740 GC heap after
{Heap after GC invocations=21 (full 0):
 garbage-first heap   total 159744K, used 67549K [0x00000000c0000000, 0x0000000100000000)
  region size 1024K, 9 young (9216K), 9 survivors (9216K)
 Metaspace       used 74540K, committed 75584K, reserved 344064K
  class space    used 8716K, committed 9216K, reserved 212992K
}
Event: 20.556 GC heap before
{Heap before GC invocations=21 (full 0):
 garbage-first heap   total 159744K, used 140253K [0x00000000c0000000, 0x0000000100000000)
  region size 1024K, 80 young (81920K), 9 survivors (9216K)
 Metaspace       used 80240K, committed 81408K, reserved 344064K
  class space    used 9258K, committed 9792K, reserved 212992K
}
Event: 20.577 GC heap after
{Heap after GC invocations=22 (full 0):
 garbage-first heap   total 159744K, used 75731K [0x00000000c0000000, 0x0000000100000000)
  region size 1024K, 9 young (9216K), 9 survivors (9216K)
 Metaspace       used 80240K, committed 81408K, reserved 344064K
  class space    used 9258K, committed 9792K, reserved 212992K
}
Event: 21.261 GC heap before
{Heap before GC invocations=22 (full 0):
 garbage-first heap   total 159744K, used 97235K [0x00000000c0000000, 0x0000000100000000)
  region size 1024K, 31 young (31744K), 9 survivors (9216K)
 Metaspace       used 81596K, committed 82688K, reserved 344064K
  class space    used 9331K, committed 9856K, reserved 212992K
}
Event: 21.277 GC heap after
{Heap after GC invocations=23 (full 0):
 garbage-first heap   total 159744K, used 78336K [0x00000000c0000000, 0x0000000100000000)
  region size 1024K, 2 young (2048K), 2 survivors (2048K)
 Metaspace       used 81596K, committed 82688K, reserved 344064K
  class space    used 9331K, committed 9856K, reserved 212992K
}
Event: 22.858 GC heap before
{Heap before GC invocations=24 (full 0):
 garbage-first heap   total 159744K, used 138752K [0x00000000c0000000, 0x0000000100000000)
  region size 1024K, 65 young (66560K), 2 survivors (2048K)
 Metaspace       used 83076K, committed 84160K, reserved 344064K
  class space    used 9379K, committed 9920K, reserved 212992K
}
Event: 22.868 GC heap after
{Heap after GC invocations=25 (full 0):
 garbage-first heap   total 159744K, used 76494K [0x00000000c0000000, 0x0000000100000000)
  region size 1024K, 6 young (6144K), 6 survivors (6144K)
 Metaspace       used 83076K, committed 84160K, reserved 344064K
  class space    used 9379K, committed 9920K, reserved 212992K
}
Event: 24.436 GC heap before
{Heap before GC invocations=25 (full 0):
 garbage-first heap   total 159744K, used 145102K [0x00000000c0000000, 0x0000000100000000)
  region size 1024K, 71 young (72704K), 6 survivors (6144K)
 Metaspace       used 85133K, committed 86208K, reserved 344064K
  class space    used 9667K, committed 10176K, reserved 212992K
}
Event: 24.452 GC heap after
{Heap after GC invocations=26 (full 0):
 garbage-first heap   total 159744K, used 79891K [0x00000000c0000000, 0x0000000100000000)
  region size 1024K, 8 young (8192K), 8 survivors (8192K)
 Metaspace       used 85133K, committed 86208K, reserved 344064K
  class space    used 9667K, committed 10176K, reserved 212992K
}
Event: 25.820 GC heap before
{Heap before GC invocations=26 (full 0):
 garbage-first heap   total 159744K, used 141331K [0x00000000c0000000, 0x0000000100000000)
  region size 1024K, 68 young (69632K), 8 survivors (8192K)
 Metaspace       used 90476K, committed 91648K, reserved 344064K
  class space    used 10139K, committed 10688K, reserved 212992K
}
Event: 25.834 GC heap after
{Heap after GC invocations=27 (full 0):
 garbage-first heap   total 159744K, used 83151K [0x00000000c0000000, 0x0000000100000000)
  region size 1024K, 7 young (7168K), 7 survivors (7168K)
 Metaspace       used 90476K, committed 91648K, reserved 344064K
  class space    used 10139K, committed 10688K, reserved 212992K
}
Event: 27.271 GC heap before
{Heap before GC invocations=28 (full 0):
 garbage-first heap   total 159744K, used 142543K [0x00000000c0000000, 0x0000000100000000)
  region size 1024K, 65 young (66560K), 7 survivors (7168K)
 Metaspace       used 99480K, committed 100608K, reserved 344064K
  class space    used 10994K, committed 11520K, reserved 212992K
}
Event: 27.285 GC heap after
{Heap after GC invocations=29 (full 0):
 garbage-first heap   total 159744K, used 87251K [0x00000000c0000000, 0x0000000100000000)
  region size 1024K, 7 young (7168K), 7 survivors (7168K)
 Metaspace       used 99480K, committed 100608K, reserved 344064K
  class space    used 10994K, committed 11520K, reserved 212992K
}
Event: 28.503 GC heap before
{Heap before GC invocations=29 (full 0):
 garbage-first heap   total 159744K, used 142547K [0x00000000c0000000, 0x0000000100000000)
  region size 1024K, 61 young (62464K), 7 survivors (7168K)
 Metaspace       used 106128K, committed 107328K, reserved 344064K
  class space    used 11527K, committed 12096K, reserved 212992K
}
Event: 28.516 GC heap after
{Heap after GC invocations=30 (full 0):
 garbage-first heap   total 159744K, used 88101K [0x00000000c0000000, 0x0000000100000000)
  region size 1024K, 7 young (7168K), 7 survivors (7168K)
 Metaspace       used 106128K, committed 107328K, reserved 344064K
  class space    used 11527K, committed 12096K, reserved 212992K
}
Event: 29.562 GC heap before
{Heap before GC invocations=30 (full 0):
 garbage-first heap   total 159744K, used 142373K [0x00000000c0000000, 0x0000000100000000)
  region size 1024K, 60 young (61440K), 7 survivors (7168K)
 Metaspace       used 109271K, committed 110464K, reserved 344064K
  class space    used 11723K, committed 12288K, reserved 212992K
}
Event: 29.575 GC heap after
{Heap after GC invocations=31 (full 0):
 garbage-first heap   total 159744K, used 91391K [0x00000000c0000000, 0x0000000100000000)
  region size 1024K, 6 young (6144K), 6 survivors (6144K)
 Metaspace       used 109271K, committed 110464K, reserved 344064K
  class space    used 11723K, committed 12288K, reserved 212992K
}
Event: 31.688 GC heap before
{Heap before GC invocations=32 (full 0):
 garbage-first heap   total 159744K, used 145663K [0x00000000c0000000, 0x0000000100000000)
  region size 1024K, 57 young (58368K), 6 survivors (6144K)
 Metaspace       used 109899K, committed 111040K, reserved 344064K
  class space    used 11749K, committed 12288K, reserved 212992K
}
Event: 31.697 GC heap after
{Heap after GC invocations=33 (full 0):
 garbage-first heap   total 159744K, used 97512K [0x00000000c0000000, 0x0000000100000000)
  region size 1024K, 8 young (8192K), 8 survivors (8192K)
 Metaspace       used 109899K, committed 111040K, reserved 344064K
  class space    used 11749K, committed 12288K, reserved 212992K
}

