# JRE version: Java(TM) SE Runtime Environment (21.0.10+8) (build 21.0.10+8-LTS-217)
# Java VM: Java HotSpot(TM) 64-Bit Server VM (21.0.10+8-LTS-217, mixed mode, sharing, tiered, compressed oops, compressed class ptrs, g1 gc, windows-amd64)
GC Precious Log:
 CardTable entry size: 512
 Card Set container configuration: InlinePtr #cards 5 size 8 Array Of Cards #cards 12 size 40 Howl #buckets 4 coarsen threshold 1843 Howl Bitmap #cards 512 size 80 coarsen threshold 460 Card regions per heap region 1 cards per card region 2048
 CPUs: 8 total, 8 available
 Memory: 8040M
 Large Page Support: Disabled
 NUMA Support: Disabled
 Compressed Oops: Enabled (32-bit)
 Heap Region Size: 1M
 Heap Min Capacity: 8M
 Heap Initial Capacity: 8M
 Heap Max Capacity: 2012M
 Pre-touch: Disabled
 Parallel Workers: 8
 Concurrent Workers: 2
 Concurrent Refinement Workers: 8
 Periodic GC: Disabled
Heap:
 garbage-first heap   total 33792K, used 18762K [0x0000000082400000, 0x0000000100000000)
  region size 1024K, 1 young (1024K), 1 survivors (1024K)
 Metaspace       used 9029K, committed 9216K, reserved 1114112K
  class space    used 977K, committed 1088K, reserved 1048576K
GC Heap History (19 events):
Event: 0.258 GC heap before
{Heap before GC invocations=0 (full 0):
 garbage-first heap   total 8192K, used 6144K [0x0000000082400000, 0x0000000100000000)
  region size 1024K, 3 young (3072K), 0 survivors (0K)
 Metaspace       used 2521K, committed 2624K, reserved 1114112K
  class space    used 279K, committed 320K, reserved 1048576K
}
Event: 0.261 GC heap after
{Heap after GC invocations=1 (full 0):
 garbage-first heap   total 8192K, used 4484K [0x0000000082400000, 0x0000000100000000)
  region size 1024K, 1 young (1024K), 1 survivors (1024K)
 Metaspace       used 2521K, committed 2624K, reserved 1114112K
  class space    used 279K, committed 320K, reserved 1048576K
}
Event: 0.268 GC heap before
{Heap before GC invocations=1 (full 0):
 garbage-first heap   total 8192K, used 5508K [0x0000000082400000, 0x0000000100000000)
  region size 1024K, 2 young (2048K), 1 survivors (1024K)
 Metaspace       used 2521K, committed 2624K, reserved 1114112K
  class space    used 279K, committed 320K, reserved 1048576K
}
Event: 0.272 GC heap after
{Heap after GC invocations=2 (full 0):
 garbage-first heap   total 8192K, used 5580K [0x0000000082400000, 0x0000000100000000)
  region size 1024K, 1 young (1024K), 1 survivors (1024K)
 Metaspace       used 2521K, committed 2624K, reserved 1114112K
  class space    used 279K, committed 320K, reserved 1048576K
}
Event: 0.277 GC heap before
{Heap before GC invocations=3 (full 0):
 garbage-first heap   total 12288K, used 6604K [0x0000000082400000, 0x0000000100000000)
  region size 1024K, 2 young (2048K), 1 survivors (1024K)
 Metaspace       used 2521K, committed 2624K, reserved 1114112K
  class space    used 279K, committed 320K, reserved 1048576K
}
Event: 0.280 GC heap after
{Heap after GC invocations=4 (full 0):
 garbage-first heap   total 12288K, used 6683K [0x0000000082400000, 0x0000000100000000)
  region size 1024K, 1 young (1024K), 1 survivors (1024K)
 Metaspace       used 2521K, committed 2624K, reserved 1114112K
  class space    used 279K, committed 320K, reserved 1048576K
}
Event: 0.284 GC heap before
{Heap before GC invocations=4 (full 0):
 garbage-first heap   total 12288K, used 7707K [0x0000000082400000, 0x0000000100000000)
  region size 1024K, 2 young (2048K), 1 survivors (1024K)
 Metaspace       used 2521K, committed 2624K, reserved 1114112K
  class space    used 279K, committed 320K, reserved 1048576K
}
Event: 0.287 GC heap after
{Heap after GC invocations=5 (full 0):
 garbage-first heap   total 12288K, used 7741K [0x0000000082400000, 0x0000000100000000)
  region size 1024K, 1 young (1024K), 1 survivors (1024K)
 Metaspace       used 2521K, committed 2624K, reserved 1114112K
  class space    used 279K, committed 320K, reserved 1048576K
}
Event: 0.297 GC heap before
{Heap before GC invocations=6 (full 0):
 garbage-first heap   total 15360K, used 8765K [0x0000000082400000, 0x0000000100000000)
  region size 1024K, 2 young (2048K), 1 survivors (1024K)
 Metaspace       used 2534K, committed 2624K, reserved 1114112K
  class space    used 281K, committed 320K, reserved 1048576K
}
Event: 0.300 GC heap after
{Heap after GC invocations=7 (full 0):
 garbage-first heap   total 33792K, used 8244K [0x0000000082400000, 0x0000000100000000)
  region size 1024K, 1 young (1024K), 1 survivors (1024K)
 Metaspace       used 2534K, committed 2624K, reserved 1114112K
  class space    used 281K, committed 320K, reserved 1048576K
}
Event: 0.429 GC heap before
{Heap before GC invocations=7 (full 0):
 garbage-first heap   total 33792K, used 18484K [0x0000000082400000, 0x0000000100000000)
  region size 1024K, 8 young (8192K), 1 survivors (1024K)
 Metaspace       used 3141K, committed 3328K, reserved 1114112K
  class space    used 343K, committed 448K, reserved 1048576K
}
Event: 0.434 GC heap after
{Heap after GC invocations=8 (full 0):
 garbage-first heap   total 33792K, used 15754K [0x0000000082400000, 0x0000000100000000)
  region size 1024K, 1 young (1024K), 1 survivors (1024K)
 Metaspace       used 3141K, committed 3328K, reserved 1114112K
  class space    used 343K, committed 448K, reserved 1048576K
}
Event: 0.441 GC heap before
{Heap before GC invocations=8 (full 0):
 garbage-first heap   total 33792K, used 15754K [0x0000000082400000, 0x0000000100000000)
  region size 1024K, 2 young (2048K), 1 survivors (1024K)
 Metaspace       used 3142K, committed 3328K, reserved 1114112K
  class space    used 343K, committed 448K, reserved 1048576K
}
Event: 0.443 GC heap after
{Heap after GC invocations=9 (full 0):
 garbage-first heap   total 33792K, used 16019K [0x0000000082400000, 0x0000000100000000)
  region size 1024K, 1 young (1024K), 1 survivors (1024K)
 Metaspace       used 3142K, committed 3328K, reserved 1114112K
  class space    used 343K, committed 448K, reserved 1048576K
}
Event: 0.591 GC heap before
{Heap before GC invocations=10 (full 0):
 garbage-first heap   total 33792K, used 21139K [0x0000000082400000, 0x0000000100000000)
  region size 1024K, 6 young (6144K), 1 survivors (1024K)
 Metaspace       used 3196K, committed 3392K, reserved 1114112K
  class space    used 343K, committed 448K, reserved 1048576K
}
Event: 0.592 GC heap after
{Heap after GC invocations=11 (full 0):
 garbage-first heap   total 33792K, used 15999K [0x0000000082400000, 0x0000000100000000)
  region size 1024K, 1 young (1024K), 1 survivors (1024K)
 Metaspace       used 3196K, committed 3392K, reserved 1114112K
  class space    used 343K, committed 448K, reserved 1048576K
}
Event: 0.903 GC heap before
{Heap before GC invocations=11 (full 0):
 garbage-first heap   total 33792K, used 21119K [0x0000000082400000, 0x0000000100000000)
  region size 1024K, 7 young (7168K), 1 survivors (1024K)
 Metaspace       used 7945K, committed 8192K, reserved 1114112K
  class space    used 907K, committed 1024K, reserved 1048576K
}
Event: 0.907 GC heap after
{Heap after GC invocations=12 (full 0):
 garbage-first heap   total 33792K, used 17008K [0x0000000082400000, 0x0000000100000000)
  region size 1024K, 1 young (1024K), 1 survivors (1024K)
 Metaspace       used 7945K, committed 8192K, reserved 1114112K
  class space    used 907K, committed 1024K, reserved 1048576K
}
Event: 1.654 GC heap before
{Heap before GC invocations=12 (full 0):
 garbage-first heap   total 33792K, used 24176K [0x0000000082400000, 0x0000000100000000)
  region size 1024K, 8 young (8192K), 1 survivors (1024K)
 Metaspace       used 9029K, committed 9216K, reserved 1114112K
  class space    used 977K, committed 1088K, reserved 1048576K
}

