# JRE version: Java(TM) SE Runtime Environment (21.0.10+8) (build 21.0.10+8-LTS-217)
# Java VM: Java HotSpot(TM) 64-Bit Server VM (21.0.10+8-LTS-217, mixed mode, sharing, tiered, compressed oops, compressed class ptrs, g1 gc, windows-amd64)
GC Precious Log:
 CardTable entry size: 512
 Card Set container configuration: InlinePtr #cards 5 size 8 Array Of Cards #cards 12 size 40 Howl #buckets 4 coarsen threshold 1843 Howl Bitmap #cards 512 size 80 coarsen threshold 460 Card regions per heap region 1 cards per card region 2048
 CPUs: 8 total, 8 available
 Memory: 8040M
 Large Page Support: Disabled
 NUMA Support: Disabled
 Compressed Oops: Enabled (32-bit)
 Heap Region Size: 1M
 Heap Min Capacity: 8M
 Heap Initial Capacity: 126M
 Heap Max Capacity: 2012M
 Pre-touch: Disabled
 Parallel Workers: 8
 Concurrent Workers: 2
 Concurrent Refinement Workers: 8
 Periodic GC: Disabled
Heap:
 garbage-first heap   total 204800K, used 131405K [0x0000000082400000, 0x0000000100000000)
  region size 1024K, 47 young (48128K), 8 survivors (8192K)
 Metaspace       used 181057K, committed 182528K, reserved 1245184K
  class space    used 21480K, committed 22144K, reserved 1048576K
GC Heap History (20 events):
Event: 26.556 GC heap before
{Heap before GC invocations=32 (full 0):
 garbage-first heap   total 195584K, used 170443K [0x0000000082400000, 0x0000000100000000)
  region size 1024K, 68 young (69632K), 10 survivors (10240K)
 Metaspace       used 108941K, committed 110016K, reserved 1179648K
  class space    used 11767K, committed 12288K, reserved 1048576K
}
Event: 26.575 GC heap after
{Heap after GC invocations=33 (full 0):
 garbage-first heap   total 195584K, used 114600K [0x0000000082400000, 0x0000000100000000)
  region size 1024K, 4 young (4096K), 4 survivors (4096K)
 Metaspace       used 108941K, committed 110016K, reserved 1179648K
  class space    used 11767K, committed 12288K, reserved 1048576K
}
Event: 27.059 GC heap before
{Heap before GC invocations=33 (full 0):
 garbage-first heap   total 195584K, used 130984K [0x0000000082400000, 0x0000000100000000)
  region size 1024K, 21 young (21504K), 4 survivors (4096K)
 Metaspace       used 109306K, committed 110336K, reserved 1179648K
  class space    used 11790K, committed 12288K, reserved 1048576K
}
Event: 27.066 GC heap after
{Heap after GC invocations=34 (full 0):
 garbage-first heap   total 195584K, used 116665K [0x0000000082400000, 0x0000000100000000)
  region size 1024K, 6 young (6144K), 6 survivors (6144K)
 Metaspace       used 109306K, committed 110336K, reserved 1179648K
  class space    used 11790K, committed 12288K, reserved 1048576K
}
Event: 27.530 GC heap before
{Heap before GC invocations=35 (full 0):
 garbage-first heap   total 204800K, used 173497K [0x0000000082400000, 0x0000000100000000)
  region size 1024K, 64 young (65536K), 6 survivors (6144K)
 Metaspace       used 109389K, committed 110464K, reserved 1179648K
  class space    used 11790K, committed 12288K, reserved 1048576K
}
Event: 27.548 GC heap after
{Heap after GC invocations=36 (full 0):
 garbage-first heap   total 204800K, used 127254K [0x0000000082400000, 0x0000000100000000)
  region size 1024K, 8 young (8192K), 8 survivors (8192K)
 Metaspace       used 109389K, committed 110464K, reserved 1179648K
  class space    used 11790K, committed 12288K, reserved 1048576K
}
Event: 28.389 GC heap before
{Heap before GC invocations=36 (full 0):
 garbage-first heap   total 204800K, used 179478K [0x0000000082400000, 0x0000000100000000)
  region size 1024K, 59 young (60416K), 8 survivors (8192K)
 Metaspace       used 110484K, committed 111616K, reserved 1179648K
  class space    used 11878K, committed 12416K, reserved 1048576K
}
Event: 28.404 GC heap after
{Heap after GC invocations=37 (full 0):
 garbage-first heap   total 204800K, used 112366K [0x0000000082400000, 0x0000000100000000)
  region size 1024K, 5 young (5120K), 5 survivors (5120K)
 Metaspace       used 110484K, committed 111616K, reserved 1179648K
  class space    used 11878K, committed 12416K, reserved 1048576K
}
Event: 30.430 GC heap before
{Heap before GC invocations=37 (full 0):
 garbage-first heap   total 204800K, used 177902K [0x0000000082400000, 0x0000000100000000)
  region size 1024K, 68 young (69632K), 5 survivors (5120K)
 Metaspace       used 120897K, committed 122176K, reserved 1179648K
  class space    used 13309K, committed 13888K, reserved 1048576K
}
Event: 30.445 GC heap after
{Heap after GC invocations=38 (full 0):
 garbage-first heap   total 204800K, used 105888K [0x0000000082400000, 0x0000000100000000)
  region size 1024K, 9 young (9216K), 9 survivors (9216K)
 Metaspace       used 120897K, committed 122176K, reserved 1179648K
  class space    used 13309K, committed 13888K, reserved 1048576K
}
Event: 31.872 GC heap before
{Heap before GC invocations=38 (full 0):
 garbage-first heap   total 204800K, used 173472K [0x0000000082400000, 0x0000000100000000)
  region size 1024K, 75 young (76800K), 9 survivors (9216K)
 Metaspace       used 135453K, committed 136704K, reserved 1179648K
  class space    used 15151K, committed 15744K, reserved 1048576K
}
Event: 31.881 GC heap after
{Heap after GC invocations=39 (full 0):
 garbage-first heap   total 204800K, used 107298K [0x0000000082400000, 0x0000000100000000)
  region size 1024K, 5 young (5120K), 5 survivors (5120K)
 Metaspace       used 135453K, committed 136704K, reserved 1179648K
  class space    used 15151K, committed 15744K, reserved 1048576K
}
Event: 33.839 GC heap before
{Heap before GC invocations=39 (full 0):
 garbage-first heap   total 204800K, used 174882K [0x0000000082400000, 0x0000000100000000)
  region size 1024K, 72 young (73728K), 5 survivors (5120K)
 Metaspace       used 142256K, committed 143616K, reserved 1179648K
  class space    used 15989K, committed 16640K, reserved 1048576K
}
Event: 33.848 GC heap after
{Heap after GC invocations=40 (full 0):
 garbage-first heap   total 204800K, used 113059K [0x0000000082400000, 0x0000000100000000)
  region size 1024K, 9 young (9216K), 9 survivors (9216K)
 Metaspace       used 142256K, committed 143616K, reserved 1179648K
  class space    used 15989K, committed 16640K, reserved 1048576K
}
Event: 35.784 GC heap before
{Heap before GC invocations=41 (full 0):
 garbage-first heap   total 204800K, used 169379K [0x0000000082400000, 0x0000000100000000)
  region size 1024K, 75 young (76800K), 9 survivors (9216K)
 Metaspace       used 148052K, committed 149312K, reserved 1245184K
  class space    used 16892K, committed 17472K, reserved 1048576K
}
Event: 35.800 GC heap after
{Heap after GC invocations=42 (full 0):
 garbage-first heap   total 204800K, used 107179K [0x0000000082400000, 0x0000000100000000)
  region size 1024K, 5 young (5120K), 5 survivors (5120K)
 Metaspace       used 148052K, committed 149312K, reserved 1245184K
  class space    used 16892K, committed 17472K, reserved 1048576K
}
Event: 37.809 GC heap before
{Heap before GC invocations=42 (full 0):
 garbage-first heap   total 204800K, used 180907K [0x0000000082400000, 0x0000000100000000)
  region size 1024K, 77 young (78848K), 5 survivors (5120K)
 Metaspace       used 163747K, committed 165120K, reserved 1245184K
  class space    used 18966K, committed 19648K, reserved 1048576K
}
Event: 37.817 GC heap after
{Heap after GC invocations=43 (full 0):
 garbage-first heap   total 204800K, used 88762K [0x0000000082400000, 0x0000000100000000)
  region size 1024K, 8 young (8192K), 8 survivors (8192K)
 Metaspace       used 163747K, committed 165120K, reserved 1245184K
  class space    used 18966K, committed 19648K, reserved 1048576K
}
Event: 39.261 GC heap before
{Heap before GC invocations=43 (full 0):
 garbage-first heap   total 204800K, used 171706K [0x0000000082400000, 0x0000000100000000)
  region size 1024K, 89 young (91136K), 8 survivors (8192K)
 Metaspace       used 177650K, committed 179136K, reserved 1245184K
  class space    used 20992K, committed 21696K, reserved 1048576K
}
Event: 39.270 GC heap after
{Heap after GC invocations=44 (full 0):
 garbage-first heap   total 204800K, used 92493K [0x0000000082400000, 0x0000000100000000)
  region size 1024K, 8 young (8192K), 8 survivors (8192K)
 Metaspace       used 177650K, committed 179136K, reserved 1245184K
  class space    used 20992K, committed 21696K, reserved 1048576K
}

