# JRE version: Java(TM) SE Runtime Environment (21.0.10+8) (build 21.0.10+8-LTS-217)
# Java VM: Java HotSpot(TM) 64-Bit Server VM (21.0.10+8-LTS-217, mixed mode, sharing, tiered, compressed oops, compressed class ptrs, g1 gc, windows-amd64)
GC Precious Log:
 CardTable entry size: 512
 Card Set container configuration: InlinePtr #cards 5 size 8 Array Of Cards #cards 12 size 40 Howl #buckets 4 coarsen threshold 1843 Howl Bitmap #cards 512 size 80 coarsen threshold 460 Card regions per heap region 1 cards per card region 2048
 CPUs: 8 total, 8 available
 Memory: 8040M
 Large Page Support: Disabled
 NUMA Support: Disabled
 Compressed Oops: Enabled (32-bit)
 Heap Region Size: 1M
 Heap Min Capacity: 8M
 Heap Initial Capacity: 126M
 Heap Max Capacity: 2012M
 Pre-touch: Disabled
 Parallel Workers: 8
 Concurrent Workers: 2
 Concurrent Refinement Workers: 8
 Periodic GC: Disabled
Heap:
 garbage-first heap   total 209920K, used 156160K [0x0000000082400000, 0x0000000100000000)
  region size 1024K, 39 young (39936K), 3 survivors (3072K)
 Metaspace       used 114414K, committed 115648K, reserved 1179648K
  class space    used 12220K, committed 12800K, reserved 1048576K
GC Heap History (20 events):
Event: 20.184 GC heap before
{Heap before GC invocations=20 (full 0):
 garbage-first heap   total 204800K, used 165855K [0x0000000082400000, 0x0000000100000000)
  region size 1024K, 93 young (95232K), 7 survivors (7168K)
 Metaspace       used 79480K, committed 80576K, reserved 1179648K
  class space    used 9251K, committed 9792K, reserved 1048576K
}
Event: 20.205 GC heap after
{Heap after GC invocations=21 (full 0):
 garbage-first heap   total 204800K, used 75159K [0x0000000082400000, 0x0000000100000000)
  region size 1024K, 12 young (12288K), 12 survivors (12288K)
 Metaspace       used 79480K, committed 80576K, reserved 1179648K
  class space    used 9251K, committed 9792K, reserved 1048576K
}
Event: 21.773 GC heap before
{Heap before GC invocations=21 (full 0):
 garbage-first heap   total 204800K, used 130455K [0x0000000082400000, 0x0000000100000000)
  region size 1024K, 67 young (68608K), 12 survivors (12288K)
 Metaspace       used 83168K, committed 84288K, reserved 1179648K
  class space    used 9518K, committed 10048K, reserved 1048576K
}
Event: 21.794 GC heap after
{Heap after GC invocations=22 (full 0):
 garbage-first heap   total 204800K, used 80873K [0x0000000082400000, 0x0000000100000000)
  region size 1024K, 5 young (5120K), 5 survivors (5120K)
 Metaspace       used 83168K, committed 84288K, reserved 1179648K
  class space    used 9518K, committed 10048K, reserved 1048576K
}
Event: 24.095 GC heap before
{Heap before GC invocations=23 (full 0):
 garbage-first heap   total 204800K, used 166889K [0x0000000082400000, 0x0000000100000000)
  region size 1024K, 94 young (96256K), 5 survivors (5120K)
 Metaspace       used 83274K, committed 84416K, reserved 1179648K
  class space    used 9401K, committed 9984K, reserved 1048576K
}
Event: 24.107 GC heap after
{Heap after GC invocations=24 (full 0):
 garbage-first heap   total 204800K, used 79872K [0x0000000082400000, 0x0000000100000000)
  region size 1024K, 10 young (10240K), 10 survivors (10240K)
 Metaspace       used 83274K, committed 84416K, reserved 1179648K
  class space    used 9401K, committed 9984K, reserved 1048576K
}
Event: 26.587 GC heap before
{Heap before GC invocations=24 (full 0):
 garbage-first heap   total 204800K, used 175104K [0x0000000082400000, 0x0000000100000000)
  region size 1024K, 101 young (103424K), 10 survivors (10240K)
 Metaspace       used 88304K, committed 89408K, reserved 1179648K
  class space    used 9954K, committed 10496K, reserved 1048576K
}
Event: 26.604 GC heap after
{Heap after GC invocations=25 (full 0):
 garbage-first heap   total 204800K, used 83820K [0x0000000082400000, 0x0000000100000000)
  region size 1024K, 10 young (10240K), 10 survivors (10240K)
 Metaspace       used 88304K, committed 89408K, reserved 1179648K
  class space    used 9954K, committed 10496K, reserved 1048576K
}
Event: 28.147 GC heap before
{Heap before GC invocations=25 (full 0):
 garbage-first heap   total 204800K, used 148332K [0x0000000082400000, 0x0000000100000000)
  region size 1024K, 74 young (75776K), 10 survivors (10240K)
 Metaspace       used 98438K, committed 99520K, reserved 1179648K
  class space    used 10882K, committed 11392K, reserved 1048576K
}
Event: 28.164 GC heap after
{Heap after GC invocations=26 (full 0):
 garbage-first heap   total 204800K, used 88064K [0x0000000082400000, 0x0000000100000000)
  region size 1024K, 9 young (9216K), 9 survivors (9216K)
 Metaspace       used 98438K, committed 99520K, reserved 1179648K
  class space    used 10882K, committed 11392K, reserved 1048576K
}
Event: 30.120 GC heap before
{Heap before GC invocations=27 (full 0):
 garbage-first heap   total 204800K, used 180224K [0x0000000082400000, 0x0000000100000000)
  region size 1024K, 101 young (103424K), 9 survivors (9216K)
 Metaspace       used 108474K, committed 109568K, reserved 1179648K
  class space    used 11686K, committed 12224K, reserved 1048576K
}
Event: 30.135 GC heap after
{Heap after GC invocations=28 (full 0):
 garbage-first heap   total 204800K, used 88956K [0x0000000082400000, 0x0000000100000000)
  region size 1024K, 9 young (9216K), 9 survivors (9216K)
 Metaspace       used 108474K, committed 109568K, reserved 1179648K
  class space    used 11686K, committed 12224K, reserved 1048576K
}
Event: 31.945 GC heap before
{Heap before GC invocations=28 (full 0):
 garbage-first heap   total 204800K, used 188284K [0x0000000082400000, 0x0000000100000000)
  region size 1024K, 101 young (103424K), 9 survivors (9216K)
 Metaspace       used 109659K, committed 110784K, reserved 1179648K
  class space    used 11731K, committed 12288K, reserved 1048576K
}
Event: 31.964 GC heap after
{Heap after GC invocations=29 (full 0):
 garbage-first heap   total 207872K, used 99132K [0x0000000082400000, 0x0000000100000000)
  region size 1024K, 13 young (13312K), 13 survivors (13312K)
 Metaspace       used 109659K, committed 110784K, reserved 1179648K
  class space    used 11731K, committed 12288K, reserved 1048576K
}
Event: 33.456 GC heap before
{Heap before GC invocations=29 (full 0):
 garbage-first heap   total 207872K, used 181052K [0x0000000082400000, 0x0000000100000000)
  region size 1024K, 94 young (96256K), 13 survivors (13312K)
 Metaspace       used 111128K, committed 112256K, reserved 1179648K
  class space    used 11890K, committed 12416K, reserved 1048576K
}
Event: 33.477 GC heap after
{Heap after GC invocations=30 (full 0):
 garbage-first heap   total 209920K, used 113664K [0x0000000082400000, 0x0000000100000000)
  region size 1024K, 12 young (12288K), 12 survivors (12288K)
 Metaspace       used 111128K, committed 112256K, reserved 1179648K
  class space    used 11890K, committed 12416K, reserved 1048576K
}
Event: 34.343 GC heap before
{Heap before GC invocations=31 (full 0):
 garbage-first heap   total 209920K, used 183296K [0x0000000082400000, 0x0000000100000000)
  region size 1024K, 79 young (80896K), 12 survivors (12288K)
 Metaspace       used 111389K, committed 112576K, reserved 1179648K
  class space    used 11919K, committed 12480K, reserved 1048576K
}
Event: 34.358 GC heap after
{Heap after GC invocations=32 (full 0):
 garbage-first heap   total 209920K, used 120832K [0x0000000082400000, 0x0000000100000000)
  region size 1024K, 10 young (10240K), 10 survivors (10240K)
 Metaspace       used 111389K, committed 112576K, reserved 1179648K
  class space    used 11919K, committed 12480K, reserved 1048576K
}
Event: 34.792 GC heap before
{Heap before GC invocations=32 (full 0):
 garbage-first heap   total 209920K, used 183296K [0x0000000082400000, 0x0000000100000000)
  region size 1024K, 71 young (72704K), 10 survivors (10240K)
 Metaspace       used 111535K, committed 112704K, reserved 1179648K
  class space    used 11920K, committed 12480K, reserved 1048576K
}
Event: 34.805 GC heap after
{Heap after GC invocations=33 (full 0):
 garbage-first heap   total 209920K, used 120320K [0x0000000082400000, 0x0000000100000000)
  region size 1024K, 3 young (3072K), 3 survivors (3072K)
 Metaspace       used 111535K, committed 112704K, reserved 1179648K
  class space    used 11920K, committed 12480K, reserved 1048576K
}

