# JRE version: Java(TM) SE Runtime Environment (21.0.10+8) (build 21.0.10+8-LTS-217)
# Java VM: Java HotSpot(TM) 64-Bit Server VM (21.0.10+8-LTS-217, mixed mode, sharing, tiered, compressed oops, compressed class ptrs, g1 gc, windows-amd64)
GC Precious Log:
 CardTable entry size: 512
 Card Set container configuration: InlinePtr #cards 5 size 8 Array Of Cards #cards 12 size 40 Howl #buckets 4 coarsen threshold 1843 Howl Bitmap #cards 512 size 80 coarsen threshold 460 Card regions per heap region 1 cards per card region 2048
 CPUs: 8 total, 8 available
 Memory: 8040M
 Large Page Support: Disabled
 NUMA Support: Disabled
 Compressed Oops: Enabled (32-bit)
 Heap Region Size: 1M
 Heap Min Capacity: 8M
 Heap Initial Capacity: 8M
 Heap Max Capacity: 256M
 Pre-touch: Disabled
 Parallel Workers: 8
 Concurrent Workers: 2
 Concurrent Refinement Workers: 8
 Periodic GC: Disabled
Heap:
 garbage-first heap   total 32768K, used 19303K [0x00000000f0000000, 0x0000000100000000)
  region size 1024K, 1 young (1024K), 1 survivors (1024K)
 Metaspace       used 9456K, committed 9600K, reserved 1114112K
  class space    used 1017K, committed 1088K, reserved 1048576K
GC Heap History (20 events):
Event: 0.284 GC heap after
{Heap after GC invocations=4 (full 0):
 garbage-first heap   total 12288K, used 6682K [0x00000000f0000000, 0x0000000100000000)
  region size 1024K, 1 young (1024K), 1 survivors (1024K)
 Metaspace       used 2522K, committed 2624K, reserved 1114112K
  class space    used 279K, committed 320K, reserved 1048576K
}
Event: 0.292 GC heap before
{Heap before GC invocations=4 (full 0):
 garbage-first heap   total 12288K, used 7706K [0x00000000f0000000, 0x0000000100000000)
  region size 1024K, 2 young (2048K), 1 survivors (1024K)
 Metaspace       used 2522K, committed 2624K, reserved 1114112K
  class space    used 279K, committed 320K, reserved 1048576K
}
Event: 0.296 GC heap after
{Heap after GC invocations=5 (full 0):
 garbage-first heap   total 12288K, used 7745K [0x00000000f0000000, 0x0000000100000000)
  region size 1024K, 1 young (1024K), 1 survivors (1024K)
 Metaspace       used 2522K, committed 2624K, reserved 1114112K
  class space    used 279K, committed 320K, reserved 1048576K
}
Event: 0.308 GC heap before
{Heap before GC invocations=6 (full 0):
 garbage-first heap   total 15360K, used 8769K [0x00000000f0000000, 0x0000000100000000)
  region size 1024K, 2 young (2048K), 1 survivors (1024K)
 Metaspace       used 2535K, committed 2688K, reserved 1114112K
  class space    used 282K, committed 384K, reserved 1048576K
}
Event: 0.311 GC heap after
{Heap after GC invocations=7 (full 0):
 garbage-first heap   total 30720K, used 8341K [0x00000000f0000000, 0x0000000100000000)
  region size 1024K, 1 young (1024K), 1 survivors (1024K)
 Metaspace       used 2535K, committed 2688K, reserved 1114112K
  class space    used 282K, committed 384K, reserved 1048576K
}
Event: 0.423 GC heap before
{Heap before GC invocations=7 (full 0):
 garbage-first heap   total 30720K, used 17557K [0x00000000f0000000, 0x0000000100000000)
  region size 1024K, 7 young (7168K), 1 survivors (1024K)
 Metaspace       used 3075K, committed 3264K, reserved 1114112K
  class space    used 339K, committed 448K, reserved 1048576K
}
Event: 0.432 GC heap after
{Heap after GC invocations=8 (full 0):
 garbage-first heap   total 30720K, used 15752K [0x00000000f0000000, 0x0000000100000000)
  region size 1024K, 1 young (1024K), 1 survivors (1024K)
 Metaspace       used 3075K, committed 3264K, reserved 1114112K
  class space    used 339K, committed 448K, reserved 1048576K
}
Event: 0.479 GC heap before
{Heap before GC invocations=8 (full 0):
 garbage-first heap   total 30720K, used 15752K [0x00000000f0000000, 0x0000000100000000)
  region size 1024K, 3 young (3072K), 1 survivors (1024K)
 Metaspace       used 3142K, committed 3328K, reserved 1114112K
  class space    used 343K, committed 448K, reserved 1048576K
}
Event: 0.482 GC heap after
{Heap after GC invocations=9 (full 0):
 garbage-first heap   total 30720K, used 16086K [0x00000000f0000000, 0x0000000100000000)
  region size 1024K, 1 young (1024K), 1 survivors (1024K)
 Metaspace       used 3142K, committed 3328K, reserved 1114112K
  class space    used 343K, committed 448K, reserved 1048576K
}
Event: 0.586 GC heap before
{Heap before GC invocations=10 (full 0):
 garbage-first heap   total 32768K, used 20182K [0x00000000f0000000, 0x0000000100000000)
  region size 1024K, 5 young (5120K), 1 survivors (1024K)
 Metaspace       used 3191K, committed 3392K, reserved 1114112K
  class space    used 343K, committed 448K, reserved 1048576K
}
Event: 0.587 GC heap after
{Heap after GC invocations=11 (full 0):
 garbage-first heap   total 32768K, used 16053K [0x00000000f0000000, 0x0000000100000000)
  region size 1024K, 1 young (1024K), 1 survivors (1024K)
 Metaspace       used 3191K, committed 3392K, reserved 1114112K
  class space    used 343K, committed 448K, reserved 1048576K
}
Event: 0.957 GC heap before
{Heap before GC invocations=11 (full 0):
 garbage-first heap   total 32768K, used 21173K [0x00000000f0000000, 0x0000000100000000)
  region size 1024K, 7 young (7168K), 1 survivors (1024K)
 Metaspace       used 6827K, committed 7040K, reserved 1114112K
  class space    used 785K, committed 896K, reserved 1048576K
}
Event: 0.961 GC heap after
{Heap after GC invocations=12 (full 0):
 garbage-first heap   total 32768K, used 16737K [0x00000000f0000000, 0x0000000100000000)
  region size 1024K, 1 young (1024K), 1 survivors (1024K)
 Metaspace       used 6827K, committed 7040K, reserved 1114112K
  class space    used 785K, committed 896K, reserved 1048576K
}
Event: 1.440 GC heap before
{Heap before GC invocations=12 (full 0):
 garbage-first heap   total 32768K, used 23905K [0x00000000f0000000, 0x0000000100000000)
  region size 1024K, 8 young (8192K), 1 survivors (1024K)
 Metaspace       used 9003K, committed 9216K, reserved 1114112K
  class space    used 977K, committed 1088K, reserved 1048576K
}
Event: 1.447 GC heap after
{Heap after GC invocations=13 (full 0):
 garbage-first heap   total 32768K, used 18725K [0x00000000f0000000, 0x0000000100000000)
  region size 1024K, 1 young (1024K), 1 survivors (1024K)
 Metaspace       used 9003K, committed 9216K, reserved 1114112K
  class space    used 977K, committed 1088K, reserved 1048576K
}
Event: 1.692 GC heap before
{Heap before GC invocations=14 (full 0):
 garbage-first heap   total 32768K, used 19749K [0x00000000f0000000, 0x0000000100000000)
  region size 1024K, 6 young (6144K), 1 survivors (1024K)
 Metaspace       used 9391K, committed 9536K, reserved 1114112K
  class space    used 1017K, committed 1088K, reserved 1048576K
}
Event: 1.698 GC heap after
{Heap after GC invocations=15 (full 0):
 garbage-first heap   total 32768K, used 16314K [0x00000000f0000000, 0x0000000100000000)
  region size 1024K, 1 young (1024K), 1 survivors (1024K)
 Metaspace       used 9391K, committed 9536K, reserved 1114112K
  class space    used 1017K, committed 1088K, reserved 1048576K
}
Event: 1.803 GC heap before
{Heap before GC invocations=15 (full 0):
 garbage-first heap   total 32768K, used 24506K [0x00000000f0000000, 0x0000000100000000)
  region size 1024K, 8 young (8192K), 1 survivors (1024K)
 Metaspace       used 9452K, committed 9600K, reserved 1114112K
  class space    used 1017K, committed 1088K, reserved 1048576K
}
Event: 1.812 GC heap after
{Heap after GC invocations=16 (full 0):
 garbage-first heap   total 32768K, used 17622K [0x00000000f0000000, 0x0000000100000000)
  region size 1024K, 1 young (1024K), 1 survivors (1024K)
 Metaspace       used 9452K, committed 9600K, reserved 1114112K
  class space    used 1017K, committed 1088K, reserved 1048576K
}
Event: 1.898 GC heap before
{Heap before GC invocations=16 (full 0):
 garbage-first heap   total 32768K, used 23766K [0x00000000f0000000, 0x0000000100000000)
  region size 1024K, 7 young (7168K), 1 survivors (1024K)
 Metaspace       used 9456K, committed 9600K, reserved 1114112K
  class space    used 1017K, committed 1088K, reserved 1048576K
}

