# JRE version: Java(TM) SE Runtime Environment (21.0.10+8) (build 21.0.10+8-LTS-217)
# Java VM: Java HotSpot(TM) 64-Bit Server VM (21.0.10+8-LTS-217, mixed mode, sharing, tiered, compressed oops, compressed class ptrs, g1 gc, windows-amd64)
GC Precious Log:
 CardTable entry size: 512
 Card Set container configuration: InlinePtr #cards 5 size 8 Array Of Cards #cards 12 size 40 Howl #buckets 4 coarsen threshold 1843 Howl Bitmap #cards 512 size 80 coarsen threshold 460 Card regions per heap region 1 cards per card region 2048
 CPUs: 8 total, 8 available
 Memory: 8040M
 Large Page Support: Disabled
 NUMA Support: Disabled
 Compressed Oops: Enabled (32-bit)
 Heap Region Size: 1M
 Heap Min Capacity: 8M
 Heap Initial Capacity: 8M
 Heap Max Capacity: 256M
 Pre-touch: Disabled
 Parallel Workers: 8
 Concurrent Workers: 2
 Concurrent Refinement Workers: 8
 Periodic GC: Disabled
Heap:
 garbage-first heap   total 75776K, used 42856K [0x00000000f0000000, 0x0000000100000000)
  region size 1024K, 6 young (6144K), 3 survivors (3072K)
 Metaspace       used 14614K, committed 14976K, reserved 1114112K
  class space    used 1499K, committed 1728K, reserved 1048576K
GC Heap History (20 events):
Event: 3.373 GC heap after
{Heap after GC invocations=16 (full 0):
 garbage-first heap   total 32768K, used 18144K [0x00000000f0000000, 0x0000000100000000)
  region size 1024K, 1 young (1024K), 1 survivors (1024K)
 Metaspace       used 9466K, committed 9600K, reserved 1114112K
  class space    used 1016K, committed 1088K, reserved 1048576K
}
Event: 3.458 GC heap before
{Heap before GC invocations=16 (full 0):
 garbage-first heap   total 32768K, used 24288K [0x00000000f0000000, 0x0000000100000000)
  region size 1024K, 7 young (7168K), 1 survivors (1024K)
 Metaspace       used 9472K, committed 9600K, reserved 1114112K
  class space    used 1016K, committed 1088K, reserved 1048576K
}
Event: 3.461 GC heap after
{Heap after GC invocations=17 (full 0):
 garbage-first heap   total 32768K, used 19684K [0x00000000f0000000, 0x0000000100000000)
  region size 1024K, 1 young (1024K), 1 survivors (1024K)
 Metaspace       used 9472K, committed 9600K, reserved 1114112K
  class space    used 1016K, committed 1088K, reserved 1048576K
}
Event: 4.574 GC heap before
{Heap before GC invocations=18 (full 0):
 garbage-first heap   total 35840K, used 24804K [0x00000000f0000000, 0x0000000100000000)
  region size 1024K, 7 young (7168K), 1 survivors (1024K)
 Metaspace       used 9484K, committed 9664K, reserved 1114112K
  class space    used 1016K, committed 1088K, reserved 1048576K
}
Event: 4.578 GC heap after
{Heap after GC invocations=19 (full 0):
 garbage-first heap   total 35840K, used 22174K [0x00000000f0000000, 0x0000000100000000)
  region size 1024K, 1 young (1024K), 1 survivors (1024K)
 Metaspace       used 9484K, committed 9664K, reserved 1114112K
  class space    used 1016K, committed 1088K, reserved 1048576K
}
Event: 4.696 GC heap before
{Heap before GC invocations=19 (full 0):
 garbage-first heap   total 35840K, used 28318K [0x00000000f0000000, 0x0000000100000000)
  region size 1024K, 7 young (7168K), 1 survivors (1024K)
 Metaspace       used 9494K, committed 9664K, reserved 1114112K
  class space    used 1016K, committed 1088K, reserved 1048576K
}
Event: 4.703 GC heap after
{Heap after GC invocations=20 (full 0):
 garbage-first heap   total 71680K, used 23680K [0x00000000f0000000, 0x0000000100000000)
  region size 1024K, 1 young (1024K), 1 survivors (1024K)
 Metaspace       used 9494K, committed 9664K, reserved 1114112K
  class space    used 1016K, committed 1088K, reserved 1048576K
}
Event: 5.622 GC heap before
{Heap before GC invocations=20 (full 0):
 garbage-first heap   total 71680K, used 49280K [0x00000000f0000000, 0x0000000100000000)
  region size 1024K, 26 young (26624K), 1 survivors (1024K)
 Metaspace       used 10336K, committed 10496K, reserved 1114112K
  class space    used 1091K, committed 1152K, reserved 1048576K
}
Event: 5.640 GC heap after
{Heap after GC invocations=21 (full 0):
 garbage-first heap   total 71680K, used 31096K [0x00000000f0000000, 0x0000000100000000)
  region size 1024K, 4 young (4096K), 4 survivors (4096K)
 Metaspace       used 10336K, committed 10496K, reserved 1114112K
  class space    used 1091K, committed 1152K, reserved 1048576K
}
Event: 5.778 GC heap before
{Heap before GC invocations=21 (full 0):
 garbage-first heap   total 71680K, used 36216K [0x00000000f0000000, 0x0000000100000000)
  region size 1024K, 10 young (10240K), 4 survivors (4096K)
 Metaspace       used 10474K, committed 10624K, reserved 1114112K
  class space    used 1095K, committed 1152K, reserved 1048576K
}
Event: 5.792 GC heap after
{Heap after GC invocations=22 (full 0):
 garbage-first heap   total 71680K, used 32787K [0x00000000f0000000, 0x0000000100000000)
  region size 1024K, 2 young (2048K), 2 survivors (2048K)
 Metaspace       used 10474K, committed 10624K, reserved 1114112K
  class space    used 1095K, committed 1152K, reserved 1048576K
}
Event: 6.428 GC heap before
{Heap before GC invocations=23 (full 0):
 garbage-first heap   total 71680K, used 55315K [0x00000000f0000000, 0x0000000100000000)
  region size 1024K, 21 young (21504K), 2 survivors (2048K)
 Metaspace       used 10840K, committed 11008K, reserved 1114112K
  class space    used 1109K, committed 1152K, reserved 1048576K
}
Event: 6.444 GC heap after
{Heap after GC invocations=24 (full 0):
 garbage-first heap   total 71680K, used 38602K [0x00000000f0000000, 0x0000000100000000)
  region size 1024K, 3 young (3072K), 3 survivors (3072K)
 Metaspace       used 10840K, committed 11008K, reserved 1114112K
  class space    used 1109K, committed 1152K, reserved 1048576K
}
Event: 7.396 GC heap before
{Heap before GC invocations=24 (full 0):
 garbage-first heap   total 71680K, used 56010K [0x00000000f0000000, 0x0000000100000000)
  region size 1024K, 21 young (21504K), 3 survivors (3072K)
 Metaspace       used 12239K, committed 12416K, reserved 1114112K
  class space    used 1262K, committed 1344K, reserved 1048576K
}
Event: 7.414 GC heap after
{Heap after GC invocations=25 (full 0):
 garbage-first heap   total 71680K, used 39663K [0x00000000f0000000, 0x0000000100000000)
  region size 1024K, 1 young (1024K), 1 survivors (1024K)
 Metaspace       used 12239K, committed 12416K, reserved 1114112K
  class space    used 1262K, committed 1344K, reserved 1048576K
}
Event: 8.052 GC heap before
{Heap before GC invocations=25 (full 0):
 garbage-first heap   total 71680K, used 58095K [0x00000000f0000000, 0x0000000100000000)
  region size 1024K, 20 young (20480K), 1 survivors (1024K)
 Metaspace       used 13596K, committed 13888K, reserved 1114112K
  class space    used 1386K, committed 1536K, reserved 1048576K
}
Event: 8.057 GC heap after
{Heap after GC invocations=26 (full 0):
 garbage-first heap   total 71680K, used 40048K [0x00000000f0000000, 0x0000000100000000)
  region size 1024K, 2 young (2048K), 2 survivors (2048K)
 Metaspace       used 13596K, committed 13888K, reserved 1114112K
  class space    used 1386K, committed 1536K, reserved 1048576K
}
Event: 8.641 GC heap before
{Heap before GC invocations=27 (full 0):
 garbage-first heap   total 73728K, used 60528K [0x00000000f0000000, 0x0000000100000000)
  region size 1024K, 22 young (22528K), 2 survivors (2048K)
 Metaspace       used 14262K, committed 14592K, reserved 1114112K
  class space    used 1471K, committed 1664K, reserved 1048576K
}
Event: 8.650 GC heap after
{Heap after GC invocations=28 (full 0):
 garbage-first heap   total 73728K, used 40687K [0x00000000f0000000, 0x0000000100000000)
  region size 1024K, 2 young (2048K), 2 survivors (2048K)
 Metaspace       used 14262K, committed 14592K, reserved 1114112K
  class space    used 1471K, committed 1664K, reserved 1048576K
}
Event: 14.251 GC heap before
{Heap before GC invocations=28 (full 0):
 garbage-first heap   total 73728K, used 64239K [0x00000000f0000000, 0x0000000100000000)
  region size 1024K, 25 young (25600K), 2 survivors (2048K)
 Metaspace       used 14487K, committed 14848K, reserved 1114112K
  class space    used 1491K, committed 1664K, reserved 1048576K
}

